Your NetID is: zs1542
Your environment is: py38
start working
Mission: Pruning encoder and decoder seperately
We are using the state dict from
 /scratch/zs1542/CV-FinalProject/CVFramework/checkpoints_1211_0/Unet_28.pth
Prune the ENCODER only...
Encoder pruning
 amount: 0 - 1 
method: Global Unstructured L1
AMOUNT:  0.0
Density in Conv2d(3, 64, kernel_size=(3, 3), stride=(1, 1), padding=(1, 1)) : 100.00%
Density in Conv2d(64, 64, kernel_size=(3, 3), stride=(1, 1), padding=(1, 1)) : 100.00%
Density in Conv2d(64, 128, kernel_size=(3, 3), stride=(1, 1), padding=(1, 1)) : 100.00%
Density in Conv2d(128, 128, kernel_size=(3, 3), stride=(1, 1), padding=(1, 1)) : 100.00%
Density in Conv2d(128, 256, kernel_size=(3, 3), stride=(1, 1), padding=(1, 1)) : 100.00%
Density in Conv2d(256, 256, kernel_size=(3, 3), stride=(1, 1), padding=(1, 1)) : 100.00%
Density in Conv2d(256, 512, kernel_size=(3, 3), stride=(1, 1), padding=(1, 1)) : 100.00%
Density in Conv2d(512, 512, kernel_size=(3, 3), stride=(1, 1), padding=(1, 1)) : 100.00%
loss:  1.0848797824647691
acc:  tensor(0.6667, device='cuda:0')
MIOU:  0.16707745904938515
Duration:  4.182829856872559

Saved model to /scratch/zs1542/CV-FinalProject/CVFramework/checkpoints/encoder_0.pth.

AMOUNT:  0.05
Density in Conv2d(3, 64, kernel_size=(3, 3), stride=(1, 1), padding=(1, 1)) : 94.56%
Density in Conv2d(64, 64, kernel_size=(3, 3), stride=(1, 1), padding=(1, 1)) : 95.15%
Density in Conv2d(64, 128, kernel_size=(3, 3), stride=(1, 1), padding=(1, 1)) : 94.98%
Density in Conv2d(128, 128, kernel_size=(3, 3), stride=(1, 1), padding=(1, 1)) : 94.97%
Density in Conv2d(128, 256, kernel_size=(3, 3), stride=(1, 1), padding=(1, 1)) : 95.02%
Density in Conv2d(256, 256, kernel_size=(3, 3), stride=(1, 1), padding=(1, 1)) : 94.97%
Density in Conv2d(256, 512, kernel_size=(3, 3), stride=(1, 1), padding=(1, 1)) : 95.01%
Density in Conv2d(512, 512, kernel_size=(3, 3), stride=(1, 1), padding=(1, 1)) : 95.00%
loss:  1.3276753955417209
acc:  tensor(0.5894, device='cuda:0')
MIOU:  0.12693991432435647
Duration:  3.0412731170654297

Saved model to /scratch/zs1542/CV-FinalProject/CVFramework/checkpoints/encoder_5.pth.

AMOUNT:  0.1
Density in Conv2d(3, 64, kernel_size=(3, 3), stride=(1, 1), padding=(1, 1)) : 90.16%
Density in Conv2d(64, 64, kernel_size=(3, 3), stride=(1, 1), padding=(1, 1)) : 90.00%
Density in Conv2d(64, 128, kernel_size=(3, 3), stride=(1, 1), padding=(1, 1)) : 90.08%
Density in Conv2d(128, 128, kernel_size=(3, 3), stride=(1, 1), padding=(1, 1)) : 90.07%
Density in Conv2d(128, 256, kernel_size=(3, 3), stride=(1, 1), padding=(1, 1)) : 89.96%
Density in Conv2d(256, 256, kernel_size=(3, 3), stride=(1, 1), padding=(1, 1)) : 89.99%
Density in Conv2d(256, 512, kernel_size=(3, 3), stride=(1, 1), padding=(1, 1)) : 89.98%
Density in Conv2d(512, 512, kernel_size=(3, 3), stride=(1, 1), padding=(1, 1)) : 90.01%
loss:  1.4410721990797255
acc:  tensor(0.5484, device='cuda:0')
MIOU:  0.10997068059151763
Duration:  3.049543619155884

Saved model to /scratch/zs1542/CV-FinalProject/CVFramework/checkpoints/encoder_10.pth.

AMOUNT:  0.15000000000000002
Density in Conv2d(3, 64, kernel_size=(3, 3), stride=(1, 1), padding=(1, 1)) : 84.49%
Density in Conv2d(64, 64, kernel_size=(3, 3), stride=(1, 1), padding=(1, 1)) : 84.88%
Density in Conv2d(64, 128, kernel_size=(3, 3), stride=(1, 1), padding=(1, 1)) : 84.84%
Density in Conv2d(128, 128, kernel_size=(3, 3), stride=(1, 1), padding=(1, 1)) : 84.93%
Density in Conv2d(128, 256, kernel_size=(3, 3), stride=(1, 1), padding=(1, 1)) : 85.00%
Density in Conv2d(256, 256, kernel_size=(3, 3), stride=(1, 1), padding=(1, 1)) : 85.10%
Density in Conv2d(256, 512, kernel_size=(3, 3), stride=(1, 1), padding=(1, 1)) : 85.01%
Density in Conv2d(512, 512, kernel_size=(3, 3), stride=(1, 1), padding=(1, 1)) : 84.98%
loss:  2.04286872016059
acc:  tensor(0.3685, device='cuda:0')
MIOU:  0.07176539882829908
Duration:  3.0451552867889404

Saved model to /scratch/zs1542/CV-FinalProject/CVFramework/checkpoints/encoder_15.pth.

AMOUNT:  0.2
Density in Conv2d(3, 64, kernel_size=(3, 3), stride=(1, 1), padding=(1, 1)) : 80.61%
Density in Conv2d(64, 64, kernel_size=(3, 3), stride=(1, 1), padding=(1, 1)) : 79.86%
Density in Conv2d(64, 128, kernel_size=(3, 3), stride=(1, 1), padding=(1, 1)) : 80.12%
Density in Conv2d(128, 128, kernel_size=(3, 3), stride=(1, 1), padding=(1, 1)) : 80.15%
Density in Conv2d(128, 256, kernel_size=(3, 3), stride=(1, 1), padding=(1, 1)) : 79.94%
Density in Conv2d(256, 256, kernel_size=(3, 3), stride=(1, 1), padding=(1, 1)) : 80.01%
Density in Conv2d(256, 512, kernel_size=(3, 3), stride=(1, 1), padding=(1, 1)) : 79.92%
Density in Conv2d(512, 512, kernel_size=(3, 3), stride=(1, 1), padding=(1, 1)) : 80.03%
loss:  1.4733832544750638
acc:  tensor(0.5184, device='cuda:0')
MIOU:  0.10776100092549815
Duration:  3.0385072231292725

Saved model to /scratch/zs1542/CV-FinalProject/CVFramework/checkpoints/encoder_20.pth.

AMOUNT:  0.25
Density in Conv2d(3, 64, kernel_size=(3, 3), stride=(1, 1), padding=(1, 1)) : 74.25%
Density in Conv2d(64, 64, kernel_size=(3, 3), stride=(1, 1), padding=(1, 1)) : 75.02%
Density in Conv2d(64, 128, kernel_size=(3, 3), stride=(1, 1), padding=(1, 1)) : 74.90%
Density in Conv2d(128, 128, kernel_size=(3, 3), stride=(1, 1), padding=(1, 1)) : 74.99%
Density in Conv2d(128, 256, kernel_size=(3, 3), stride=(1, 1), padding=(1, 1)) : 74.92%
Density in Conv2d(256, 256, kernel_size=(3, 3), stride=(1, 1), padding=(1, 1)) : 74.99%
Density in Conv2d(256, 512, kernel_size=(3, 3), stride=(1, 1), padding=(1, 1)) : 75.06%
Density in Conv2d(512, 512, kernel_size=(3, 3), stride=(1, 1), padding=(1, 1)) : 74.99%
loss:  1.5986883375379775
acc:  tensor(0.4285, device='cuda:0')
MIOU:  0.09236634179486879
Duration:  3.0374646186828613

Saved model to /scratch/zs1542/CV-FinalProject/CVFramework/checkpoints/encoder_25.pth.

AMOUNT:  0.30000000000000004
Density in Conv2d(3, 64, kernel_size=(3, 3), stride=(1, 1), padding=(1, 1)) : 68.06%
Density in Conv2d(64, 64, kernel_size=(3, 3), stride=(1, 1), padding=(1, 1)) : 70.06%
Density in Conv2d(64, 128, kernel_size=(3, 3), stride=(1, 1), padding=(1, 1)) : 70.04%
Density in Conv2d(128, 128, kernel_size=(3, 3), stride=(1, 1), padding=(1, 1)) : 69.85%
Density in Conv2d(128, 256, kernel_size=(3, 3), stride=(1, 1), padding=(1, 1)) : 70.17%
Density in Conv2d(256, 256, kernel_size=(3, 3), stride=(1, 1), padding=(1, 1)) : 69.96%
Density in Conv2d(256, 512, kernel_size=(3, 3), stride=(1, 1), padding=(1, 1)) : 69.95%
Density in Conv2d(512, 512, kernel_size=(3, 3), stride=(1, 1), padding=(1, 1)) : 70.02%
loss:  1.7793162200185988
acc:  tensor(0.4149, device='cuda:0')
MIOU:  0.08810935163210207
Duration:  3.043597936630249

Saved model to /scratch/zs1542/CV-FinalProject/CVFramework/checkpoints/encoder_30.pth.

AMOUNT:  0.35000000000000003
Density in Conv2d(3, 64, kernel_size=(3, 3), stride=(1, 1), padding=(1, 1)) : 61.52%
Density in Conv2d(64, 64, kernel_size=(3, 3), stride=(1, 1), padding=(1, 1)) : 64.94%
Density in Conv2d(64, 128, kernel_size=(3, 3), stride=(1, 1), padding=(1, 1)) : 64.66%
Density in Conv2d(128, 128, kernel_size=(3, 3), stride=(1, 1), padding=(1, 1)) : 64.92%
Density in Conv2d(128, 256, kernel_size=(3, 3), stride=(1, 1), padding=(1, 1)) : 65.15%
Density in Conv2d(256, 256, kernel_size=(3, 3), stride=(1, 1), padding=(1, 1)) : 64.97%
Density in Conv2d(256, 512, kernel_size=(3, 3), stride=(1, 1), padding=(1, 1)) : 65.06%
Density in Conv2d(512, 512, kernel_size=(3, 3), stride=(1, 1), padding=(1, 1)) : 64.98%
loss:  2.0106967422697277
acc:  tensor(0.3276, device='cuda:0')
MIOU:  0.058665225810321124
Duration:  3.0393447875976562

Saved model to /scratch/zs1542/CV-FinalProject/CVFramework/checkpoints/encoder_35.pth.

AMOUNT:  0.4
Density in Conv2d(3, 64, kernel_size=(3, 3), stride=(1, 1), padding=(1, 1)) : 58.56%
Density in Conv2d(64, 64, kernel_size=(3, 3), stride=(1, 1), padding=(1, 1)) : 60.50%
Density in Conv2d(64, 128, kernel_size=(3, 3), stride=(1, 1), padding=(1, 1)) : 59.75%
Density in Conv2d(128, 128, kernel_size=(3, 3), stride=(1, 1), padding=(1, 1)) : 59.81%
Density in Conv2d(128, 256, kernel_size=(3, 3), stride=(1, 1), padding=(1, 1)) : 59.92%
Density in Conv2d(256, 256, kernel_size=(3, 3), stride=(1, 1), padding=(1, 1)) : 59.91%
Density in Conv2d(256, 512, kernel_size=(3, 3), stride=(1, 1), padding=(1, 1)) : 60.07%
Density in Conv2d(512, 512, kernel_size=(3, 3), stride=(1, 1), padding=(1, 1)) : 60.01%
loss:  2.1394976642396717
acc:  tensor(0.3452, device='cuda:0')
MIOU:  0.06328375100759959
Duration:  3.038076400756836

Saved model to /scratch/zs1542/CV-FinalProject/CVFramework/checkpoints/encoder_40.pth.

AMOUNT:  0.45
Density in Conv2d(3, 64, kernel_size=(3, 3), stride=(1, 1), padding=(1, 1)) : 56.42%
Density in Conv2d(64, 64, kernel_size=(3, 3), stride=(1, 1), padding=(1, 1)) : 54.95%
Density in Conv2d(64, 128, kernel_size=(3, 3), stride=(1, 1), padding=(1, 1)) : 54.73%
Density in Conv2d(128, 128, kernel_size=(3, 3), stride=(1, 1), padding=(1, 1)) : 54.93%
Density in Conv2d(128, 256, kernel_size=(3, 3), stride=(1, 1), padding=(1, 1)) : 54.92%
Density in Conv2d(256, 256, kernel_size=(3, 3), stride=(1, 1), padding=(1, 1)) : 54.93%
Density in Conv2d(256, 512, kernel_size=(3, 3), stride=(1, 1), padding=(1, 1)) : 55.01%
Density in Conv2d(512, 512, kernel_size=(3, 3), stride=(1, 1), padding=(1, 1)) : 55.03%
loss:  2.891777296861013
acc:  tensor(0.2520, device='cuda:0')
MIOU:  0.028473790739302188
Duration:  3.046074867248535

Saved model to /scratch/zs1542/CV-FinalProject/CVFramework/checkpoints/encoder_45.pth.

AMOUNT:  0.5
Density in Conv2d(3, 64, kernel_size=(3, 3), stride=(1, 1), padding=(1, 1)) : 49.36%
Density in Conv2d(64, 64, kernel_size=(3, 3), stride=(1, 1), padding=(1, 1)) : 49.92%
Density in Conv2d(64, 128, kernel_size=(3, 3), stride=(1, 1), padding=(1, 1)) : 50.06%
Density in Conv2d(128, 128, kernel_size=(3, 3), stride=(1, 1), padding=(1, 1)) : 50.12%
Density in Conv2d(128, 256, kernel_size=(3, 3), stride=(1, 1), padding=(1, 1)) : 50.19%
Density in Conv2d(256, 256, kernel_size=(3, 3), stride=(1, 1), padding=(1, 1)) : 49.94%
Density in Conv2d(256, 512, kernel_size=(3, 3), stride=(1, 1), padding=(1, 1)) : 50.00%
Density in Conv2d(512, 512, kernel_size=(3, 3), stride=(1, 1), padding=(1, 1)) : 49.98%
loss:  2.157157474093967
acc:  tensor(0.2980, device='cuda:0')
MIOU:  0.039676008777634914
Duration:  3.0510904788970947

Saved model to /scratch/zs1542/CV-FinalProject/CVFramework/checkpoints/encoder_50.pth.

AMOUNT:  0.55
Density in Conv2d(3, 64, kernel_size=(3, 3), stride=(1, 1), padding=(1, 1)) : 44.68%
Density in Conv2d(64, 64, kernel_size=(3, 3), stride=(1, 1), padding=(1, 1)) : 45.39%
Density in Conv2d(64, 128, kernel_size=(3, 3), stride=(1, 1), padding=(1, 1)) : 45.17%
Density in Conv2d(128, 128, kernel_size=(3, 3), stride=(1, 1), padding=(1, 1)) : 45.10%
Density in Conv2d(128, 256, kernel_size=(3, 3), stride=(1, 1), padding=(1, 1)) : 44.97%
Density in Conv2d(256, 256, kernel_size=(3, 3), stride=(1, 1), padding=(1, 1)) : 45.02%
Density in Conv2d(256, 512, kernel_size=(3, 3), stride=(1, 1), padding=(1, 1)) : 44.95%
Density in Conv2d(512, 512, kernel_size=(3, 3), stride=(1, 1), padding=(1, 1)) : 45.01%
loss:  2.596115469932556
acc:  tensor(0.2600, device='cuda:0')
MIOU:  0.029154866979325473
Duration:  3.0431087017059326

Saved model to /scratch/zs1542/CV-FinalProject/CVFramework/checkpoints/encoder_55.pth.

AMOUNT:  0.6000000000000001
Density in Conv2d(3, 64, kernel_size=(3, 3), stride=(1, 1), padding=(1, 1)) : 38.48%
Density in Conv2d(64, 64, kernel_size=(3, 3), stride=(1, 1), padding=(1, 1)) : 40.04%
Density in Conv2d(64, 128, kernel_size=(3, 3), stride=(1, 1), padding=(1, 1)) : 40.23%
Density in Conv2d(128, 128, kernel_size=(3, 3), stride=(1, 1), padding=(1, 1)) : 40.02%
Density in Conv2d(128, 256, kernel_size=(3, 3), stride=(1, 1), padding=(1, 1)) : 40.01%
Density in Conv2d(256, 256, kernel_size=(3, 3), stride=(1, 1), padding=(1, 1)) : 39.99%
Density in Conv2d(256, 512, kernel_size=(3, 3), stride=(1, 1), padding=(1, 1)) : 40.00%
Density in Conv2d(512, 512, kernel_size=(3, 3), stride=(1, 1), padding=(1, 1)) : 39.99%
loss:  1.973731776078542
acc:  tensor(0.4018, device='cuda:0')
MIOU:  0.04442878570982156
Duration:  3.0433082580566406

Saved model to /scratch/zs1542/CV-FinalProject/CVFramework/checkpoints/encoder_60.pth.

AMOUNT:  0.65
Density in Conv2d(3, 64, kernel_size=(3, 3), stride=(1, 1), padding=(1, 1)) : 33.91%
Density in Conv2d(64, 64, kernel_size=(3, 3), stride=(1, 1), padding=(1, 1)) : 35.16%
Density in Conv2d(64, 128, kernel_size=(3, 3), stride=(1, 1), padding=(1, 1)) : 35.15%
Density in Conv2d(128, 128, kernel_size=(3, 3), stride=(1, 1), padding=(1, 1)) : 35.09%
Density in Conv2d(128, 256, kernel_size=(3, 3), stride=(1, 1), padding=(1, 1)) : 34.90%
Density in Conv2d(256, 256, kernel_size=(3, 3), stride=(1, 1), padding=(1, 1)) : 34.96%
Density in Conv2d(256, 512, kernel_size=(3, 3), stride=(1, 1), padding=(1, 1)) : 34.97%
Density in Conv2d(512, 512, kernel_size=(3, 3), stride=(1, 1), padding=(1, 1)) : 35.02%
loss:  2.2328727775149875
acc:  tensor(0.4040, device='cuda:0')
MIOU:  0.04229286812131909
Duration:  3.040692090988159

Saved model to /scratch/zs1542/CV-FinalProject/CVFramework/checkpoints/encoder_65.pth.

AMOUNT:  0.7000000000000001
Density in Conv2d(3, 64, kernel_size=(3, 3), stride=(1, 1), padding=(1, 1)) : 31.89%
Density in Conv2d(64, 64, kernel_size=(3, 3), stride=(1, 1), padding=(1, 1)) : 29.58%
Density in Conv2d(64, 128, kernel_size=(3, 3), stride=(1, 1), padding=(1, 1)) : 30.12%
Density in Conv2d(128, 128, kernel_size=(3, 3), stride=(1, 1), padding=(1, 1)) : 29.95%
Density in Conv2d(128, 256, kernel_size=(3, 3), stride=(1, 1), padding=(1, 1)) : 30.00%
Density in Conv2d(256, 256, kernel_size=(3, 3), stride=(1, 1), padding=(1, 1)) : 29.95%
Density in Conv2d(256, 512, kernel_size=(3, 3), stride=(1, 1), padding=(1, 1)) : 30.06%
Density in Conv2d(512, 512, kernel_size=(3, 3), stride=(1, 1), padding=(1, 1)) : 29.99%
loss:  2.1029317445225186
acc:  tensor(0.4163, device='cuda:0')
MIOU:  0.044290592030465654
Duration:  3.0449700355529785

Saved model to /scratch/zs1542/CV-FinalProject/CVFramework/checkpoints/encoder_70.pth.

AMOUNT:  0.75
Density in Conv2d(3, 64, kernel_size=(3, 3), stride=(1, 1), padding=(1, 1)) : 24.42%
Density in Conv2d(64, 64, kernel_size=(3, 3), stride=(1, 1), padding=(1, 1)) : 24.98%
Density in Conv2d(64, 128, kernel_size=(3, 3), stride=(1, 1), padding=(1, 1)) : 24.83%
Density in Conv2d(128, 128, kernel_size=(3, 3), stride=(1, 1), padding=(1, 1)) : 25.07%
Density in Conv2d(128, 256, kernel_size=(3, 3), stride=(1, 1), padding=(1, 1)) : 25.12%
Density in Conv2d(256, 256, kernel_size=(3, 3), stride=(1, 1), padding=(1, 1)) : 25.05%
Density in Conv2d(256, 512, kernel_size=(3, 3), stride=(1, 1), padding=(1, 1)) : 24.92%
Density in Conv2d(512, 512, kernel_size=(3, 3), stride=(1, 1), padding=(1, 1)) : 25.01%
loss:  2.2339073750707836
acc:  tensor(0.2988, device='cuda:0')
MIOU:  0.03306088755892037
Duration:  3.049978733062744

Saved model to /scratch/zs1542/CV-FinalProject/CVFramework/checkpoints/encoder_75.pth.

AMOUNT:  0.8
Density in Conv2d(3, 64, kernel_size=(3, 3), stride=(1, 1), padding=(1, 1)) : 21.18%
Density in Conv2d(64, 64, kernel_size=(3, 3), stride=(1, 1), padding=(1, 1)) : 19.89%
Density in Conv2d(64, 128, kernel_size=(3, 3), stride=(1, 1), padding=(1, 1)) : 19.89%
Density in Conv2d(128, 128, kernel_size=(3, 3), stride=(1, 1), padding=(1, 1)) : 19.81%
Density in Conv2d(128, 256, kernel_size=(3, 3), stride=(1, 1), padding=(1, 1)) : 19.94%
Density in Conv2d(256, 256, kernel_size=(3, 3), stride=(1, 1), padding=(1, 1)) : 20.03%
Density in Conv2d(256, 512, kernel_size=(3, 3), stride=(1, 1), padding=(1, 1)) : 20.03%
Density in Conv2d(512, 512, kernel_size=(3, 3), stride=(1, 1), padding=(1, 1)) : 20.00%
loss:  2.370231999291314
acc:  tensor(0.2610, device='cuda:0')
MIOU:  0.02546660108378026
Duration:  3.0452613830566406

Saved model to /scratch/zs1542/CV-FinalProject/CVFramework/checkpoints/encoder_80.pth.

AMOUNT:  0.8500000000000001
Density in Conv2d(3, 64, kernel_size=(3, 3), stride=(1, 1), padding=(1, 1)) : 12.96%
Density in Conv2d(64, 64, kernel_size=(3, 3), stride=(1, 1), padding=(1, 1)) : 15.16%
Density in Conv2d(64, 128, kernel_size=(3, 3), stride=(1, 1), padding=(1, 1)) : 14.98%
Density in Conv2d(128, 128, kernel_size=(3, 3), stride=(1, 1), padding=(1, 1)) : 14.99%
Density in Conv2d(128, 256, kernel_size=(3, 3), stride=(1, 1), padding=(1, 1)) : 14.85%
Density in Conv2d(256, 256, kernel_size=(3, 3), stride=(1, 1), padding=(1, 1)) : 15.08%
Density in Conv2d(256, 512, kernel_size=(3, 3), stride=(1, 1), padding=(1, 1)) : 15.06%
Density in Conv2d(512, 512, kernel_size=(3, 3), stride=(1, 1), padding=(1, 1)) : 14.97%
loss:  2.1256034308009677
acc:  tensor(0.4312, device='cuda:0')
MIOU:  0.0402197579009841
Duration:  3.047252893447876

Saved model to /scratch/zs1542/CV-FinalProject/CVFramework/checkpoints/encoder_85.pth.

AMOUNT:  0.9
Density in Conv2d(3, 64, kernel_size=(3, 3), stride=(1, 1), padding=(1, 1)) : 9.61%
Density in Conv2d(64, 64, kernel_size=(3, 3), stride=(1, 1), padding=(1, 1)) : 10.25%
Density in Conv2d(64, 128, kernel_size=(3, 3), stride=(1, 1), padding=(1, 1)) : 9.84%
Density in Conv2d(128, 128, kernel_size=(3, 3), stride=(1, 1), padding=(1, 1)) : 10.04%
Density in Conv2d(128, 256, kernel_size=(3, 3), stride=(1, 1), padding=(1, 1)) : 10.02%
Density in Conv2d(256, 256, kernel_size=(3, 3), stride=(1, 1), padding=(1, 1)) : 10.01%
Density in Conv2d(256, 512, kernel_size=(3, 3), stride=(1, 1), padding=(1, 1)) : 10.00%
Density in Conv2d(512, 512, kernel_size=(3, 3), stride=(1, 1), padding=(1, 1)) : 9.99%
loss:  2.314258893330892
acc:  tensor(0.3895, device='cuda:0')
MIOU:  0.031075335819907585
Duration:  3.0528042316436768

Saved model to /scratch/zs1542/CV-FinalProject/CVFramework/checkpoints/encoder_90.pth.

AMOUNT:  0.9500000000000001
Density in Conv2d(3, 64, kernel_size=(3, 3), stride=(1, 1), padding=(1, 1)) : 4.98%
Density in Conv2d(64, 64, kernel_size=(3, 3), stride=(1, 1), padding=(1, 1)) : 4.83%
Density in Conv2d(64, 128, kernel_size=(3, 3), stride=(1, 1), padding=(1, 1)) : 4.95%
Density in Conv2d(128, 128, kernel_size=(3, 3), stride=(1, 1), padding=(1, 1)) : 5.04%
Density in Conv2d(128, 256, kernel_size=(3, 3), stride=(1, 1), padding=(1, 1)) : 4.96%
Density in Conv2d(256, 256, kernel_size=(3, 3), stride=(1, 1), padding=(1, 1)) : 5.00%
Density in Conv2d(256, 512, kernel_size=(3, 3), stride=(1, 1), padding=(1, 1)) : 5.01%
Density in Conv2d(512, 512, kernel_size=(3, 3), stride=(1, 1), padding=(1, 1)) : 5.00%
loss:  2.310483694076538
acc:  tensor(0.4012, device='cuda:0')
MIOU:  0.022851263250225233
Duration:  3.04197359085083

Saved model to /scratch/zs1542/CV-FinalProject/CVFramework/checkpoints/encoder_95.pth.

AMOUNT:  1.0
Density in Conv2d(3, 64, kernel_size=(3, 3), stride=(1, 1), padding=(1, 1)) : 0.00%
Density in Conv2d(64, 64, kernel_size=(3, 3), stride=(1, 1), padding=(1, 1)) : 0.00%
Density in Conv2d(64, 128, kernel_size=(3, 3), stride=(1, 1), padding=(1, 1)) : 0.00%
Density in Conv2d(128, 128, kernel_size=(3, 3), stride=(1, 1), padding=(1, 1)) : 0.00%
Density in Conv2d(128, 256, kernel_size=(3, 3), stride=(1, 1), padding=(1, 1)) : 0.00%
Density in Conv2d(256, 256, kernel_size=(3, 3), stride=(1, 1), padding=(1, 1)) : 0.00%
Density in Conv2d(256, 512, kernel_size=(3, 3), stride=(1, 1), padding=(1, 1)) : 0.00%
Density in Conv2d(512, 512, kernel_size=(3, 3), stride=(1, 1), padding=(1, 1)) : 0.00%
loss:  2.2906052271525064
acc:  tensor(0.4012, device='cuda:0')
MIOU:  0.02324060997312458
Duration:  3.026597499847412

Saved model to /scratch/zs1542/CV-FinalProject/CVFramework/checkpoints/encoder_100.pth.

{0.0: (1.0848797824647691, tensor(0.6667, device='cuda:0'), 0.16707745904938515, 4.182829856872559), 0.05: (1.3276753955417209, tensor(0.5894, device='cuda:0'), 0.12693991432435647, 3.0412731170654297), 0.1: (1.4410721990797255, tensor(0.5484, device='cuda:0'), 0.10997068059151763, 3.049543619155884), 0.15000000000000002: (2.04286872016059, tensor(0.3685, device='cuda:0'), 0.07176539882829908, 3.0451552867889404), 0.2: (1.4733832544750638, tensor(0.5184, device='cuda:0'), 0.10776100092549815, 3.0385072231292725), 0.25: (1.5986883375379775, tensor(0.4285, device='cuda:0'), 0.09236634179486879, 3.0374646186828613), 0.30000000000000004: (1.7793162200185988, tensor(0.4149, device='cuda:0'), 0.08810935163210207, 3.043597936630249), 0.35000000000000003: (2.0106967422697277, tensor(0.3276, device='cuda:0'), 0.058665225810321124, 3.0393447875976562), 0.4: (2.1394976642396717, tensor(0.3452, device='cuda:0'), 0.06328375100759959, 3.038076400756836), 0.45: (2.891777296861013, tensor(0.2520, device='cuda:0'), 0.028473790739302188, 3.046074867248535), 0.5: (2.157157474093967, tensor(0.2980, device='cuda:0'), 0.039676008777634914, 3.0510904788970947), 0.55: (2.596115469932556, tensor(0.2600, device='cuda:0'), 0.029154866979325473, 3.0431087017059326), 0.6000000000000001: (1.973731776078542, tensor(0.4018, device='cuda:0'), 0.04442878570982156, 3.0433082580566406), 0.65: (2.2328727775149875, tensor(0.4040, device='cuda:0'), 0.04229286812131909, 3.040692090988159), 0.7000000000000001: (2.1029317445225186, tensor(0.4163, device='cuda:0'), 0.044290592030465654, 3.0449700355529785), 0.75: (2.2339073750707836, tensor(0.2988, device='cuda:0'), 0.03306088755892037, 3.049978733062744), 0.8: (2.370231999291314, tensor(0.2610, device='cuda:0'), 0.02546660108378026, 3.0452613830566406), 0.8500000000000001: (2.1256034308009677, tensor(0.4312, device='cuda:0'), 0.0402197579009841, 3.047252893447876), 0.9: (2.314258893330892, tensor(0.3895, device='cuda:0'), 0.031075335819907585, 3.0528042316436768), 0.9500000000000001: (2.310483694076538, tensor(0.4012, device='cuda:0'), 0.022851263250225233, 3.04197359085083), 1.0: (2.2906052271525064, tensor(0.4012, device='cuda:0'), 0.02324060997312458, 3.026597499847412)}
Prune the DECODER only...
Density in ConvTranspose2d(128, 64, kernel_size=(2, 2), stride=(2, 2)) : 100.00%
Density in ConvTranspose2d(256, 128, kernel_size=(2, 2), stride=(2, 2)) : 100.00%
Density in ConvTranspose2d(512, 256, kernel_size=(2, 2), stride=(2, 2)) : 100.00%
Density in ConvTranspose2d(1024, 512, kernel_size=(2, 2), stride=(2, 2)) : 100.00%
Density in Conv2d(128, 64, kernel_size=(3, 3), stride=(1, 1), padding=(1, 1)) : 100.00%
Density in Conv2d(64, 64, kernel_size=(3, 3), stride=(1, 1), padding=(1, 1)) : 100.00%
Density in Conv2d(256, 128, kernel_size=(3, 3), stride=(1, 1), padding=(1, 1)) : 100.00%
Density in Conv2d(128, 128, kernel_size=(3, 3), stride=(1, 1), padding=(1, 1)) : 100.00%
Density in Conv2d(512, 256, kernel_size=(3, 3), stride=(1, 1), padding=(1, 1)) : 100.00%
Density in Conv2d(256, 256, kernel_size=(3, 3), stride=(1, 1), padding=(1, 1)) : 100.00%
Density in Conv2d(1024, 512, kernel_size=(3, 3), stride=(1, 1), padding=(1, 1)) : 100.00%
Density in Conv2d(512, 512, kernel_size=(3, 3), stride=(1, 1), padding=(1, 1)) : 100.00%
loss:  1.084879759285185
acc:  0.6667152775658501
MIOU:  0.15560611608930214
Duration:  3.053161382675171

Saved model to /scratch/zs1542/CV-FinalProject/CVFramework/checkpoints/decoder_0.pth.

Density in ConvTranspose2d(128, 64, kernel_size=(2, 2), stride=(2, 2)) : 95.04%
Density in ConvTranspose2d(256, 128, kernel_size=(2, 2), stride=(2, 2)) : 95.00%
Density in ConvTranspose2d(512, 256, kernel_size=(2, 2), stride=(2, 2)) : 94.96%
Density in ConvTranspose2d(1024, 512, kernel_size=(2, 2), stride=(2, 2)) : 95.00%
Density in Conv2d(128, 64, kernel_size=(3, 3), stride=(1, 1), padding=(1, 1)) : 95.09%
Density in Conv2d(64, 64, kernel_size=(3, 3), stride=(1, 1), padding=(1, 1)) : 95.07%
Density in Conv2d(256, 128, kernel_size=(3, 3), stride=(1, 1), padding=(1, 1)) : 95.00%
Density in Conv2d(128, 128, kernel_size=(3, 3), stride=(1, 1), padding=(1, 1)) : 94.97%
Density in Conv2d(512, 256, kernel_size=(3, 3), stride=(1, 1), padding=(1, 1)) : 95.03%
Density in Conv2d(256, 256, kernel_size=(3, 3), stride=(1, 1), padding=(1, 1)) : 95.01%
Density in Conv2d(1024, 512, kernel_size=(3, 3), stride=(1, 1), padding=(1, 1)) : 95.01%
Density in Conv2d(512, 512, kernel_size=(3, 3), stride=(1, 1), padding=(1, 1)) : 94.97%
loss:  1.0953856044345431
acc:  0.6661776403586069
MIOU:  0.1647117540106057
Duration:  3.0540122985839844

Saved model to /scratch/zs1542/CV-FinalProject/CVFramework/checkpoints/decoder_5.pth.

Density in ConvTranspose2d(128, 64, kernel_size=(2, 2), stride=(2, 2)) : 90.07%
Density in ConvTranspose2d(256, 128, kernel_size=(2, 2), stride=(2, 2)) : 89.98%
Density in ConvTranspose2d(512, 256, kernel_size=(2, 2), stride=(2, 2)) : 90.01%
Density in ConvTranspose2d(1024, 512, kernel_size=(2, 2), stride=(2, 2)) : 89.96%
Density in Conv2d(128, 64, kernel_size=(3, 3), stride=(1, 1), padding=(1, 1)) : 89.89%
Density in Conv2d(64, 64, kernel_size=(3, 3), stride=(1, 1), padding=(1, 1)) : 89.88%
Density in Conv2d(256, 128, kernel_size=(3, 3), stride=(1, 1), padding=(1, 1)) : 90.10%
Density in Conv2d(128, 128, kernel_size=(3, 3), stride=(1, 1), padding=(1, 1)) : 90.04%
Density in Conv2d(512, 256, kernel_size=(3, 3), stride=(1, 1), padding=(1, 1)) : 89.99%
Density in Conv2d(256, 256, kernel_size=(3, 3), stride=(1, 1), padding=(1, 1)) : 89.93%
Density in Conv2d(1024, 512, kernel_size=(3, 3), stride=(1, 1), padding=(1, 1)) : 90.01%
Density in Conv2d(512, 512, kernel_size=(3, 3), stride=(1, 1), padding=(1, 1)) : 90.02%
loss:  1.1250625848770142
acc:  0.6656626512606939
MIOU:  0.1649588368458211
Duration:  3.0520832538604736

Saved model to /scratch/zs1542/CV-FinalProject/CVFramework/checkpoints/decoder_10.pth.

Density in ConvTranspose2d(128, 64, kernel_size=(2, 2), stride=(2, 2)) : 84.97%
Density in ConvTranspose2d(256, 128, kernel_size=(2, 2), stride=(2, 2)) : 84.95%
Density in ConvTranspose2d(512, 256, kernel_size=(2, 2), stride=(2, 2)) : 85.01%
Density in ConvTranspose2d(1024, 512, kernel_size=(2, 2), stride=(2, 2)) : 85.02%
Density in Conv2d(128, 64, kernel_size=(3, 3), stride=(1, 1), padding=(1, 1)) : 84.94%
Density in Conv2d(64, 64, kernel_size=(3, 3), stride=(1, 1), padding=(1, 1)) : 85.17%
Density in Conv2d(256, 128, kernel_size=(3, 3), stride=(1, 1), padding=(1, 1)) : 84.97%
Density in Conv2d(128, 128, kernel_size=(3, 3), stride=(1, 1), padding=(1, 1)) : 85.16%
Density in Conv2d(512, 256, kernel_size=(3, 3), stride=(1, 1), padding=(1, 1)) : 84.98%
Density in Conv2d(256, 256, kernel_size=(3, 3), stride=(1, 1), padding=(1, 1)) : 85.04%
Density in Conv2d(1024, 512, kernel_size=(3, 3), stride=(1, 1), padding=(1, 1)) : 84.97%
Density in Conv2d(512, 512, kernel_size=(3, 3), stride=(1, 1), padding=(1, 1)) : 85.03%
loss:  1.1443295180797577
acc:  0.6647751463784112
MIOU:  0.16598982874979248
Duration:  3.046769857406616

Saved model to /scratch/zs1542/CV-FinalProject/CVFramework/checkpoints/decoder_15.pth.

Density in ConvTranspose2d(128, 64, kernel_size=(2, 2), stride=(2, 2)) : 79.90%
Density in ConvTranspose2d(256, 128, kernel_size=(2, 2), stride=(2, 2)) : 80.13%
Density in ConvTranspose2d(512, 256, kernel_size=(2, 2), stride=(2, 2)) : 79.98%
Density in ConvTranspose2d(1024, 512, kernel_size=(2, 2), stride=(2, 2)) : 80.00%
Density in Conv2d(128, 64, kernel_size=(3, 3), stride=(1, 1), padding=(1, 1)) : 79.79%
Density in Conv2d(64, 64, kernel_size=(3, 3), stride=(1, 1), padding=(1, 1)) : 80.01%
Density in Conv2d(256, 128, kernel_size=(3, 3), stride=(1, 1), padding=(1, 1)) : 79.90%
Density in Conv2d(128, 128, kernel_size=(3, 3), stride=(1, 1), padding=(1, 1)) : 79.97%
Density in Conv2d(512, 256, kernel_size=(3, 3), stride=(1, 1), padding=(1, 1)) : 80.04%
Density in Conv2d(256, 256, kernel_size=(3, 3), stride=(1, 1), padding=(1, 1)) : 80.00%
Density in Conv2d(1024, 512, kernel_size=(3, 3), stride=(1, 1), padding=(1, 1)) : 80.01%
Density in Conv2d(512, 512, kernel_size=(3, 3), stride=(1, 1), padding=(1, 1)) : 79.97%
loss:  1.1894197066624959
acc:  0.6585759884781308
MIOU:  0.15212978137310232
Duration:  3.0519917011260986

Saved model to /scratch/zs1542/CV-FinalProject/CVFramework/checkpoints/decoder_20.pth.

Density in ConvTranspose2d(128, 64, kernel_size=(2, 2), stride=(2, 2)) : 74.72%
Density in ConvTranspose2d(256, 128, kernel_size=(2, 2), stride=(2, 2)) : 75.05%
Density in ConvTranspose2d(512, 256, kernel_size=(2, 2), stride=(2, 2)) : 75.07%
Density in ConvTranspose2d(1024, 512, kernel_size=(2, 2), stride=(2, 2)) : 75.03%
Density in Conv2d(128, 64, kernel_size=(3, 3), stride=(1, 1), padding=(1, 1)) : 75.16%
Density in Conv2d(64, 64, kernel_size=(3, 3), stride=(1, 1), padding=(1, 1)) : 75.29%
Density in Conv2d(256, 128, kernel_size=(3, 3), stride=(1, 1), padding=(1, 1)) : 74.98%
Density in Conv2d(128, 128, kernel_size=(3, 3), stride=(1, 1), padding=(1, 1)) : 75.00%
Density in Conv2d(512, 256, kernel_size=(3, 3), stride=(1, 1), padding=(1, 1)) : 74.99%
Density in Conv2d(256, 256, kernel_size=(3, 3), stride=(1, 1), padding=(1, 1)) : 75.04%
Density in Conv2d(1024, 512, kernel_size=(3, 3), stride=(1, 1), padding=(1, 1)) : 74.97%
Density in Conv2d(512, 512, kernel_size=(3, 3), stride=(1, 1), padding=(1, 1)) : 75.01%
loss:  1.2705360849698384
acc:  0.6683584153652191
MIOU:  0.16114949936089992
Duration:  3.0482900142669678

Saved model to /scratch/zs1542/CV-FinalProject/CVFramework/checkpoints/decoder_25.pth.

Density in ConvTranspose2d(128, 64, kernel_size=(2, 2), stride=(2, 2)) : 70.16%
Density in ConvTranspose2d(256, 128, kernel_size=(2, 2), stride=(2, 2)) : 69.99%
Density in ConvTranspose2d(512, 256, kernel_size=(2, 2), stride=(2, 2)) : 69.98%
Density in ConvTranspose2d(1024, 512, kernel_size=(2, 2), stride=(2, 2)) : 70.03%
Density in Conv2d(128, 64, kernel_size=(3, 3), stride=(1, 1), padding=(1, 1)) : 69.74%
Density in Conv2d(64, 64, kernel_size=(3, 3), stride=(1, 1), padding=(1, 1)) : 70.29%
Density in Conv2d(256, 128, kernel_size=(3, 3), stride=(1, 1), padding=(1, 1)) : 70.10%
Density in Conv2d(128, 128, kernel_size=(3, 3), stride=(1, 1), padding=(1, 1)) : 69.91%
Density in Conv2d(512, 256, kernel_size=(3, 3), stride=(1, 1), padding=(1, 1)) : 70.00%
Density in Conv2d(256, 256, kernel_size=(3, 3), stride=(1, 1), padding=(1, 1)) : 69.95%
Density in Conv2d(1024, 512, kernel_size=(3, 3), stride=(1, 1), padding=(1, 1)) : 70.00%
Density in Conv2d(512, 512, kernel_size=(3, 3), stride=(1, 1), padding=(1, 1)) : 69.98%
loss:  1.353934433725145
acc:  0.6654822296566434
MIOU:  0.16143464021046292
Duration:  3.057391405105591

Saved model to /scratch/zs1542/CV-FinalProject/CVFramework/checkpoints/decoder_30.pth.

Density in ConvTranspose2d(128, 64, kernel_size=(2, 2), stride=(2, 2)) : 65.46%
Density in ConvTranspose2d(256, 128, kernel_size=(2, 2), stride=(2, 2)) : 65.20%
Density in ConvTranspose2d(512, 256, kernel_size=(2, 2), stride=(2, 2)) : 65.00%
Density in ConvTranspose2d(1024, 512, kernel_size=(2, 2), stride=(2, 2)) : 64.97%
Density in Conv2d(128, 64, kernel_size=(3, 3), stride=(1, 1), padding=(1, 1)) : 65.06%
Density in Conv2d(64, 64, kernel_size=(3, 3), stride=(1, 1), padding=(1, 1)) : 65.26%
Density in Conv2d(256, 128, kernel_size=(3, 3), stride=(1, 1), padding=(1, 1)) : 65.15%
Density in Conv2d(128, 128, kernel_size=(3, 3), stride=(1, 1), padding=(1, 1)) : 64.85%
Density in Conv2d(512, 256, kernel_size=(3, 3), stride=(1, 1), padding=(1, 1)) : 64.96%
Density in Conv2d(256, 256, kernel_size=(3, 3), stride=(1, 1), padding=(1, 1)) : 65.17%
Density in Conv2d(1024, 512, kernel_size=(3, 3), stride=(1, 1), padding=(1, 1)) : 64.99%
Density in Conv2d(512, 512, kernel_size=(3, 3), stride=(1, 1), padding=(1, 1)) : 64.99%
loss:  1.4317869080437555
acc:  0.6559665434890323
MIOU:  0.14696880161386394
Duration:  3.0560195446014404

Saved model to /scratch/zs1542/CV-FinalProject/CVFramework/checkpoints/decoder_35.pth.

Density in ConvTranspose2d(128, 64, kernel_size=(2, 2), stride=(2, 2)) : 60.23%
Density in ConvTranspose2d(256, 128, kernel_size=(2, 2), stride=(2, 2)) : 59.70%
Density in ConvTranspose2d(512, 256, kernel_size=(2, 2), stride=(2, 2)) : 60.02%
Density in ConvTranspose2d(1024, 512, kernel_size=(2, 2), stride=(2, 2)) : 59.94%
Density in Conv2d(128, 64, kernel_size=(3, 3), stride=(1, 1), padding=(1, 1)) : 60.07%
Density in Conv2d(64, 64, kernel_size=(3, 3), stride=(1, 1), padding=(1, 1)) : 60.45%
Density in Conv2d(256, 128, kernel_size=(3, 3), stride=(1, 1), padding=(1, 1)) : 60.10%
Density in Conv2d(128, 128, kernel_size=(3, 3), stride=(1, 1), padding=(1, 1)) : 59.78%
Density in Conv2d(512, 256, kernel_size=(3, 3), stride=(1, 1), padding=(1, 1)) : 60.05%
Density in Conv2d(256, 256, kernel_size=(3, 3), stride=(1, 1), padding=(1, 1)) : 59.98%
Density in Conv2d(1024, 512, kernel_size=(3, 3), stride=(1, 1), padding=(1, 1)) : 60.00%
Density in Conv2d(512, 512, kernel_size=(3, 3), stride=(1, 1), padding=(1, 1)) : 60.03%
loss:  1.5921247800191243
acc:  0.6524061527517107
MIOU:  0.14934285736627922
Duration:  3.057530164718628

Saved model to /scratch/zs1542/CV-FinalProject/CVFramework/checkpoints/decoder_40.pth.

Density in ConvTranspose2d(128, 64, kernel_size=(2, 2), stride=(2, 2)) : 55.29%
Density in ConvTranspose2d(256, 128, kernel_size=(2, 2), stride=(2, 2)) : 54.94%
Density in ConvTranspose2d(512, 256, kernel_size=(2, 2), stride=(2, 2)) : 54.98%
Density in ConvTranspose2d(1024, 512, kernel_size=(2, 2), stride=(2, 2)) : 55.01%
Density in Conv2d(128, 64, kernel_size=(3, 3), stride=(1, 1), padding=(1, 1)) : 55.09%
Density in Conv2d(64, 64, kernel_size=(3, 3), stride=(1, 1), padding=(1, 1)) : 55.00%
Density in Conv2d(256, 128, kernel_size=(3, 3), stride=(1, 1), padding=(1, 1)) : 55.00%
Density in Conv2d(128, 128, kernel_size=(3, 3), stride=(1, 1), padding=(1, 1)) : 55.02%
Density in Conv2d(512, 256, kernel_size=(3, 3), stride=(1, 1), padding=(1, 1)) : 54.98%
Density in Conv2d(256, 256, kernel_size=(3, 3), stride=(1, 1), padding=(1, 1)) : 54.97%
Density in Conv2d(1024, 512, kernel_size=(3, 3), stride=(1, 1), padding=(1, 1)) : 55.00%
Density in Conv2d(512, 512, kernel_size=(3, 3), stride=(1, 1), padding=(1, 1)) : 55.00%
loss:  1.6294051806132
acc:  0.6524479786554972
MIOU:  0.1463543776095693
Duration:  3.057213544845581

Saved model to /scratch/zs1542/CV-FinalProject/CVFramework/checkpoints/decoder_45.pth.

Density in ConvTranspose2d(128, 64, kernel_size=(2, 2), stride=(2, 2)) : 50.16%
Density in ConvTranspose2d(256, 128, kernel_size=(2, 2), stride=(2, 2)) : 49.98%
Density in ConvTranspose2d(512, 256, kernel_size=(2, 2), stride=(2, 2)) : 49.93%
Density in ConvTranspose2d(1024, 512, kernel_size=(2, 2), stride=(2, 2)) : 50.07%
Density in Conv2d(128, 64, kernel_size=(3, 3), stride=(1, 1), padding=(1, 1)) : 50.22%
Density in Conv2d(64, 64, kernel_size=(3, 3), stride=(1, 1), padding=(1, 1)) : 49.33%
Density in Conv2d(256, 128, kernel_size=(3, 3), stride=(1, 1), padding=(1, 1)) : 49.88%
Density in Conv2d(128, 128, kernel_size=(3, 3), stride=(1, 1), padding=(1, 1)) : 50.24%
Density in Conv2d(512, 256, kernel_size=(3, 3), stride=(1, 1), padding=(1, 1)) : 49.98%
Density in Conv2d(256, 256, kernel_size=(3, 3), stride=(1, 1), padding=(1, 1)) : 50.03%
Density in Conv2d(1024, 512, kernel_size=(3, 3), stride=(1, 1), padding=(1, 1)) : 50.00%
Density in Conv2d(512, 512, kernel_size=(3, 3), stride=(1, 1), padding=(1, 1)) : 49.95%
loss:  1.9242537021636963
acc:  0.6560649673144022
MIOU:  0.15586219772289034
Duration:  3.0533573627471924

Saved model to /scratch/zs1542/CV-FinalProject/CVFramework/checkpoints/decoder_50.pth.

Density in ConvTranspose2d(128, 64, kernel_size=(2, 2), stride=(2, 2)) : 45.18%
Density in ConvTranspose2d(256, 128, kernel_size=(2, 2), stride=(2, 2)) : 44.93%
Density in ConvTranspose2d(512, 256, kernel_size=(2, 2), stride=(2, 2)) : 45.06%
Density in ConvTranspose2d(1024, 512, kernel_size=(2, 2), stride=(2, 2)) : 45.02%
Density in Conv2d(128, 64, kernel_size=(3, 3), stride=(1, 1), padding=(1, 1)) : 45.21%
Density in Conv2d(64, 64, kernel_size=(3, 3), stride=(1, 1), padding=(1, 1)) : 44.70%
Density in Conv2d(256, 128, kernel_size=(3, 3), stride=(1, 1), padding=(1, 1)) : 44.96%
Density in Conv2d(128, 128, kernel_size=(3, 3), stride=(1, 1), padding=(1, 1)) : 45.02%
Density in Conv2d(512, 256, kernel_size=(3, 3), stride=(1, 1), padding=(1, 1)) : 45.03%
Density in Conv2d(256, 256, kernel_size=(3, 3), stride=(1, 1), padding=(1, 1)) : 45.07%
Density in Conv2d(1024, 512, kernel_size=(3, 3), stride=(1, 1), padding=(1, 1)) : 44.98%
Density in Conv2d(512, 512, kernel_size=(3, 3), stride=(1, 1), padding=(1, 1)) : 44.97%
loss:  2.0377600921524897
acc:  0.6444148371616999
MIOU:  0.14230740627765015
Duration:  3.0504794120788574

Saved model to /scratch/zs1542/CV-FinalProject/CVFramework/checkpoints/decoder_55.pth.

Density in ConvTranspose2d(128, 64, kernel_size=(2, 2), stride=(2, 2)) : 39.94%
Density in ConvTranspose2d(256, 128, kernel_size=(2, 2), stride=(2, 2)) : 39.82%
Density in ConvTranspose2d(512, 256, kernel_size=(2, 2), stride=(2, 2)) : 40.04%
Density in ConvTranspose2d(1024, 512, kernel_size=(2, 2), stride=(2, 2)) : 40.00%
Density in Conv2d(128, 64, kernel_size=(3, 3), stride=(1, 1), padding=(1, 1)) : 40.02%
Density in Conv2d(64, 64, kernel_size=(3, 3), stride=(1, 1), padding=(1, 1)) : 40.17%
Density in Conv2d(256, 128, kernel_size=(3, 3), stride=(1, 1), padding=(1, 1)) : 39.99%
Density in Conv2d(128, 128, kernel_size=(3, 3), stride=(1, 1), padding=(1, 1)) : 39.98%
Density in Conv2d(512, 256, kernel_size=(3, 3), stride=(1, 1), padding=(1, 1)) : 39.98%
Density in Conv2d(256, 256, kernel_size=(3, 3), stride=(1, 1), padding=(1, 1)) : 39.92%
Density in Conv2d(1024, 512, kernel_size=(3, 3), stride=(1, 1), padding=(1, 1)) : 40.01%
Density in Conv2d(512, 512, kernel_size=(3, 3), stride=(1, 1), padding=(1, 1)) : 40.01%
loss:  2.263123936123318
acc:  0.6610584490829043
MIOU:  0.15833966175287303
Duration:  3.0548603534698486

Saved model to /scratch/zs1542/CV-FinalProject/CVFramework/checkpoints/decoder_60.pth.

Density in ConvTranspose2d(128, 64, kernel_size=(2, 2), stride=(2, 2)) : 34.79%
Density in ConvTranspose2d(256, 128, kernel_size=(2, 2), stride=(2, 2)) : 35.00%
Density in ConvTranspose2d(512, 256, kernel_size=(2, 2), stride=(2, 2)) : 35.00%
Density in ConvTranspose2d(1024, 512, kernel_size=(2, 2), stride=(2, 2)) : 35.00%
Density in Conv2d(128, 64, kernel_size=(3, 3), stride=(1, 1), padding=(1, 1)) : 34.91%
Density in Conv2d(64, 64, kernel_size=(3, 3), stride=(1, 1), padding=(1, 1)) : 35.20%
Density in Conv2d(256, 128, kernel_size=(3, 3), stride=(1, 1), padding=(1, 1)) : 35.08%
Density in Conv2d(128, 128, kernel_size=(3, 3), stride=(1, 1), padding=(1, 1)) : 35.01%
Density in Conv2d(512, 256, kernel_size=(3, 3), stride=(1, 1), padding=(1, 1)) : 34.99%
Density in Conv2d(256, 256, kernel_size=(3, 3), stride=(1, 1), padding=(1, 1)) : 34.94%
Density in Conv2d(1024, 512, kernel_size=(3, 3), stride=(1, 1), padding=(1, 1)) : 34.99%
Density in Conv2d(512, 512, kernel_size=(3, 3), stride=(1, 1), padding=(1, 1)) : 35.04%
loss:  2.445202363861932
acc:  0.6065784990787506
MIOU:  0.12450566508899488
Duration:  3.0511531829833984

Saved model to /scratch/zs1542/CV-FinalProject/CVFramework/checkpoints/decoder_65.pth.

Density in ConvTranspose2d(128, 64, kernel_size=(2, 2), stride=(2, 2)) : 29.64%
Density in ConvTranspose2d(256, 128, kernel_size=(2, 2), stride=(2, 2)) : 29.95%
Density in ConvTranspose2d(512, 256, kernel_size=(2, 2), stride=(2, 2)) : 30.02%
Density in ConvTranspose2d(1024, 512, kernel_size=(2, 2), stride=(2, 2)) : 30.01%
Density in Conv2d(128, 64, kernel_size=(3, 3), stride=(1, 1), padding=(1, 1)) : 30.11%
Density in Conv2d(64, 64, kernel_size=(3, 3), stride=(1, 1), padding=(1, 1)) : 29.89%
Density in Conv2d(256, 128, kernel_size=(3, 3), stride=(1, 1), padding=(1, 1)) : 29.95%
Density in Conv2d(128, 128, kernel_size=(3, 3), stride=(1, 1), padding=(1, 1)) : 29.82%
Density in Conv2d(512, 256, kernel_size=(3, 3), stride=(1, 1), padding=(1, 1)) : 30.03%
Density in Conv2d(256, 256, kernel_size=(3, 3), stride=(1, 1), padding=(1, 1)) : 30.05%
Density in Conv2d(1024, 512, kernel_size=(3, 3), stride=(1, 1), padding=(1, 1)) : 30.00%
Density in Conv2d(512, 512, kernel_size=(3, 3), stride=(1, 1), padding=(1, 1)) : 29.98%
loss:  2.5113339689042835
acc:  0.5851491358545091
MIOU:  0.09968608312883484
Duration:  3.0602803230285645

Saved model to /scratch/zs1542/CV-FinalProject/CVFramework/checkpoints/decoder_70.pth.

Density in ConvTranspose2d(128, 64, kernel_size=(2, 2), stride=(2, 2)) : 24.55%
Density in ConvTranspose2d(256, 128, kernel_size=(2, 2), stride=(2, 2)) : 25.17%
Density in ConvTranspose2d(512, 256, kernel_size=(2, 2), stride=(2, 2)) : 25.06%
Density in ConvTranspose2d(1024, 512, kernel_size=(2, 2), stride=(2, 2)) : 24.94%
Density in Conv2d(128, 64, kernel_size=(3, 3), stride=(1, 1), padding=(1, 1)) : 24.99%
Density in Conv2d(64, 64, kernel_size=(3, 3), stride=(1, 1), padding=(1, 1)) : 25.17%
Density in Conv2d(256, 128, kernel_size=(3, 3), stride=(1, 1), padding=(1, 1)) : 24.93%
Density in Conv2d(128, 128, kernel_size=(3, 3), stride=(1, 1), padding=(1, 1)) : 25.13%
Density in Conv2d(512, 256, kernel_size=(3, 3), stride=(1, 1), padding=(1, 1)) : 25.09%
Density in Conv2d(256, 256, kernel_size=(3, 3), stride=(1, 1), padding=(1, 1)) : 25.07%
Density in Conv2d(1024, 512, kernel_size=(3, 3), stride=(1, 1), padding=(1, 1)) : 24.98%
Density in Conv2d(512, 512, kernel_size=(3, 3), stride=(1, 1), padding=(1, 1)) : 25.02%
loss:  2.6532094611061945
acc:  0.5504297415415446
MIOU:  0.0968377747095372
Duration:  3.0481455326080322

Saved model to /scratch/zs1542/CV-FinalProject/CVFramework/checkpoints/decoder_75.pth.

Density in ConvTranspose2d(128, 64, kernel_size=(2, 2), stride=(2, 2)) : 20.29%
Density in ConvTranspose2d(256, 128, kernel_size=(2, 2), stride=(2, 2)) : 20.04%
Density in ConvTranspose2d(512, 256, kernel_size=(2, 2), stride=(2, 2)) : 20.01%
Density in ConvTranspose2d(1024, 512, kernel_size=(2, 2), stride=(2, 2)) : 20.05%
Density in Conv2d(128, 64, kernel_size=(3, 3), stride=(1, 1), padding=(1, 1)) : 20.04%
Density in Conv2d(64, 64, kernel_size=(3, 3), stride=(1, 1), padding=(1, 1)) : 19.97%
Density in Conv2d(256, 128, kernel_size=(3, 3), stride=(1, 1), padding=(1, 1)) : 20.02%
Density in Conv2d(128, 128, kernel_size=(3, 3), stride=(1, 1), padding=(1, 1)) : 19.90%
Density in Conv2d(512, 256, kernel_size=(3, 3), stride=(1, 1), padding=(1, 1)) : 19.95%
Density in Conv2d(256, 256, kernel_size=(3, 3), stride=(1, 1), padding=(1, 1)) : 19.99%
Density in Conv2d(1024, 512, kernel_size=(3, 3), stride=(1, 1), padding=(1, 1)) : 20.01%
Density in Conv2d(512, 512, kernel_size=(3, 3), stride=(1, 1), padding=(1, 1)) : 19.96%
loss:  2.7833645078870983
acc:  0.49951544735166764
MIOU:  0.06614182199157694
Duration:  3.0501248836517334

Saved model to /scratch/zs1542/CV-FinalProject/CVFramework/checkpoints/decoder_80.pth.

Density in ConvTranspose2d(128, 64, kernel_size=(2, 2), stride=(2, 2)) : 14.86%
Density in ConvTranspose2d(256, 128, kernel_size=(2, 2), stride=(2, 2)) : 14.89%
Density in ConvTranspose2d(512, 256, kernel_size=(2, 2), stride=(2, 2)) : 14.99%
Density in ConvTranspose2d(1024, 512, kernel_size=(2, 2), stride=(2, 2)) : 15.03%
Density in Conv2d(128, 64, kernel_size=(3, 3), stride=(1, 1), padding=(1, 1)) : 14.77%
Density in Conv2d(64, 64, kernel_size=(3, 3), stride=(1, 1), padding=(1, 1)) : 14.97%
Density in Conv2d(256, 128, kernel_size=(3, 3), stride=(1, 1), padding=(1, 1)) : 14.94%
Density in Conv2d(128, 128, kernel_size=(3, 3), stride=(1, 1), padding=(1, 1)) : 14.94%
Density in Conv2d(512, 256, kernel_size=(3, 3), stride=(1, 1), padding=(1, 1)) : 14.97%
Density in Conv2d(256, 256, kernel_size=(3, 3), stride=(1, 1), padding=(1, 1)) : 14.98%
Density in Conv2d(1024, 512, kernel_size=(3, 3), stride=(1, 1), padding=(1, 1)) : 15.02%
Density in Conv2d(512, 512, kernel_size=(3, 3), stride=(1, 1), padding=(1, 1)) : 14.97%
loss:  2.888499101003011
acc:  0.4687753833002514
MIOU:  0.055970867762728554
Duration:  3.039515972137451

Saved model to /scratch/zs1542/CV-FinalProject/CVFramework/checkpoints/decoder_85.pth.

Density in ConvTranspose2d(128, 64, kernel_size=(2, 2), stride=(2, 2)) : 9.91%
Density in ConvTranspose2d(256, 128, kernel_size=(2, 2), stride=(2, 2)) : 10.03%
Density in ConvTranspose2d(512, 256, kernel_size=(2, 2), stride=(2, 2)) : 9.98%
Density in ConvTranspose2d(1024, 512, kernel_size=(2, 2), stride=(2, 2)) : 10.01%
Density in Conv2d(128, 64, kernel_size=(3, 3), stride=(1, 1), padding=(1, 1)) : 9.98%
Density in Conv2d(64, 64, kernel_size=(3, 3), stride=(1, 1), padding=(1, 1)) : 10.01%
Density in Conv2d(256, 128, kernel_size=(3, 3), stride=(1, 1), padding=(1, 1)) : 10.03%
Density in Conv2d(128, 128, kernel_size=(3, 3), stride=(1, 1), padding=(1, 1)) : 10.09%
Density in Conv2d(512, 256, kernel_size=(3, 3), stride=(1, 1), padding=(1, 1)) : 9.99%
Density in Conv2d(256, 256, kernel_size=(3, 3), stride=(1, 1), padding=(1, 1)) : 9.98%
Density in Conv2d(1024, 512, kernel_size=(3, 3), stride=(1, 1), padding=(1, 1)) : 10.00%
Density in Conv2d(512, 512, kernel_size=(3, 3), stride=(1, 1), padding=(1, 1)) : 10.00%
loss:  2.985078493754069
acc:  0.40423207647270626
MIOU:  0.027621351406182406
Duration:  3.0342931747436523

Saved model to /scratch/zs1542/CV-FinalProject/CVFramework/checkpoints/decoder_90.pth.

Density in ConvTranspose2d(128, 64, kernel_size=(2, 2), stride=(2, 2)) : 4.73%
Density in ConvTranspose2d(256, 128, kernel_size=(2, 2), stride=(2, 2)) : 4.88%
Density in ConvTranspose2d(512, 256, kernel_size=(2, 2), stride=(2, 2)) : 4.98%
Density in ConvTranspose2d(1024, 512, kernel_size=(2, 2), stride=(2, 2)) : 4.99%
Density in Conv2d(128, 64, kernel_size=(3, 3), stride=(1, 1), padding=(1, 1)) : 4.99%
Density in Conv2d(64, 64, kernel_size=(3, 3), stride=(1, 1), padding=(1, 1)) : 4.86%
Density in Conv2d(256, 128, kernel_size=(3, 3), stride=(1, 1), padding=(1, 1)) : 5.02%
Density in Conv2d(128, 128, kernel_size=(3, 3), stride=(1, 1), padding=(1, 1)) : 4.93%
Density in Conv2d(512, 256, kernel_size=(3, 3), stride=(1, 1), padding=(1, 1)) : 5.02%
Density in Conv2d(256, 256, kernel_size=(3, 3), stride=(1, 1), padding=(1, 1)) : 5.03%
Density in Conv2d(1024, 512, kernel_size=(3, 3), stride=(1, 1), padding=(1, 1)) : 5.00%
Density in Conv2d(512, 512, kernel_size=(3, 3), stride=(1, 1), padding=(1, 1)) : 5.01%
loss:  3.0349249707327948
acc:  0.4012260014812152
MIOU:  0.02403459386209734
Duration:  3.0331506729125977

Saved model to /scratch/zs1542/CV-FinalProject/CVFramework/checkpoints/decoder_95.pth.

Density in ConvTranspose2d(128, 64, kernel_size=(2, 2), stride=(2, 2)) : 0.00%
Density in ConvTranspose2d(256, 128, kernel_size=(2, 2), stride=(2, 2)) : 0.00%
Density in ConvTranspose2d(512, 256, kernel_size=(2, 2), stride=(2, 2)) : 0.00%
Density in ConvTranspose2d(1024, 512, kernel_size=(2, 2), stride=(2, 2)) : 0.00%
Density in Conv2d(128, 64, kernel_size=(3, 3), stride=(1, 1), padding=(1, 1)) : 0.00%
Density in Conv2d(64, 64, kernel_size=(3, 3), stride=(1, 1), padding=(1, 1)) : 0.00%
Density in Conv2d(256, 128, kernel_size=(3, 3), stride=(1, 1), padding=(1, 1)) : 0.00%
Density in Conv2d(128, 128, kernel_size=(3, 3), stride=(1, 1), padding=(1, 1)) : 0.00%
Density in Conv2d(512, 256, kernel_size=(3, 3), stride=(1, 1), padding=(1, 1)) : 0.00%
Density in Conv2d(256, 256, kernel_size=(3, 3), stride=(1, 1), padding=(1, 1)) : 0.00%
Density in Conv2d(1024, 512, kernel_size=(3, 3), stride=(1, 1), padding=(1, 1)) : 0.00%
Density in Conv2d(512, 512, kernel_size=(3, 3), stride=(1, 1), padding=(1, 1)) : 0.00%
loss:  3.060556345515781
acc:  0.4012259973420037
MIOU:  0.02589561443631796
Duration:  3.0070924758911133

Saved model to /scratch/zs1542/CV-FinalProject/CVFramework/checkpoints/decoder_100.pth.

{0.0: (1.084879759285185, 0.6667152775658501, 0.15560611608930214, 3.053161382675171), 0.05: (1.0953856044345431, 0.6661776403586069, 0.1647117540106057, 3.0540122985839844), 0.1: (1.1250625848770142, 0.6656626512606939, 0.1649588368458211, 3.0520832538604736), 0.15000000000000002: (1.1443295180797577, 0.6647751463784112, 0.16598982874979248, 3.046769857406616), 0.2: (1.1894197066624959, 0.6585759884781308, 0.15212978137310232, 3.0519917011260986), 0.25: (1.2705360849698384, 0.6683584153652191, 0.16114949936089992, 3.0482900142669678), 0.30000000000000004: (1.353934433725145, 0.6654822296566434, 0.16143464021046292, 3.057391405105591), 0.35000000000000003: (1.4317869080437555, 0.6559665434890323, 0.14696880161386394, 3.0560195446014404), 0.4: (1.5921247800191243, 0.6524061527517107, 0.14934285736627922, 3.057530164718628), 0.45: (1.6294051806132, 0.6524479786554972, 0.1463543776095693, 3.057213544845581), 0.5: (1.9242537021636963, 0.6560649673144022, 0.15586219772289034, 3.0533573627471924), 0.55: (2.0377600921524897, 0.6444148371616999, 0.14230740627765015, 3.0504794120788574), 0.6000000000000001: (2.263123936123318, 0.6610584490829043, 0.15833966175287303, 3.0548603534698486), 0.65: (2.445202363861932, 0.6065784990787506, 0.12450566508899488, 3.0511531829833984), 0.7000000000000001: (2.5113339689042835, 0.5851491358545091, 0.09968608312883484, 3.0602803230285645), 0.75: (2.6532094611061945, 0.5504297415415446, 0.0968377747095372, 3.0481455326080322), 0.8: (2.7833645078870983, 0.49951544735166764, 0.06614182199157694, 3.0501248836517334), 0.8500000000000001: (2.888499101003011, 0.4687753833002514, 0.055970867762728554, 3.039515972137451), 0.9: (2.985078493754069, 0.40423207647270626, 0.027621351406182406, 3.0342931747436523), 0.9500000000000001: (3.0349249707327948, 0.4012260014812152, 0.02403459386209734, 3.0331506729125977), 1.0: (3.060556345515781, 0.4012259973420037, 0.02589561443631796, 3.0070924758911133)}
FINISH
