Your NetID is: zs1542
Your environment is: py38
start working
Mission: Pruning encoder and decoder seperately, sparsity 50%
We are using the state dict from
 /scratch/zs1542/CV-FinalProject/CVFramework/checkpoints_1211_0/Unet_28.pth
Prune the ENCODER only...
Encoder pruning
 amount: 0 - 1 
method: Global Unstructured L1
Density in Conv2d(3, 64, kernel_size=(3, 3), stride=(1, 1), padding=(1, 1)) : 100.00%
Density in Conv2d(64, 64, kernel_size=(3, 3), stride=(1, 1), padding=(1, 1)) : 100.00%
Density in Conv2d(64, 128, kernel_size=(3, 3), stride=(1, 1), padding=(1, 1)) : 100.00%
Density in Conv2d(128, 128, kernel_size=(3, 3), stride=(1, 1), padding=(1, 1)) : 100.00%
Density in Conv2d(128, 256, kernel_size=(3, 3), stride=(1, 1), padding=(1, 1)) : 100.00%
Density in Conv2d(256, 256, kernel_size=(3, 3), stride=(1, 1), padding=(1, 1)) : 100.00%
Density in Conv2d(256, 512, kernel_size=(3, 3), stride=(1, 1), padding=(1, 1)) : 100.00%
Density in Conv2d(512, 512, kernel_size=(3, 3), stride=(1, 1), padding=(1, 1)) : 100.00%
tensor(0.6667, device='cuda:0')
0.17719721937427105
Density in Conv2d(3, 64, kernel_size=(3, 3), stride=(1, 1), padding=(1, 1)) : 99.07%
Density in Conv2d(64, 64, kernel_size=(3, 3), stride=(1, 1), padding=(1, 1)) : 95.19%
Density in Conv2d(64, 128, kernel_size=(3, 3), stride=(1, 1), padding=(1, 1)) : 95.21%
Density in Conv2d(128, 128, kernel_size=(3, 3), stride=(1, 1), padding=(1, 1)) : 93.38%
Density in Conv2d(128, 256, kernel_size=(3, 3), stride=(1, 1), padding=(1, 1)) : 93.42%
Density in Conv2d(256, 256, kernel_size=(3, 3), stride=(1, 1), padding=(1, 1)) : 90.44%
Density in Conv2d(256, 512, kernel_size=(3, 3), stride=(1, 1), padding=(1, 1)) : 90.45%
Density in Conv2d(512, 512, kernel_size=(3, 3), stride=(1, 1), padding=(1, 1)) : 86.57%
tensor(0.6667, device='cuda:0')
0.17312918341395808
Density in Conv2d(3, 64, kernel_size=(3, 3), stride=(1, 1), padding=(1, 1)) : 96.88%
Density in Conv2d(64, 64, kernel_size=(3, 3), stride=(1, 1), padding=(1, 1)) : 86.76%
Density in Conv2d(64, 128, kernel_size=(3, 3), stride=(1, 1), padding=(1, 1)) : 86.60%
Density in Conv2d(128, 128, kernel_size=(3, 3), stride=(1, 1), padding=(1, 1)) : 81.56%
Density in Conv2d(128, 256, kernel_size=(3, 3), stride=(1, 1), padding=(1, 1)) : 81.46%
Density in Conv2d(256, 256, kernel_size=(3, 3), stride=(1, 1), padding=(1, 1)) : 73.50%
Density in Conv2d(256, 512, kernel_size=(3, 3), stride=(1, 1), padding=(1, 1)) : 73.55%
Density in Conv2d(512, 512, kernel_size=(3, 3), stride=(1, 1), padding=(1, 1)) : 62.68%
tensor(0.6667, device='cuda:0')
0.17302354435198394
Density in Conv2d(3, 64, kernel_size=(3, 3), stride=(1, 1), padding=(1, 1)) : 95.20%
Density in Conv2d(64, 64, kernel_size=(3, 3), stride=(1, 1), padding=(1, 1)) : 76.91%
Density in Conv2d(64, 128, kernel_size=(3, 3), stride=(1, 1), padding=(1, 1)) : 76.68%
Density in Conv2d(128, 128, kernel_size=(3, 3), stride=(1, 1), padding=(1, 1)) : 67.42%
Density in Conv2d(128, 256, kernel_size=(3, 3), stride=(1, 1), padding=(1, 1)) : 67.57%
Density in Conv2d(256, 256, kernel_size=(3, 3), stride=(1, 1), padding=(1, 1)) : 53.82%
Density in Conv2d(256, 512, kernel_size=(3, 3), stride=(1, 1), padding=(1, 1)) : 53.84%
Density in Conv2d(512, 512, kernel_size=(3, 3), stride=(1, 1), padding=(1, 1)) : 34.79%
tensor(0.6667, device='cuda:0')
0.17784279141400738
Density in Conv2d(3, 64, kernel_size=(3, 3), stride=(1, 1), padding=(1, 1)) : 93.87%
Density in Conv2d(64, 64, kernel_size=(3, 3), stride=(1, 1), padding=(1, 1)) : 68.07%
Density in Conv2d(64, 128, kernel_size=(3, 3), stride=(1, 1), padding=(1, 1)) : 68.01%
Density in Conv2d(128, 128, kernel_size=(3, 3), stride=(1, 1), padding=(1, 1)) : 54.90%
Density in Conv2d(128, 256, kernel_size=(3, 3), stride=(1, 1), padding=(1, 1)) : 55.16%
Density in Conv2d(256, 256, kernel_size=(3, 3), stride=(1, 1), padding=(1, 1)) : 36.35%
Density in Conv2d(256, 512, kernel_size=(3, 3), stride=(1, 1), padding=(1, 1)) : 36.31%
Density in Conv2d(512, 512, kernel_size=(3, 3), stride=(1, 1), padding=(1, 1)) : 10.00%
tensor(0.6667, device='cuda:0')
0.17793332867338096
Density in Conv2d(3, 64, kernel_size=(3, 3), stride=(1, 1), padding=(1, 1)) : 91.61%
Density in Conv2d(64, 64, kernel_size=(3, 3), stride=(1, 1), padding=(1, 1)) : 58.32%
Density in Conv2d(64, 128, kernel_size=(3, 3), stride=(1, 1), padding=(1, 1)) : 57.76%
Density in Conv2d(128, 128, kernel_size=(3, 3), stride=(1, 1), padding=(1, 1)) : 40.59%
Density in Conv2d(128, 256, kernel_size=(3, 3), stride=(1, 1), padding=(1, 1)) : 40.90%
Density in Conv2d(256, 256, kernel_size=(3, 3), stride=(1, 1), padding=(1, 1)) : 16.24%
Density in Conv2d(256, 512, kernel_size=(3, 3), stride=(1, 1), padding=(1, 1)) : 16.20%
Density in Conv2d(512, 512, kernel_size=(3, 3), stride=(1, 1), padding=(1, 1)) : 0.00%
tensor(0.6667, device='cuda:0')
0.17628703240893787
Density in Conv2d(3, 64, kernel_size=(3, 3), stride=(1, 1), padding=(1, 1)) : 90.16%
Density in Conv2d(64, 64, kernel_size=(3, 3), stride=(1, 1), padding=(1, 1)) : 48.92%
Density in Conv2d(64, 128, kernel_size=(3, 3), stride=(1, 1), padding=(1, 1)) : 48.44%
Density in Conv2d(128, 128, kernel_size=(3, 3), stride=(1, 1), padding=(1, 1)) : 27.61%
Density in Conv2d(128, 256, kernel_size=(3, 3), stride=(1, 1), padding=(1, 1)) : 27.68%
Density in Conv2d(256, 256, kernel_size=(3, 3), stride=(1, 1), padding=(1, 1)) : 0.00%
Density in Conv2d(256, 512, kernel_size=(3, 3), stride=(1, 1), padding=(1, 1)) : 0.00%
Density in Conv2d(512, 512, kernel_size=(3, 3), stride=(1, 1), padding=(1, 1)) : 0.00%
tensor(0.6667, device='cuda:0')
0.17526433316319298
Density in Conv2d(3, 64, kernel_size=(3, 3), stride=(1, 1), padding=(1, 1)) : 86.28%
Density in Conv2d(64, 64, kernel_size=(3, 3), stride=(1, 1), padding=(1, 1)) : 30.33%
Density in Conv2d(64, 128, kernel_size=(3, 3), stride=(1, 1), padding=(1, 1)) : 29.91%
Density in Conv2d(128, 128, kernel_size=(3, 3), stride=(1, 1), padding=(1, 1)) : 1.08%
Density in Conv2d(128, 256, kernel_size=(3, 3), stride=(1, 1), padding=(1, 1)) : 1.07%
Density in Conv2d(256, 256, kernel_size=(3, 3), stride=(1, 1), padding=(1, 1)) : 0.00%
Density in Conv2d(256, 512, kernel_size=(3, 3), stride=(1, 1), padding=(1, 1)) : 0.00%
Density in Conv2d(512, 512, kernel_size=(3, 3), stride=(1, 1), padding=(1, 1)) : 0.00%
tensor(0.6667, device='cuda:0')
0.1767711425970248
Density in Conv2d(3, 64, kernel_size=(3, 3), stride=(1, 1), padding=(1, 1)) : 79.92%
Density in Conv2d(64, 64, kernel_size=(3, 3), stride=(1, 1), padding=(1, 1)) : 2.81%
Density in Conv2d(64, 128, kernel_size=(3, 3), stride=(1, 1), padding=(1, 1)) : 2.67%
Density in Conv2d(128, 128, kernel_size=(3, 3), stride=(1, 1), padding=(1, 1)) : 0.00%
Density in Conv2d(128, 256, kernel_size=(3, 3), stride=(1, 1), padding=(1, 1)) : 0.00%
Density in Conv2d(256, 256, kernel_size=(3, 3), stride=(1, 1), padding=(1, 1)) : 0.00%
Density in Conv2d(256, 512, kernel_size=(3, 3), stride=(1, 1), padding=(1, 1)) : 0.00%
Density in Conv2d(512, 512, kernel_size=(3, 3), stride=(1, 1), padding=(1, 1)) : 0.00%
tensor(0.6667, device='cuda:0')
0.18104001342493256
Density in Conv2d(3, 64, kernel_size=(3, 3), stride=(1, 1), padding=(1, 1)) : 0.00%
Density in Conv2d(64, 64, kernel_size=(3, 3), stride=(1, 1), padding=(1, 1)) : 0.00%
Density in Conv2d(64, 128, kernel_size=(3, 3), stride=(1, 1), padding=(1, 1)) : 0.00%
Density in Conv2d(128, 128, kernel_size=(3, 3), stride=(1, 1), padding=(1, 1)) : 0.00%
Density in Conv2d(128, 256, kernel_size=(3, 3), stride=(1, 1), padding=(1, 1)) : 0.00%
Density in Conv2d(256, 256, kernel_size=(3, 3), stride=(1, 1), padding=(1, 1)) : 0.00%
Density in Conv2d(256, 512, kernel_size=(3, 3), stride=(1, 1), padding=(1, 1)) : 0.00%
Density in Conv2d(512, 512, kernel_size=(3, 3), stride=(1, 1), padding=(1, 1)) : 0.00%
tensor(0.6667, device='cuda:0')
0.1845256297234252
{0.0: (tensor(0.6667, device='cuda:0'), 0.17719721937427105), 0.1111111111111111: (tensor(0.6667, device='cuda:0'), 0.17312918341395808), 0.2222222222222222: (tensor(0.6667, device='cuda:0'), 0.17302354435198394), 0.3333333333333333: (tensor(0.6667, device='cuda:0'), 0.17784279141400738), 0.4444444444444444: (tensor(0.6667, device='cuda:0'), 0.17793332867338096), 0.5555555555555556: (tensor(0.6667, device='cuda:0'), 0.17628703240893787), 0.6666666666666666: (tensor(0.6667, device='cuda:0'), 0.17526433316319298), 0.7777777777777777: (tensor(0.6667, device='cuda:0'), 0.1767711425970248), 0.8888888888888888: (tensor(0.6667, device='cuda:0'), 0.18104001342493256), 1.0: (tensor(0.6667, device='cuda:0'), 0.1845256297234252)}
Prune the DECODER only...
Density in ConvTranspose2d(128, 64, kernel_size=(2, 2), stride=(2, 2)) : 100.00%
Density in ConvTranspose2d(256, 128, kernel_size=(2, 2), stride=(2, 2)) : 100.00%
Density in ConvTranspose2d(512, 256, kernel_size=(2, 2), stride=(2, 2)) : 100.00%
Density in ConvTranspose2d(1024, 512, kernel_size=(2, 2), stride=(2, 2)) : 100.00%
Density in Conv2d(128, 64, kernel_size=(3, 3), stride=(1, 1), padding=(1, 1)) : 100.00%
Density in Conv2d(64, 64, kernel_size=(3, 3), stride=(1, 1), padding=(1, 1)) : 100.00%
Density in Conv2d(256, 128, kernel_size=(3, 3), stride=(1, 1), padding=(1, 1)) : 100.00%
Density in Conv2d(128, 128, kernel_size=(3, 3), stride=(1, 1), padding=(1, 1)) : 100.00%
Density in Conv2d(512, 256, kernel_size=(3, 3), stride=(1, 1), padding=(1, 1)) : 100.00%
Density in Conv2d(256, 256, kernel_size=(3, 3), stride=(1, 1), padding=(1, 1)) : 100.00%
Density in Conv2d(1024, 512, kernel_size=(3, 3), stride=(1, 1), padding=(1, 1)) : 100.00%
Density in Conv2d(512, 512, kernel_size=(3, 3), stride=(1, 1), padding=(1, 1)) : 100.00%
tensor(0.6667, device='cuda:0')
0.17210984787701428
Density in ConvTranspose2d(128, 64, kernel_size=(2, 2), stride=(2, 2)) : 96.83%
Density in ConvTranspose2d(256, 128, kernel_size=(2, 2), stride=(2, 2)) : 95.50%
Density in ConvTranspose2d(512, 256, kernel_size=(2, 2), stride=(2, 2)) : 93.65%
Density in ConvTranspose2d(1024, 512, kernel_size=(2, 2), stride=(2, 2)) : 91.75%
Density in Conv2d(128, 64, kernel_size=(3, 3), stride=(1, 1), padding=(1, 1)) : 95.36%
Density in Conv2d(64, 64, kernel_size=(3, 3), stride=(1, 1), padding=(1, 1)) : 95.70%
Density in Conv2d(256, 128, kernel_size=(3, 3), stride=(1, 1), padding=(1, 1)) : 92.68%
Density in Conv2d(128, 128, kernel_size=(3, 3), stride=(1, 1), padding=(1, 1)) : 93.36%
Density in Conv2d(512, 256, kernel_size=(3, 3), stride=(1, 1), padding=(1, 1)) : 90.16%
Density in Conv2d(256, 256, kernel_size=(3, 3), stride=(1, 1), padding=(1, 1)) : 91.31%
Density in Conv2d(1024, 512, kernel_size=(3, 3), stride=(1, 1), padding=(1, 1)) : 86.47%
Density in Conv2d(512, 512, kernel_size=(3, 3), stride=(1, 1), padding=(1, 1)) : 87.34%
tensor(0.6667, device='cuda:0')
0.1725832235143437
Density in ConvTranspose2d(128, 64, kernel_size=(2, 2), stride=(2, 2)) : 90.80%
Density in ConvTranspose2d(256, 128, kernel_size=(2, 2), stride=(2, 2)) : 87.24%
Density in ConvTranspose2d(512, 256, kernel_size=(2, 2), stride=(2, 2)) : 82.24%
Density in ConvTranspose2d(1024, 512, kernel_size=(2, 2), stride=(2, 2)) : 77.15%
Density in Conv2d(128, 64, kernel_size=(3, 3), stride=(1, 1), padding=(1, 1)) : 87.09%
Density in Conv2d(64, 64, kernel_size=(3, 3), stride=(1, 1), padding=(1, 1)) : 87.72%
Density in Conv2d(256, 128, kernel_size=(3, 3), stride=(1, 1), padding=(1, 1)) : 79.53%
Density in Conv2d(128, 128, kernel_size=(3, 3), stride=(1, 1), padding=(1, 1)) : 81.52%
Density in Conv2d(512, 256, kernel_size=(3, 3), stride=(1, 1), padding=(1, 1)) : 72.74%
Density in Conv2d(256, 256, kernel_size=(3, 3), stride=(1, 1), padding=(1, 1)) : 75.65%
Density in Conv2d(1024, 512, kernel_size=(3, 3), stride=(1, 1), padding=(1, 1)) : 62.63%
Density in Conv2d(512, 512, kernel_size=(3, 3), stride=(1, 1), padding=(1, 1)) : 64.44%
tensor(0.6667, device='cuda:0')
0.17711924120262823
Density in ConvTranspose2d(128, 64, kernel_size=(2, 2), stride=(2, 2)) : 83.21%
Density in ConvTranspose2d(256, 128, kernel_size=(2, 2), stride=(2, 2)) : 77.14%
Density in ConvTranspose2d(512, 256, kernel_size=(2, 2), stride=(2, 2)) : 68.05%
Density in ConvTranspose2d(1024, 512, kernel_size=(2, 2), stride=(2, 2)) : 59.40%
Density in Conv2d(128, 64, kernel_size=(3, 3), stride=(1, 1), padding=(1, 1)) : 77.02%
Density in Conv2d(64, 64, kernel_size=(3, 3), stride=(1, 1), padding=(1, 1)) : 78.05%
Density in Conv2d(256, 128, kernel_size=(3, 3), stride=(1, 1), padding=(1, 1)) : 63.34%
Density in Conv2d(128, 128, kernel_size=(3, 3), stride=(1, 1), padding=(1, 1)) : 67.04%
Density in Conv2d(512, 256, kernel_size=(3, 3), stride=(1, 1), padding=(1, 1)) : 52.03%
Density in Conv2d(256, 256, kernel_size=(3, 3), stride=(1, 1), padding=(1, 1)) : 56.37%
Density in Conv2d(1024, 512, kernel_size=(3, 3), stride=(1, 1), padding=(1, 1)) : 35.50%
Density in Conv2d(512, 512, kernel_size=(3, 3), stride=(1, 1), padding=(1, 1)) : 37.86%
tensor(0.6667, device='cuda:0')
0.17234556588961142
Density in ConvTranspose2d(128, 64, kernel_size=(2, 2), stride=(2, 2)) : 72.20%
Density in ConvTranspose2d(256, 128, kernel_size=(2, 2), stride=(2, 2)) : 62.24%
Density in ConvTranspose2d(512, 256, kernel_size=(2, 2), stride=(2, 2)) : 47.83%
Density in ConvTranspose2d(1024, 512, kernel_size=(2, 2), stride=(2, 2)) : 34.66%
Density in Conv2d(128, 64, kernel_size=(3, 3), stride=(1, 1), padding=(1, 1)) : 62.52%
Density in Conv2d(64, 64, kernel_size=(3, 3), stride=(1, 1), padding=(1, 1)) : 63.99%
Density in Conv2d(256, 128, kernel_size=(3, 3), stride=(1, 1), padding=(1, 1)) : 41.62%
Density in Conv2d(128, 128, kernel_size=(3, 3), stride=(1, 1), padding=(1, 1)) : 46.96%
Density in Conv2d(512, 256, kernel_size=(3, 3), stride=(1, 1), padding=(1, 1)) : 28.90%
Density in Conv2d(256, 256, kernel_size=(3, 3), stride=(1, 1), padding=(1, 1)) : 30.74%
Density in Conv2d(1024, 512, kernel_size=(3, 3), stride=(1, 1), padding=(1, 1)) : 20.98%
Density in Conv2d(512, 512, kernel_size=(3, 3), stride=(1, 1), padding=(1, 1)) : 11.18%
tensor(0.6667, device='cuda:0')
0.18255745855131641
Density in ConvTranspose2d(128, 64, kernel_size=(2, 2), stride=(2, 2)) : 57.24%
Density in ConvTranspose2d(256, 128, kernel_size=(2, 2), stride=(2, 2)) : 42.09%
Density in ConvTranspose2d(512, 256, kernel_size=(2, 2), stride=(2, 2)) : 21.68%
Density in ConvTranspose2d(1024, 512, kernel_size=(2, 2), stride=(2, 2)) : 12.29%
Density in Conv2d(128, 64, kernel_size=(3, 3), stride=(1, 1), padding=(1, 1)) : 44.29%
Density in Conv2d(64, 64, kernel_size=(3, 3), stride=(1, 1), padding=(1, 1)) : 45.14%
Density in Conv2d(256, 128, kernel_size=(3, 3), stride=(1, 1), padding=(1, 1)) : 21.13%
Density in Conv2d(128, 128, kernel_size=(3, 3), stride=(1, 1), padding=(1, 1)) : 22.40%
Density in Conv2d(512, 256, kernel_size=(3, 3), stride=(1, 1), padding=(1, 1)) : 14.55%
Density in Conv2d(256, 256, kernel_size=(3, 3), stride=(1, 1), padding=(1, 1)) : 9.98%
Density in Conv2d(1024, 512, kernel_size=(3, 3), stride=(1, 1), padding=(1, 1)) : 10.60%
Density in Conv2d(512, 512, kernel_size=(3, 3), stride=(1, 1), padding=(1, 1)) : 2.80%
tensor(0.6667, device='cuda:0')
0.17754524901024638
Density in ConvTranspose2d(128, 64, kernel_size=(2, 2), stride=(2, 2)) : 37.20%
Density in ConvTranspose2d(256, 128, kernel_size=(2, 2), stride=(2, 2)) : 18.60%
Density in ConvTranspose2d(512, 256, kernel_size=(2, 2), stride=(2, 2)) : 4.38%
Density in ConvTranspose2d(1024, 512, kernel_size=(2, 2), stride=(2, 2)) : 2.94%
Density in Conv2d(128, 64, kernel_size=(3, 3), stride=(1, 1), padding=(1, 1)) : 26.13%
Density in Conv2d(64, 64, kernel_size=(3, 3), stride=(1, 1), padding=(1, 1)) : 24.15%
Density in Conv2d(256, 128, kernel_size=(3, 3), stride=(1, 1), padding=(1, 1)) : 8.87%
Density in Conv2d(128, 128, kernel_size=(3, 3), stride=(1, 1), padding=(1, 1)) : 6.25%
Density in Conv2d(512, 256, kernel_size=(3, 3), stride=(1, 1), padding=(1, 1)) : 5.64%
Density in Conv2d(256, 256, kernel_size=(3, 3), stride=(1, 1), padding=(1, 1)) : 2.88%
Density in Conv2d(1024, 512, kernel_size=(3, 3), stride=(1, 1), padding=(1, 1)) : 3.87%
Density in Conv2d(512, 512, kernel_size=(3, 3), stride=(1, 1), padding=(1, 1)) : 0.49%
tensor(0.6667, device='cuda:0')
0.1755705104218777
Density in ConvTranspose2d(128, 64, kernel_size=(2, 2), stride=(2, 2)) : 15.44%
Density in ConvTranspose2d(256, 128, kernel_size=(2, 2), stride=(2, 2)) : 4.50%
Density in ConvTranspose2d(512, 256, kernel_size=(2, 2), stride=(2, 2)) : 0.57%
Density in ConvTranspose2d(1024, 512, kernel_size=(2, 2), stride=(2, 2)) : 0.29%
Density in Conv2d(128, 64, kernel_size=(3, 3), stride=(1, 1), padding=(1, 1)) : 12.54%
Density in Conv2d(64, 64, kernel_size=(3, 3), stride=(1, 1), padding=(1, 1)) : 9.41%
Density in Conv2d(256, 128, kernel_size=(3, 3), stride=(1, 1), padding=(1, 1)) : 2.60%
Density in Conv2d(128, 128, kernel_size=(3, 3), stride=(1, 1), padding=(1, 1)) : 1.28%
Density in Conv2d(512, 256, kernel_size=(3, 3), stride=(1, 1), padding=(1, 1)) : 1.59%
Density in Conv2d(256, 256, kernel_size=(3, 3), stride=(1, 1), padding=(1, 1)) : 0.53%
Density in Conv2d(1024, 512, kernel_size=(3, 3), stride=(1, 1), padding=(1, 1)) : 0.78%
Density in Conv2d(512, 512, kernel_size=(3, 3), stride=(1, 1), padding=(1, 1)) : 0.06%
tensor(0.6667, device='cuda:0')
0.17585373257086953
Density in ConvTranspose2d(128, 64, kernel_size=(2, 2), stride=(2, 2)) : 1.67%
Density in ConvTranspose2d(256, 128, kernel_size=(2, 2), stride=(2, 2)) : 0.46%
Density in ConvTranspose2d(512, 256, kernel_size=(2, 2), stride=(2, 2)) : 0.04%
Density in ConvTranspose2d(1024, 512, kernel_size=(2, 2), stride=(2, 2)) : 0.02%
Density in Conv2d(128, 64, kernel_size=(3, 3), stride=(1, 1), padding=(1, 1)) : 3.95%
Density in Conv2d(64, 64, kernel_size=(3, 3), stride=(1, 1), padding=(1, 1)) : 2.08%
Density in Conv2d(256, 128, kernel_size=(3, 3), stride=(1, 1), padding=(1, 1)) : 0.31%
Density in Conv2d(128, 128, kernel_size=(3, 3), stride=(1, 1), padding=(1, 1)) : 0.20%
Density in Conv2d(512, 256, kernel_size=(3, 3), stride=(1, 1), padding=(1, 1)) : 0.15%
Density in Conv2d(256, 256, kernel_size=(3, 3), stride=(1, 1), padding=(1, 1)) : 0.08%
Density in Conv2d(1024, 512, kernel_size=(3, 3), stride=(1, 1), padding=(1, 1)) : 0.05%
Density in Conv2d(512, 512, kernel_size=(3, 3), stride=(1, 1), padding=(1, 1)) : 0.00%
tensor(0.6667, device='cuda:0')
0.17532081286554188
Density in ConvTranspose2d(128, 64, kernel_size=(2, 2), stride=(2, 2)) : 0.00%
Density in ConvTranspose2d(256, 128, kernel_size=(2, 2), stride=(2, 2)) : 0.00%
Density in ConvTranspose2d(512, 256, kernel_size=(2, 2), stride=(2, 2)) : 0.00%
Density in ConvTranspose2d(1024, 512, kernel_size=(2, 2), stride=(2, 2)) : 0.00%
Density in Conv2d(128, 64, kernel_size=(3, 3), stride=(1, 1), padding=(1, 1)) : 0.00%
Density in Conv2d(64, 64, kernel_size=(3, 3), stride=(1, 1), padding=(1, 1)) : 0.00%
Density in Conv2d(256, 128, kernel_size=(3, 3), stride=(1, 1), padding=(1, 1)) : 0.00%
Density in Conv2d(128, 128, kernel_size=(3, 3), stride=(1, 1), padding=(1, 1)) : 0.00%
Density in Conv2d(512, 256, kernel_size=(3, 3), stride=(1, 1), padding=(1, 1)) : 0.00%
Density in Conv2d(256, 256, kernel_size=(3, 3), stride=(1, 1), padding=(1, 1)) : 0.00%
Density in Conv2d(1024, 512, kernel_size=(3, 3), stride=(1, 1), padding=(1, 1)) : 0.00%
Density in Conv2d(512, 512, kernel_size=(3, 3), stride=(1, 1), padding=(1, 1)) : 0.00%
tensor(0.6667, device='cuda:0')
0.1732489594097608
{0.0: (tensor(0.6667, device='cuda:0'), 0.17210984787701428), 0.1111111111111111: (tensor(0.6667, device='cuda:0'), 0.1725832235143437), 0.2222222222222222: (tensor(0.6667, device='cuda:0'), 0.17711924120262823), 0.3333333333333333: (tensor(0.6667, device='cuda:0'), 0.17234556588961142), 0.4444444444444444: (tensor(0.6667, device='cuda:0'), 0.18255745855131641), 0.5555555555555556: (tensor(0.6667, device='cuda:0'), 0.17754524901024638), 0.6666666666666666: (tensor(0.6667, device='cuda:0'), 0.1755705104218777), 0.7777777777777777: (tensor(0.6667, device='cuda:0'), 0.17585373257086953), 0.8888888888888888: (tensor(0.6667, device='cuda:0'), 0.17532081286554188), 1.0: (tensor(0.6667, device='cuda:0'), 0.1732489594097608)}
FINISH
