Your NetID is: zs1542
Your environment is: py38
start working
Mission: Pruning encoder and decoder seperately
We are using the state dict from
 /scratch/zs1542/CV-FinalProject/CVFramework/checkpoints_1211_0/Unet_28.pth
Prune the ENCODER only...
Encoder pruning
 amount: 0 - 1 
method: Global Unstructured L1
AMOUNT:  0.0
Density in Conv2d(3, 64, kernel_size=(3, 3), stride=(1, 1), padding=(1, 1)) : 100.00%
Density in Conv2d(64, 64, kernel_size=(3, 3), stride=(1, 1), padding=(1, 1)) : 100.00%
Density in Conv2d(64, 128, kernel_size=(3, 3), stride=(1, 1), padding=(1, 1)) : 100.00%
Density in Conv2d(128, 128, kernel_size=(3, 3), stride=(1, 1), padding=(1, 1)) : 100.00%
Density in Conv2d(128, 256, kernel_size=(3, 3), stride=(1, 1), padding=(1, 1)) : 100.00%
Density in Conv2d(256, 256, kernel_size=(3, 3), stride=(1, 1), padding=(1, 1)) : 100.00%
Density in Conv2d(256, 512, kernel_size=(3, 3), stride=(1, 1), padding=(1, 1)) : 100.00%
Density in Conv2d(512, 512, kernel_size=(3, 3), stride=(1, 1), padding=(1, 1)) : 100.00%
1.0848797493510776
0.0
0.16230051925984973
AMOUNT:  0.125
Density in Conv2d(3, 64, kernel_size=(3, 3), stride=(1, 1), padding=(1, 1)) : 98.78%
Density in Conv2d(64, 64, kernel_size=(3, 3), stride=(1, 1), padding=(1, 1)) : 94.92%
Density in Conv2d(64, 128, kernel_size=(3, 3), stride=(1, 1), padding=(1, 1)) : 94.42%
Density in Conv2d(128, 128, kernel_size=(3, 3), stride=(1, 1), padding=(1, 1)) : 92.34%
Density in Conv2d(128, 256, kernel_size=(3, 3), stride=(1, 1), padding=(1, 1)) : 92.21%
Density in Conv2d(256, 256, kernel_size=(3, 3), stride=(1, 1), padding=(1, 1)) : 89.65%
Density in Conv2d(256, 512, kernel_size=(3, 3), stride=(1, 1), padding=(1, 1)) : 89.06%
Density in Conv2d(512, 512, kernel_size=(3, 3), stride=(1, 1), padding=(1, 1)) : 84.95%
1.085012114710278
0.0
0.16909419487788271
AMOUNT:  0.25
Density in Conv2d(3, 64, kernel_size=(3, 3), stride=(1, 1), padding=(1, 1)) : 97.11%
Density in Conv2d(64, 64, kernel_size=(3, 3), stride=(1, 1), padding=(1, 1)) : 90.22%
Density in Conv2d(64, 128, kernel_size=(3, 3), stride=(1, 1), padding=(1, 1)) : 88.60%
Density in Conv2d(128, 128, kernel_size=(3, 3), stride=(1, 1), padding=(1, 1)) : 84.51%
Density in Conv2d(128, 256, kernel_size=(3, 3), stride=(1, 1), padding=(1, 1)) : 84.42%
Density in Conv2d(256, 256, kernel_size=(3, 3), stride=(1, 1), padding=(1, 1)) : 79.26%
Density in Conv2d(256, 512, kernel_size=(3, 3), stride=(1, 1), padding=(1, 1)) : 78.11%
Density in Conv2d(512, 512, kernel_size=(3, 3), stride=(1, 1), padding=(1, 1)) : 69.93%
1.085403409269121
0.0
0.16905772661112772
AMOUNT:  0.375
Density in Conv2d(3, 64, kernel_size=(3, 3), stride=(1, 1), padding=(1, 1)) : 95.37%
Density in Conv2d(64, 64, kernel_size=(3, 3), stride=(1, 1), padding=(1, 1)) : 85.19%
Density in Conv2d(64, 128, kernel_size=(3, 3), stride=(1, 1), padding=(1, 1)) : 82.81%
Density in Conv2d(128, 128, kernel_size=(3, 3), stride=(1, 1), padding=(1, 1)) : 76.89%
Density in Conv2d(128, 256, kernel_size=(3, 3), stride=(1, 1), padding=(1, 1)) : 76.72%
Density in Conv2d(256, 256, kernel_size=(3, 3), stride=(1, 1), padding=(1, 1)) : 68.97%
Density in Conv2d(256, 512, kernel_size=(3, 3), stride=(1, 1), padding=(1, 1)) : 67.12%
Density in Conv2d(512, 512, kernel_size=(3, 3), stride=(1, 1), padding=(1, 1)) : 54.88%
1.0853379435009427
0.0
0.1629014839238245
AMOUNT:  0.5
Density in Conv2d(3, 64, kernel_size=(3, 3), stride=(1, 1), padding=(1, 1)) : 94.39%
Density in Conv2d(64, 64, kernel_size=(3, 3), stride=(1, 1), padding=(1, 1)) : 80.08%
Density in Conv2d(64, 128, kernel_size=(3, 3), stride=(1, 1), padding=(1, 1)) : 76.95%
Density in Conv2d(128, 128, kernel_size=(3, 3), stride=(1, 1), padding=(1, 1)) : 69.28%
Density in Conv2d(128, 256, kernel_size=(3, 3), stride=(1, 1), padding=(1, 1)) : 69.05%
Density in Conv2d(256, 256, kernel_size=(3, 3), stride=(1, 1), padding=(1, 1)) : 58.58%
Density in Conv2d(256, 512, kernel_size=(3, 3), stride=(1, 1), padding=(1, 1)) : 56.06%
Density in Conv2d(512, 512, kernel_size=(3, 3), stride=(1, 1), padding=(1, 1)) : 39.89%
1.0894377132256825
0.0
0.158294891515118
AMOUNT:  0.625
Density in Conv2d(3, 64, kernel_size=(3, 3), stride=(1, 1), padding=(1, 1)) : 92.88%
Density in Conv2d(64, 64, kernel_size=(3, 3), stride=(1, 1), padding=(1, 1)) : 75.04%
Density in Conv2d(64, 128, kernel_size=(3, 3), stride=(1, 1), padding=(1, 1)) : 71.07%
Density in Conv2d(128, 128, kernel_size=(3, 3), stride=(1, 1), padding=(1, 1)) : 61.48%
Density in Conv2d(128, 256, kernel_size=(3, 3), stride=(1, 1), padding=(1, 1)) : 61.14%
Density in Conv2d(256, 256, kernel_size=(3, 3), stride=(1, 1), padding=(1, 1)) : 48.00%
Density in Conv2d(256, 512, kernel_size=(3, 3), stride=(1, 1), padding=(1, 1)) : 44.63%
Density in Conv2d(512, 512, kernel_size=(3, 3), stride=(1, 1), padding=(1, 1)) : 25.18%
1.0923991799354553
0.0
0.16323340403319986
AMOUNT:  0.75
Density in Conv2d(3, 64, kernel_size=(3, 3), stride=(1, 1), padding=(1, 1)) : 91.72%
Density in Conv2d(64, 64, kernel_size=(3, 3), stride=(1, 1), padding=(1, 1)) : 69.27%
Density in Conv2d(64, 128, kernel_size=(3, 3), stride=(1, 1), padding=(1, 1)) : 64.35%
Density in Conv2d(128, 128, kernel_size=(3, 3), stride=(1, 1), padding=(1, 1)) : 52.87%
Density in Conv2d(128, 256, kernel_size=(3, 3), stride=(1, 1), padding=(1, 1)) : 52.38%
Density in Conv2d(256, 256, kernel_size=(3, 3), stride=(1, 1), padding=(1, 1)) : 36.59%
Density in Conv2d(256, 512, kernel_size=(3, 3), stride=(1, 1), padding=(1, 1)) : 32.39%
Density in Conv2d(512, 512, kernel_size=(3, 3), stride=(1, 1), padding=(1, 1)) : 11.27%
1.0962541434499953
0.0
0.16339779993732717
AMOUNT:  0.875
Density in Conv2d(3, 64, kernel_size=(3, 3), stride=(1, 1), padding=(1, 1)) : 89.35%
Density in Conv2d(64, 64, kernel_size=(3, 3), stride=(1, 1), padding=(1, 1)) : 58.53%
Density in Conv2d(64, 128, kernel_size=(3, 3), stride=(1, 1), padding=(1, 1)) : 51.93%
Density in Conv2d(128, 128, kernel_size=(3, 3), stride=(1, 1), padding=(1, 1)) : 36.74%
Density in Conv2d(128, 256, kernel_size=(3, 3), stride=(1, 1), padding=(1, 1)) : 35.89%
Density in Conv2d(256, 256, kernel_size=(3, 3), stride=(1, 1), padding=(1, 1)) : 17.93%
Density in Conv2d(256, 512, kernel_size=(3, 3), stride=(1, 1), padding=(1, 1)) : 12.54%
Density in Conv2d(512, 512, kernel_size=(3, 3), stride=(1, 1), padding=(1, 1)) : 4.68%
1.0989999605549707
0.0
0.16025238353651622
AMOUNT:  1.0
Density in Conv2d(3, 64, kernel_size=(3, 3), stride=(1, 1), padding=(1, 1)) : 0.00%
Density in Conv2d(64, 64, kernel_size=(3, 3), stride=(1, 1), padding=(1, 1)) : 0.00%
Density in Conv2d(64, 128, kernel_size=(3, 3), stride=(1, 1), padding=(1, 1)) : 0.00%
Density in Conv2d(128, 128, kernel_size=(3, 3), stride=(1, 1), padding=(1, 1)) : 0.00%
Density in Conv2d(128, 256, kernel_size=(3, 3), stride=(1, 1), padding=(1, 1)) : 0.00%
Density in Conv2d(256, 256, kernel_size=(3, 3), stride=(1, 1), padding=(1, 1)) : 0.00%
Density in Conv2d(256, 512, kernel_size=(3, 3), stride=(1, 1), padding=(1, 1)) : 0.00%
Density in Conv2d(512, 512, kernel_size=(3, 3), stride=(1, 1), padding=(1, 1)) : 0.00%
2.290605624516805
0.0
0.023813436353447022
{0.0: (1.0848797493510776, 0.0, 0.16230051925984973), 0.125: (1.085012114710278, 0.0, 0.16909419487788271), 0.25: (1.085403409269121, 0.0, 0.16905772661112772), 0.375: (1.0853379435009427, 0.0, 0.1629014839238245), 0.5: (1.0894377132256825, 0.0, 0.158294891515118), 0.625: (1.0923991799354553, 0.0, 0.16323340403319986), 0.75: (1.0962541434499953, 0.0, 0.16339779993732717), 0.875: (1.0989999605549707, 0.0, 0.16025238353651622), 1.0: (2.290605624516805, 0.0, 0.023813436353447022)}
Prune the DECODER only...
Density in ConvTranspose2d(128, 64, kernel_size=(2, 2), stride=(2, 2)) : 100.00%
Density in ConvTranspose2d(256, 128, kernel_size=(2, 2), stride=(2, 2)) : 100.00%
Density in ConvTranspose2d(512, 256, kernel_size=(2, 2), stride=(2, 2)) : 100.00%
Density in ConvTranspose2d(1024, 512, kernel_size=(2, 2), stride=(2, 2)) : 100.00%
Density in Conv2d(128, 64, kernel_size=(3, 3), stride=(1, 1), padding=(1, 1)) : 100.00%
Density in Conv2d(64, 64, kernel_size=(3, 3), stride=(1, 1), padding=(1, 1)) : 100.00%
Density in Conv2d(256, 128, kernel_size=(3, 3), stride=(1, 1), padding=(1, 1)) : 100.00%
Density in Conv2d(128, 128, kernel_size=(3, 3), stride=(1, 1), padding=(1, 1)) : 100.00%
Density in Conv2d(512, 256, kernel_size=(3, 3), stride=(1, 1), padding=(1, 1)) : 100.00%
Density in Conv2d(256, 256, kernel_size=(3, 3), stride=(1, 1), padding=(1, 1)) : 100.00%
Density in Conv2d(1024, 512, kernel_size=(3, 3), stride=(1, 1), padding=(1, 1)) : 100.00%
Density in Conv2d(512, 512, kernel_size=(3, 3), stride=(1, 1), padding=(1, 1)) : 100.00%
1.0848797890875075
0.0
0.16215544441211263
Density in ConvTranspose2d(128, 64, kernel_size=(2, 2), stride=(2, 2)) : 96.44%
Density in ConvTranspose2d(256, 128, kernel_size=(2, 2), stride=(2, 2)) : 94.92%
Density in ConvTranspose2d(512, 256, kernel_size=(2, 2), stride=(2, 2)) : 92.86%
Density in ConvTranspose2d(1024, 512, kernel_size=(2, 2), stride=(2, 2)) : 90.72%
Density in Conv2d(128, 64, kernel_size=(3, 3), stride=(1, 1), padding=(1, 1)) : 94.74%
Density in Conv2d(64, 64, kernel_size=(3, 3), stride=(1, 1), padding=(1, 1)) : 95.18%
Density in Conv2d(256, 128, kernel_size=(3, 3), stride=(1, 1), padding=(1, 1)) : 91.77%
Density in Conv2d(128, 128, kernel_size=(3, 3), stride=(1, 1), padding=(1, 1)) : 92.53%
Density in Conv2d(512, 256, kernel_size=(3, 3), stride=(1, 1), padding=(1, 1)) : 88.94%
Density in Conv2d(256, 256, kernel_size=(3, 3), stride=(1, 1), padding=(1, 1)) : 90.22%
Density in Conv2d(1024, 512, kernel_size=(3, 3), stride=(1, 1), padding=(1, 1)) : 84.79%
Density in Conv2d(512, 512, kernel_size=(3, 3), stride=(1, 1), padding=(1, 1)) : 85.75%
1.085100856092241
0.0
0.16405069589688753
Density in ConvTranspose2d(128, 64, kernel_size=(2, 2), stride=(2, 2)) : 92.69%
Density in ConvTranspose2d(256, 128, kernel_size=(2, 2), stride=(2, 2)) : 89.76%
Density in ConvTranspose2d(512, 256, kernel_size=(2, 2), stride=(2, 2)) : 85.67%
Density in ConvTranspose2d(1024, 512, kernel_size=(2, 2), stride=(2, 2)) : 81.49%
Density in Conv2d(128, 64, kernel_size=(3, 3), stride=(1, 1), padding=(1, 1)) : 89.63%
Density in Conv2d(64, 64, kernel_size=(3, 3), stride=(1, 1), padding=(1, 1)) : 90.06%
Density in Conv2d(256, 128, kernel_size=(3, 3), stride=(1, 1), padding=(1, 1)) : 83.48%
Density in Conv2d(128, 128, kernel_size=(3, 3), stride=(1, 1), padding=(1, 1)) : 85.05%
Density in Conv2d(512, 256, kernel_size=(3, 3), stride=(1, 1), padding=(1, 1)) : 77.92%
Density in Conv2d(256, 256, kernel_size=(3, 3), stride=(1, 1), padding=(1, 1)) : 80.36%
Density in Conv2d(1024, 512, kernel_size=(3, 3), stride=(1, 1), padding=(1, 1)) : 69.66%
Density in Conv2d(512, 512, kernel_size=(3, 3), stride=(1, 1), padding=(1, 1)) : 71.29%
1.0851885510815515
0.0
0.15875923102021164
Density in ConvTranspose2d(128, 64, kernel_size=(2, 2), stride=(2, 2)) : 88.72%
Density in ConvTranspose2d(256, 128, kernel_size=(2, 2), stride=(2, 2)) : 84.46%
Density in ConvTranspose2d(512, 256, kernel_size=(2, 2), stride=(2, 2)) : 78.30%
Density in ConvTranspose2d(1024, 512, kernel_size=(2, 2), stride=(2, 2)) : 72.21%
Density in Conv2d(128, 64, kernel_size=(3, 3), stride=(1, 1), padding=(1, 1)) : 84.35%
Density in Conv2d(64, 64, kernel_size=(3, 3), stride=(1, 1), padding=(1, 1)) : 84.85%
Density in Conv2d(256, 128, kernel_size=(3, 3), stride=(1, 1), padding=(1, 1)) : 74.96%
Density in Conv2d(128, 128, kernel_size=(3, 3), stride=(1, 1), padding=(1, 1)) : 77.55%
Density in Conv2d(512, 256, kernel_size=(3, 3), stride=(1, 1), padding=(1, 1)) : 66.86%
Density in Conv2d(256, 256, kernel_size=(3, 3), stride=(1, 1), padding=(1, 1)) : 70.27%
Density in Conv2d(1024, 512, kernel_size=(3, 3), stride=(1, 1), padding=(1, 1)) : 54.73%
Density in Conv2d(512, 512, kernel_size=(3, 3), stride=(1, 1), padding=(1, 1)) : 56.66%
1.0845688217216067
0.0
0.17151334947031524
Density in ConvTranspose2d(128, 64, kernel_size=(2, 2), stride=(2, 2)) : 84.55%
Density in ConvTranspose2d(256, 128, kernel_size=(2, 2), stride=(2, 2)) : 78.95%
Density in ConvTranspose2d(512, 256, kernel_size=(2, 2), stride=(2, 2)) : 70.65%
Density in ConvTranspose2d(1024, 512, kernel_size=(2, 2), stride=(2, 2)) : 62.57%
Density in Conv2d(128, 64, kernel_size=(3, 3), stride=(1, 1), padding=(1, 1)) : 78.84%
Density in Conv2d(64, 64, kernel_size=(3, 3), stride=(1, 1), padding=(1, 1)) : 79.72%
Density in Conv2d(256, 128, kernel_size=(3, 3), stride=(1, 1), padding=(1, 1)) : 66.24%
Density in Conv2d(128, 128, kernel_size=(3, 3), stride=(1, 1), padding=(1, 1)) : 69.64%
Density in Conv2d(512, 256, kernel_size=(3, 3), stride=(1, 1), padding=(1, 1)) : 55.71%
Density in Conv2d(256, 256, kernel_size=(3, 3), stride=(1, 1), padding=(1, 1)) : 59.85%
Density in Conv2d(1024, 512, kernel_size=(3, 3), stride=(1, 1), padding=(1, 1)) : 39.93%
Density in Conv2d(512, 512, kernel_size=(3, 3), stride=(1, 1), padding=(1, 1)) : 42.36%
1.0851817892657385
0.0
0.16415482458376204
Density in ConvTranspose2d(128, 64, kernel_size=(2, 2), stride=(2, 2)) : 79.53%
Density in ConvTranspose2d(256, 128, kernel_size=(2, 2), stride=(2, 2)) : 71.82%
Density in ConvTranspose2d(512, 256, kernel_size=(2, 2), stride=(2, 2)) : 60.80%
Density in ConvTranspose2d(1024, 512, kernel_size=(2, 2), stride=(2, 2)) : 50.39%
Density in Conv2d(128, 64, kernel_size=(3, 3), stride=(1, 1), padding=(1, 1)) : 71.67%
Density in Conv2d(64, 64, kernel_size=(3, 3), stride=(1, 1), padding=(1, 1)) : 72.90%
Density in Conv2d(256, 128, kernel_size=(3, 3), stride=(1, 1), padding=(1, 1)) : 55.25%
Density in Conv2d(128, 128, kernel_size=(3, 3), stride=(1, 1), padding=(1, 1)) : 59.81%
Density in Conv2d(512, 256, kernel_size=(3, 3), stride=(1, 1), padding=(1, 1)) : 42.17%
Density in Conv2d(256, 256, kernel_size=(3, 3), stride=(1, 1), padding=(1, 1)) : 46.62%
Density in Conv2d(1024, 512, kernel_size=(3, 3), stride=(1, 1), padding=(1, 1)) : 28.90%
Density in Conv2d(512, 512, kernel_size=(3, 3), stride=(1, 1), padding=(1, 1)) : 25.72%
1.0881128741635218
0.0
0.16429458200089678
Density in ConvTranspose2d(128, 64, kernel_size=(2, 2), stride=(2, 2)) : 71.76%
Density in ConvTranspose2d(256, 128, kernel_size=(2, 2), stride=(2, 2)) : 61.63%
Density in ConvTranspose2d(512, 256, kernel_size=(2, 2), stride=(2, 2)) : 47.00%
Density in ConvTranspose2d(1024, 512, kernel_size=(2, 2), stride=(2, 2)) : 33.71%
Density in Conv2d(128, 64, kernel_size=(3, 3), stride=(1, 1), padding=(1, 1)) : 61.99%
Density in Conv2d(64, 64, kernel_size=(3, 3), stride=(1, 1), padding=(1, 1)) : 63.37%
Density in Conv2d(256, 128, kernel_size=(3, 3), stride=(1, 1), padding=(1, 1)) : 40.81%
Density in Conv2d(128, 128, kernel_size=(3, 3), stride=(1, 1), padding=(1, 1)) : 46.17%
Density in Conv2d(512, 256, kernel_size=(3, 3), stride=(1, 1), padding=(1, 1)) : 28.29%
Density in Conv2d(256, 256, kernel_size=(3, 3), stride=(1, 1), padding=(1, 1)) : 29.78%
Density in Conv2d(1024, 512, kernel_size=(3, 3), stride=(1, 1), padding=(1, 1)) : 20.55%
Density in Conv2d(512, 512, kernel_size=(3, 3), stride=(1, 1), padding=(1, 1)) : 10.69%
1.088769210709466
0.0
0.17024209191247297
Density in ConvTranspose2d(128, 64, kernel_size=(2, 2), stride=(2, 2)) : 59.04%
Density in ConvTranspose2d(256, 128, kernel_size=(2, 2), stride=(2, 2)) : 44.44%
Density in ConvTranspose2d(512, 256, kernel_size=(2, 2), stride=(2, 2)) : 24.46%
Density in ConvTranspose2d(1024, 512, kernel_size=(2, 2), stride=(2, 2)) : 13.77%
Density in Conv2d(128, 64, kernel_size=(3, 3), stride=(1, 1), padding=(1, 1)) : 46.38%
Density in Conv2d(64, 64, kernel_size=(3, 3), stride=(1, 1), padding=(1, 1)) : 47.35%
Density in Conv2d(256, 128, kernel_size=(3, 3), stride=(1, 1), padding=(1, 1)) : 22.88%
Density in Conv2d(128, 128, kernel_size=(3, 3), stride=(1, 1), padding=(1, 1)) : 24.99%
Density in Conv2d(512, 256, kernel_size=(3, 3), stride=(1, 1), padding=(1, 1)) : 15.79%
Density in Conv2d(256, 256, kernel_size=(3, 3), stride=(1, 1), padding=(1, 1)) : 11.34%
Density in Conv2d(1024, 512, kernel_size=(3, 3), stride=(1, 1), padding=(1, 1)) : 11.54%
Density in Conv2d(512, 512, kernel_size=(3, 3), stride=(1, 1), padding=(1, 1)) : 3.17%
1.1049531333976321
0.0
0.17061067372238703
Density in ConvTranspose2d(128, 64, kernel_size=(2, 2), stride=(2, 2)) : 0.00%
Density in ConvTranspose2d(256, 128, kernel_size=(2, 2), stride=(2, 2)) : 0.00%
Density in ConvTranspose2d(512, 256, kernel_size=(2, 2), stride=(2, 2)) : 0.00%
Density in ConvTranspose2d(1024, 512, kernel_size=(2, 2), stride=(2, 2)) : 0.00%
Density in Conv2d(128, 64, kernel_size=(3, 3), stride=(1, 1), padding=(1, 1)) : 0.00%
Density in Conv2d(64, 64, kernel_size=(3, 3), stride=(1, 1), padding=(1, 1)) : 0.00%
Density in Conv2d(256, 128, kernel_size=(3, 3), stride=(1, 1), padding=(1, 1)) : 0.00%
Density in Conv2d(128, 128, kernel_size=(3, 3), stride=(1, 1), padding=(1, 1)) : 0.00%
Density in Conv2d(512, 256, kernel_size=(3, 3), stride=(1, 1), padding=(1, 1)) : 0.00%
Density in Conv2d(256, 256, kernel_size=(3, 3), stride=(1, 1), padding=(1, 1)) : 0.00%
Density in Conv2d(1024, 512, kernel_size=(3, 3), stride=(1, 1), padding=(1, 1)) : 0.00%
Density in Conv2d(512, 512, kernel_size=(3, 3), stride=(1, 1), padding=(1, 1)) : 0.00%
3.06055576271481
0.0
0.02360302253926377
{0.0: (1.0848797890875075, 0.0, 0.16215544441211263), 0.125: (1.085100856092241, 0.0, 0.16405069589688753), 0.25: (1.0851885510815515, 0.0, 0.15875923102021164), 0.375: (1.0845688217216067, 0.0, 0.17151334947031524), 0.5: (1.0851817892657385, 0.0, 0.16415482458376204), 0.625: (1.0881128741635218, 0.0, 0.16429458200089678), 0.75: (1.088769210709466, 0.0, 0.17024209191247297), 0.875: (1.1049531333976321, 0.0, 0.17061067372238703), 1.0: (3.06055576271481, 0.0, 0.02360302253926377)}
FINISH
