Your NetID is: zs1542
Your environment is: py38
start working
Mission: Pruning encoder and decoder seperately
We are using the state dict from
 /scratch/zs1542/CV-FinalProject/CVFramework/checkpoints_1211_0/Unet_28.pth
Prune the ENCODER only...
Encoder pruning
 amount: 0 - 1 
method: Global Unstructured L1
AMOUNT:  0.0
Density in Conv2d(3, 64, kernel_size=(3, 3), stride=(1, 1), padding=(1, 1)) : 100.00%
Density in Conv2d(64, 64, kernel_size=(3, 3), stride=(1, 1), padding=(1, 1)) : 100.00%
Density in Conv2d(64, 128, kernel_size=(3, 3), stride=(1, 1), padding=(1, 1)) : 100.00%
Density in Conv2d(128, 128, kernel_size=(3, 3), stride=(1, 1), padding=(1, 1)) : 100.00%
Density in Conv2d(128, 256, kernel_size=(3, 3), stride=(1, 1), padding=(1, 1)) : 100.00%
Density in Conv2d(256, 256, kernel_size=(3, 3), stride=(1, 1), padding=(1, 1)) : 100.00%
Density in Conv2d(256, 512, kernel_size=(3, 3), stride=(1, 1), padding=(1, 1)) : 100.00%
Density in Conv2d(512, 512, kernel_size=(3, 3), stride=(1, 1), padding=(1, 1)) : 100.00%
1.0848797692192926
0.6667152775658501
0.16477843977883977
AMOUNT:  0.05
Density in Conv2d(3, 64, kernel_size=(3, 3), stride=(1, 1), padding=(1, 1)) : 94.56%
Density in Conv2d(64, 64, kernel_size=(3, 3), stride=(1, 1), padding=(1, 1)) : 94.92%
Density in Conv2d(64, 128, kernel_size=(3, 3), stride=(1, 1), padding=(1, 1)) : 95.04%
Density in Conv2d(128, 128, kernel_size=(3, 3), stride=(1, 1), padding=(1, 1)) : 95.00%
Density in Conv2d(128, 256, kernel_size=(3, 3), stride=(1, 1), padding=(1, 1)) : 94.98%
Density in Conv2d(256, 256, kernel_size=(3, 3), stride=(1, 1), padding=(1, 1)) : 94.93%
Density in Conv2d(256, 512, kernel_size=(3, 3), stride=(1, 1), padding=(1, 1)) : 95.02%
Density in Conv2d(512, 512, kernel_size=(3, 3), stride=(1, 1), padding=(1, 1)) : 95.01%
1.332176450226042
0.58656335539288
0.12488571475634241
AMOUNT:  0.1
Density in Conv2d(3, 64, kernel_size=(3, 3), stride=(1, 1), padding=(1, 1)) : 89.70%
Density in Conv2d(64, 64, kernel_size=(3, 3), stride=(1, 1), padding=(1, 1)) : 90.07%
Density in Conv2d(64, 128, kernel_size=(3, 3), stride=(1, 1), padding=(1, 1)) : 90.19%
Density in Conv2d(128, 128, kernel_size=(3, 3), stride=(1, 1), padding=(1, 1)) : 90.06%
Density in Conv2d(128, 256, kernel_size=(3, 3), stride=(1, 1), padding=(1, 1)) : 90.09%
Density in Conv2d(256, 256, kernel_size=(3, 3), stride=(1, 1), padding=(1, 1)) : 89.99%
Density in Conv2d(256, 512, kernel_size=(3, 3), stride=(1, 1), padding=(1, 1)) : 89.97%
Density in Conv2d(512, 512, kernel_size=(3, 3), stride=(1, 1), padding=(1, 1)) : 90.00%
1.3711100386248694
0.5851439088582993
0.12661637876041643
AMOUNT:  0.15000000000000002
Density in Conv2d(3, 64, kernel_size=(3, 3), stride=(1, 1), padding=(1, 1)) : 84.14%
Density in Conv2d(64, 64, kernel_size=(3, 3), stride=(1, 1), padding=(1, 1)) : 84.93%
Density in Conv2d(64, 128, kernel_size=(3, 3), stride=(1, 1), padding=(1, 1)) : 85.11%
Density in Conv2d(128, 128, kernel_size=(3, 3), stride=(1, 1), padding=(1, 1)) : 85.05%
Density in Conv2d(128, 256, kernel_size=(3, 3), stride=(1, 1), padding=(1, 1)) : 84.88%
Density in Conv2d(256, 256, kernel_size=(3, 3), stride=(1, 1), padding=(1, 1)) : 85.00%
Density in Conv2d(256, 512, kernel_size=(3, 3), stride=(1, 1), padding=(1, 1)) : 85.00%
Density in Conv2d(512, 512, kernel_size=(3, 3), stride=(1, 1), padding=(1, 1)) : 85.01%
1.2864905165301428
0.6103234572543038
0.13031018359980148
AMOUNT:  0.2
Density in Conv2d(3, 64, kernel_size=(3, 3), stride=(1, 1), padding=(1, 1)) : 78.76%
Density in Conv2d(64, 64, kernel_size=(3, 3), stride=(1, 1), padding=(1, 1)) : 79.44%
Density in Conv2d(64, 128, kernel_size=(3, 3), stride=(1, 1), padding=(1, 1)) : 80.08%
Density in Conv2d(128, 128, kernel_size=(3, 3), stride=(1, 1), padding=(1, 1)) : 80.11%
Density in Conv2d(128, 256, kernel_size=(3, 3), stride=(1, 1), padding=(1, 1)) : 80.00%
Density in Conv2d(256, 256, kernel_size=(3, 3), stride=(1, 1), padding=(1, 1)) : 80.05%
Density in Conv2d(256, 512, kernel_size=(3, 3), stride=(1, 1), padding=(1, 1)) : 79.97%
Density in Conv2d(512, 512, kernel_size=(3, 3), stride=(1, 1), padding=(1, 1)) : 80.00%
1.7711235682169597
0.4116513364844852
0.07462487200415116
AMOUNT:  0.25
Density in Conv2d(3, 64, kernel_size=(3, 3), stride=(1, 1), padding=(1, 1)) : 75.12%
Density in Conv2d(64, 64, kernel_size=(3, 3), stride=(1, 1), padding=(1, 1)) : 75.08%
Density in Conv2d(64, 128, kernel_size=(3, 3), stride=(1, 1), padding=(1, 1)) : 74.88%
Density in Conv2d(128, 128, kernel_size=(3, 3), stride=(1, 1), padding=(1, 1)) : 74.89%
Density in Conv2d(128, 256, kernel_size=(3, 3), stride=(1, 1), padding=(1, 1)) : 74.92%
Density in Conv2d(256, 256, kernel_size=(3, 3), stride=(1, 1), padding=(1, 1)) : 75.05%
Density in Conv2d(256, 512, kernel_size=(3, 3), stride=(1, 1), padding=(1, 1)) : 74.98%
Density in Conv2d(512, 512, kernel_size=(3, 3), stride=(1, 1), padding=(1, 1)) : 75.02%
1.7586647868156433
0.44077014012469184
0.08573765882948592
AMOUNT:  0.30000000000000004
Density in Conv2d(3, 64, kernel_size=(3, 3), stride=(1, 1), padding=(1, 1)) : 71.30%
Density in Conv2d(64, 64, kernel_size=(3, 3), stride=(1, 1), padding=(1, 1)) : 70.30%
Density in Conv2d(64, 128, kernel_size=(3, 3), stride=(1, 1), padding=(1, 1)) : 70.14%
Density in Conv2d(128, 128, kernel_size=(3, 3), stride=(1, 1), padding=(1, 1)) : 70.05%
Density in Conv2d(128, 256, kernel_size=(3, 3), stride=(1, 1), padding=(1, 1)) : 69.97%
Density in Conv2d(256, 256, kernel_size=(3, 3), stride=(1, 1), padding=(1, 1)) : 70.04%
Density in Conv2d(256, 512, kernel_size=(3, 3), stride=(1, 1), padding=(1, 1)) : 69.99%
Density in Conv2d(512, 512, kernel_size=(3, 3), stride=(1, 1), padding=(1, 1)) : 69.99%
1.6746241317854986
0.4621997930937343
0.10362271565916241
AMOUNT:  0.35000000000000003
Density in Conv2d(3, 64, kernel_size=(3, 3), stride=(1, 1), padding=(1, 1)) : 65.80%
Density in Conv2d(64, 64, kernel_size=(3, 3), stride=(1, 1), padding=(1, 1)) : 64.98%
Density in Conv2d(64, 128, kernel_size=(3, 3), stride=(1, 1), padding=(1, 1)) : 64.96%
Density in Conv2d(128, 128, kernel_size=(3, 3), stride=(1, 1), padding=(1, 1)) : 64.95%
Density in Conv2d(128, 256, kernel_size=(3, 3), stride=(1, 1), padding=(1, 1)) : 64.95%
Density in Conv2d(256, 256, kernel_size=(3, 3), stride=(1, 1), padding=(1, 1)) : 64.98%
Density in Conv2d(256, 512, kernel_size=(3, 3), stride=(1, 1), padding=(1, 1)) : 65.03%
Density in Conv2d(512, 512, kernel_size=(3, 3), stride=(1, 1), padding=(1, 1)) : 65.00%
1.799319240781996
0.4383652839395735
0.06630956922131809
AMOUNT:  0.4
Density in Conv2d(3, 64, kernel_size=(3, 3), stride=(1, 1), padding=(1, 1)) : 60.53%
Density in Conv2d(64, 64, kernel_size=(3, 3), stride=(1, 1), padding=(1, 1)) : 60.43%
Density in Conv2d(64, 128, kernel_size=(3, 3), stride=(1, 1), padding=(1, 1)) : 59.97%
Density in Conv2d(128, 128, kernel_size=(3, 3), stride=(1, 1), padding=(1, 1)) : 59.96%
Density in Conv2d(128, 256, kernel_size=(3, 3), stride=(1, 1), padding=(1, 1)) : 60.01%
Density in Conv2d(256, 256, kernel_size=(3, 3), stride=(1, 1), padding=(1, 1)) : 59.99%
Density in Conv2d(256, 512, kernel_size=(3, 3), stride=(1, 1), padding=(1, 1)) : 60.03%
Density in Conv2d(512, 512, kernel_size=(3, 3), stride=(1, 1), padding=(1, 1)) : 59.98%
2.2735031843185425
0.31838042702939773
0.05596039793229663
AMOUNT:  0.45
Density in Conv2d(3, 64, kernel_size=(3, 3), stride=(1, 1), padding=(1, 1)) : 55.27%
Density in Conv2d(64, 64, kernel_size=(3, 3), stride=(1, 1), padding=(1, 1)) : 55.12%
Density in Conv2d(64, 128, kernel_size=(3, 3), stride=(1, 1), padding=(1, 1)) : 54.88%
Density in Conv2d(128, 128, kernel_size=(3, 3), stride=(1, 1), padding=(1, 1)) : 54.98%
Density in Conv2d(128, 256, kernel_size=(3, 3), stride=(1, 1), padding=(1, 1)) : 54.97%
Density in Conv2d(256, 256, kernel_size=(3, 3), stride=(1, 1), padding=(1, 1)) : 55.01%
Density in Conv2d(256, 512, kernel_size=(3, 3), stride=(1, 1), padding=(1, 1)) : 55.04%
Density in Conv2d(512, 512, kernel_size=(3, 3), stride=(1, 1), padding=(1, 1)) : 54.99%
1.9907372262742784
0.3950865508781539
0.06436759380816556
AMOUNT:  0.5
Density in Conv2d(3, 64, kernel_size=(3, 3), stride=(1, 1), padding=(1, 1)) : 47.34%
Density in Conv2d(64, 64, kernel_size=(3, 3), stride=(1, 1), padding=(1, 1)) : 49.81%
Density in Conv2d(64, 128, kernel_size=(3, 3), stride=(1, 1), padding=(1, 1)) : 49.97%
Density in Conv2d(128, 128, kernel_size=(3, 3), stride=(1, 1), padding=(1, 1)) : 49.69%
Density in Conv2d(128, 256, kernel_size=(3, 3), stride=(1, 1), padding=(1, 1)) : 49.87%
Density in Conv2d(256, 256, kernel_size=(3, 3), stride=(1, 1), padding=(1, 1)) : 50.06%
Density in Conv2d(256, 512, kernel_size=(3, 3), stride=(1, 1), padding=(1, 1)) : 49.93%
Density in Conv2d(512, 512, kernel_size=(3, 3), stride=(1, 1), padding=(1, 1)) : 50.06%
2.2513395415412054
0.2635592230492168
0.04347040922403318
AMOUNT:  0.55
Density in Conv2d(3, 64, kernel_size=(3, 3), stride=(1, 1), padding=(1, 1)) : 45.25%
Density in Conv2d(64, 64, kernel_size=(3, 3), stride=(1, 1), padding=(1, 1)) : 44.85%
Density in Conv2d(64, 128, kernel_size=(3, 3), stride=(1, 1), padding=(1, 1)) : 44.98%
Density in Conv2d(128, 128, kernel_size=(3, 3), stride=(1, 1), padding=(1, 1)) : 44.70%
Density in Conv2d(128, 256, kernel_size=(3, 3), stride=(1, 1), padding=(1, 1)) : 44.87%
Density in Conv2d(256, 256, kernel_size=(3, 3), stride=(1, 1), padding=(1, 1)) : 45.08%
Density in Conv2d(256, 512, kernel_size=(3, 3), stride=(1, 1), padding=(1, 1)) : 45.12%
Density in Conv2d(512, 512, kernel_size=(3, 3), stride=(1, 1), padding=(1, 1)) : 44.96%
2.043414102660285
0.41900286078453064
0.060035256806074876
AMOUNT:  0.6000000000000001
Density in Conv2d(3, 64, kernel_size=(3, 3), stride=(1, 1), padding=(1, 1)) : 40.16%
Density in Conv2d(64, 64, kernel_size=(3, 3), stride=(1, 1), padding=(1, 1)) : 40.22%
Density in Conv2d(64, 128, kernel_size=(3, 3), stride=(1, 1), padding=(1, 1)) : 39.83%
Density in Conv2d(128, 128, kernel_size=(3, 3), stride=(1, 1), padding=(1, 1)) : 39.90%
Density in Conv2d(128, 256, kernel_size=(3, 3), stride=(1, 1), padding=(1, 1)) : 39.89%
Density in Conv2d(256, 256, kernel_size=(3, 3), stride=(1, 1), padding=(1, 1)) : 40.02%
Density in Conv2d(256, 512, kernel_size=(3, 3), stride=(1, 1), padding=(1, 1)) : 40.02%
Density in Conv2d(512, 512, kernel_size=(3, 3), stride=(1, 1), padding=(1, 1)) : 40.01%
1.8938608302010431
0.46620140969753265
0.056299121851017486
AMOUNT:  0.65
Density in Conv2d(3, 64, kernel_size=(3, 3), stride=(1, 1), padding=(1, 1)) : 36.05%
Density in Conv2d(64, 64, kernel_size=(3, 3), stride=(1, 1), padding=(1, 1)) : 35.20%
Density in Conv2d(64, 128, kernel_size=(3, 3), stride=(1, 1), padding=(1, 1)) : 35.04%
Density in Conv2d(128, 128, kernel_size=(3, 3), stride=(1, 1), padding=(1, 1)) : 34.75%
Density in Conv2d(128, 256, kernel_size=(3, 3), stride=(1, 1), padding=(1, 1)) : 34.92%
Density in Conv2d(256, 256, kernel_size=(3, 3), stride=(1, 1), padding=(1, 1)) : 35.06%
Density in Conv2d(256, 512, kernel_size=(3, 3), stride=(1, 1), padding=(1, 1)) : 34.97%
Density in Conv2d(512, 512, kernel_size=(3, 3), stride=(1, 1), padding=(1, 1)) : 35.02%
2.0406486988067627
0.39576246009932625
0.05299218353360598
AMOUNT:  0.7000000000000001
Density in Conv2d(3, 64, kernel_size=(3, 3), stride=(1, 1), padding=(1, 1)) : 29.40%
Density in Conv2d(64, 64, kernel_size=(3, 3), stride=(1, 1), padding=(1, 1)) : 30.17%
Density in Conv2d(64, 128, kernel_size=(3, 3), stride=(1, 1), padding=(1, 1)) : 29.98%
Density in Conv2d(128, 128, kernel_size=(3, 3), stride=(1, 1), padding=(1, 1)) : 29.93%
Density in Conv2d(128, 256, kernel_size=(3, 3), stride=(1, 1), padding=(1, 1)) : 30.09%
Density in Conv2d(256, 256, kernel_size=(3, 3), stride=(1, 1), padding=(1, 1)) : 29.95%
Density in Conv2d(256, 512, kernel_size=(3, 3), stride=(1, 1), padding=(1, 1)) : 30.01%
Density in Conv2d(512, 512, kernel_size=(3, 3), stride=(1, 1), padding=(1, 1)) : 30.00%
2.5336987442440457
0.238404783523745
0.02428771114595886
AMOUNT:  0.75
Density in Conv2d(3, 64, kernel_size=(3, 3), stride=(1, 1), padding=(1, 1)) : 25.00%
Density in Conv2d(64, 64, kernel_size=(3, 3), stride=(1, 1), padding=(1, 1)) : 24.70%
Density in Conv2d(64, 128, kernel_size=(3, 3), stride=(1, 1), padding=(1, 1)) : 25.33%
Density in Conv2d(128, 128, kernel_size=(3, 3), stride=(1, 1), padding=(1, 1)) : 24.92%
Density in Conv2d(128, 256, kernel_size=(3, 3), stride=(1, 1), padding=(1, 1)) : 25.04%
Density in Conv2d(256, 256, kernel_size=(3, 3), stride=(1, 1), padding=(1, 1)) : 24.97%
Density in Conv2d(256, 512, kernel_size=(3, 3), stride=(1, 1), padding=(1, 1)) : 24.98%
Density in Conv2d(512, 512, kernel_size=(3, 3), stride=(1, 1), padding=(1, 1)) : 25.01%
2.200857016775343
0.36419659190707737
0.03544967582237333
AMOUNT:  0.8
Density in Conv2d(3, 64, kernel_size=(3, 3), stride=(1, 1), padding=(1, 1)) : 21.41%
Density in Conv2d(64, 64, kernel_size=(3, 3), stride=(1, 1), padding=(1, 1)) : 19.66%
Density in Conv2d(64, 128, kernel_size=(3, 3), stride=(1, 1), padding=(1, 1)) : 20.15%
Density in Conv2d(128, 128, kernel_size=(3, 3), stride=(1, 1), padding=(1, 1)) : 19.90%
Density in Conv2d(128, 256, kernel_size=(3, 3), stride=(1, 1), padding=(1, 1)) : 19.92%
Density in Conv2d(256, 256, kernel_size=(3, 3), stride=(1, 1), padding=(1, 1)) : 20.02%
Density in Conv2d(256, 512, kernel_size=(3, 3), stride=(1, 1), padding=(1, 1)) : 20.01%
Density in Conv2d(512, 512, kernel_size=(3, 3), stride=(1, 1), padding=(1, 1)) : 20.01%
1.953763359122806
0.4368206097020043
0.0506359693868422
AMOUNT:  0.8500000000000001
Density in Conv2d(3, 64, kernel_size=(3, 3), stride=(1, 1), padding=(1, 1)) : 16.26%
Density in Conv2d(64, 64, kernel_size=(3, 3), stride=(1, 1), padding=(1, 1)) : 14.79%
Density in Conv2d(64, 128, kernel_size=(3, 3), stride=(1, 1), padding=(1, 1)) : 15.09%
Density in Conv2d(128, 128, kernel_size=(3, 3), stride=(1, 1), padding=(1, 1)) : 15.04%
Density in Conv2d(128, 256, kernel_size=(3, 3), stride=(1, 1), padding=(1, 1)) : 14.95%
Density in Conv2d(256, 256, kernel_size=(3, 3), stride=(1, 1), padding=(1, 1)) : 15.03%
Density in Conv2d(256, 512, kernel_size=(3, 3), stride=(1, 1), padding=(1, 1)) : 14.99%
Density in Conv2d(512, 512, kernel_size=(3, 3), stride=(1, 1), padding=(1, 1)) : 15.00%
2.4380691382620068
0.17213972533742586
0.017118268130193594
AMOUNT:  0.9
Density in Conv2d(3, 64, kernel_size=(3, 3), stride=(1, 1), padding=(1, 1)) : 10.01%
Density in Conv2d(64, 64, kernel_size=(3, 3), stride=(1, 1), padding=(1, 1)) : 9.94%
Density in Conv2d(64, 128, kernel_size=(3, 3), stride=(1, 1), padding=(1, 1)) : 10.12%
Density in Conv2d(128, 128, kernel_size=(3, 3), stride=(1, 1), padding=(1, 1)) : 9.98%
Density in Conv2d(128, 256, kernel_size=(3, 3), stride=(1, 1), padding=(1, 1)) : 9.95%
Density in Conv2d(256, 256, kernel_size=(3, 3), stride=(1, 1), padding=(1, 1)) : 10.03%
Density in Conv2d(256, 512, kernel_size=(3, 3), stride=(1, 1), padding=(1, 1)) : 9.99%
Density in Conv2d(512, 512, kernel_size=(3, 3), stride=(1, 1), padding=(1, 1)) : 10.00%
2.3194162050882974
0.32640495234065586
0.027651739826697042
AMOUNT:  0.9500000000000001
Density in Conv2d(3, 64, kernel_size=(3, 3), stride=(1, 1), padding=(1, 1)) : 4.17%
Density in Conv2d(64, 64, kernel_size=(3, 3), stride=(1, 1), padding=(1, 1)) : 5.04%
Density in Conv2d(64, 128, kernel_size=(3, 3), stride=(1, 1), padding=(1, 1)) : 5.01%
Density in Conv2d(128, 128, kernel_size=(3, 3), stride=(1, 1), padding=(1, 1)) : 4.94%
Density in Conv2d(128, 256, kernel_size=(3, 3), stride=(1, 1), padding=(1, 1)) : 4.97%
Density in Conv2d(256, 256, kernel_size=(3, 3), stride=(1, 1), padding=(1, 1)) : 4.99%
Density in Conv2d(256, 512, kernel_size=(3, 3), stride=(1, 1), padding=(1, 1)) : 5.00%
Density in Conv2d(512, 512, kernel_size=(3, 3), stride=(1, 1), padding=(1, 1)) : 5.01%
2.2417962551116943
0.4012259973420037
0.024205320445329265
AMOUNT:  1.0
Density in Conv2d(3, 64, kernel_size=(3, 3), stride=(1, 1), padding=(1, 1)) : 0.00%
Density in Conv2d(64, 64, kernel_size=(3, 3), stride=(1, 1), padding=(1, 1)) : 0.00%
Density in Conv2d(64, 128, kernel_size=(3, 3), stride=(1, 1), padding=(1, 1)) : 0.00%
Density in Conv2d(128, 128, kernel_size=(3, 3), stride=(1, 1), padding=(1, 1)) : 0.00%
Density in Conv2d(128, 256, kernel_size=(3, 3), stride=(1, 1), padding=(1, 1)) : 0.00%
Density in Conv2d(256, 256, kernel_size=(3, 3), stride=(1, 1), padding=(1, 1)) : 0.00%
Density in Conv2d(256, 512, kernel_size=(3, 3), stride=(1, 1), padding=(1, 1)) : 0.00%
Density in Conv2d(512, 512, kernel_size=(3, 3), stride=(1, 1), padding=(1, 1)) : 0.00%
2.290605194038815
0.4012260006533729
0.024052166735736055
{0.0: (1.0848797692192926, 0.6667152775658501, 0.16477843977883977), 0.05: (1.332176450226042, 0.58656335539288, 0.12488571475634241), 0.1: (1.3711100386248694, 0.5851439088582993, 0.12661637876041643), 0.15000000000000002: (1.2864905165301428, 0.6103234572543038, 0.13031018359980148), 0.2: (1.7711235682169597, 0.4116513364844852, 0.07462487200415116), 0.25: (1.7586647868156433, 0.44077014012469184, 0.08573765882948592), 0.30000000000000004: (1.6746241317854986, 0.4621997930937343, 0.10362271565916241), 0.35000000000000003: (1.799319240781996, 0.4383652839395735, 0.06630956922131809), 0.4: (2.2735031843185425, 0.31838042702939773, 0.05596039793229663), 0.45: (1.9907372262742784, 0.3950865508781539, 0.06436759380816556), 0.5: (2.2513395415412054, 0.2635592230492168, 0.04347040922403318), 0.55: (2.043414102660285, 0.41900286078453064, 0.060035256806074876), 0.6000000000000001: (1.8938608302010431, 0.46620140969753265, 0.056299121851017486), 0.65: (2.0406486988067627, 0.39576246009932625, 0.05299218353360598), 0.7000000000000001: (2.5336987442440457, 0.238404783523745, 0.02428771114595886), 0.75: (2.200857016775343, 0.36419659190707737, 0.03544967582237333), 0.8: (1.953763359122806, 0.4368206097020043, 0.0506359693868422), 0.8500000000000001: (2.4380691382620068, 0.17213972533742586, 0.017118268130193594), 0.9: (2.3194162050882974, 0.32640495234065586, 0.027651739826697042), 0.9500000000000001: (2.2417962551116943, 0.4012259973420037, 0.024205320445329265), 1.0: (2.290605194038815, 0.4012260006533729, 0.024052166735736055)}
Prune the DECODER only...
Density in ConvTranspose2d(128, 64, kernel_size=(2, 2), stride=(2, 2)) : 100.00%
Density in ConvTranspose2d(256, 128, kernel_size=(2, 2), stride=(2, 2)) : 100.00%
Density in ConvTranspose2d(512, 256, kernel_size=(2, 2), stride=(2, 2)) : 100.00%
Density in ConvTranspose2d(1024, 512, kernel_size=(2, 2), stride=(2, 2)) : 100.00%
Density in Conv2d(128, 64, kernel_size=(3, 3), stride=(1, 1), padding=(1, 1)) : 100.00%
Density in Conv2d(64, 64, kernel_size=(3, 3), stride=(1, 1), padding=(1, 1)) : 100.00%
Density in Conv2d(256, 128, kernel_size=(3, 3), stride=(1, 1), padding=(1, 1)) : 100.00%
Density in Conv2d(128, 128, kernel_size=(3, 3), stride=(1, 1), padding=(1, 1)) : 100.00%
Density in Conv2d(512, 256, kernel_size=(3, 3), stride=(1, 1), padding=(1, 1)) : 100.00%
Density in Conv2d(256, 256, kernel_size=(3, 3), stride=(1, 1), padding=(1, 1)) : 100.00%
Density in Conv2d(1024, 512, kernel_size=(3, 3), stride=(1, 1), padding=(1, 1)) : 100.00%
Density in Conv2d(512, 512, kernel_size=(3, 3), stride=(1, 1), padding=(1, 1)) : 100.00%
1.084879759285185
0.0
0.16308678966822068
Density in ConvTranspose2d(128, 64, kernel_size=(2, 2), stride=(2, 2)) : 94.92%
Density in ConvTranspose2d(256, 128, kernel_size=(2, 2), stride=(2, 2)) : 94.99%
Density in ConvTranspose2d(512, 256, kernel_size=(2, 2), stride=(2, 2)) : 94.99%
Density in ConvTranspose2d(1024, 512, kernel_size=(2, 2), stride=(2, 2)) : 95.01%
Density in Conv2d(128, 64, kernel_size=(3, 3), stride=(1, 1), padding=(1, 1)) : 95.04%
Density in Conv2d(64, 64, kernel_size=(3, 3), stride=(1, 1), padding=(1, 1)) : 95.08%
Density in Conv2d(256, 128, kernel_size=(3, 3), stride=(1, 1), padding=(1, 1)) : 94.99%
Density in Conv2d(128, 128, kernel_size=(3, 3), stride=(1, 1), padding=(1, 1)) : 95.00%
Density in Conv2d(512, 256, kernel_size=(3, 3), stride=(1, 1), padding=(1, 1)) : 94.99%
Density in Conv2d(256, 256, kernel_size=(3, 3), stride=(1, 1), padding=(1, 1)) : 95.02%
Density in Conv2d(1024, 512, kernel_size=(3, 3), stride=(1, 1), padding=(1, 1)) : 95.01%
Density in Conv2d(512, 512, kernel_size=(3, 3), stride=(1, 1), padding=(1, 1)) : 94.97%
1.0908564726511638
0.0
0.1612706370070436
Density in ConvTranspose2d(128, 64, kernel_size=(2, 2), stride=(2, 2)) : 90.16%
Density in ConvTranspose2d(256, 128, kernel_size=(2, 2), stride=(2, 2)) : 90.01%
Density in ConvTranspose2d(512, 256, kernel_size=(2, 2), stride=(2, 2)) : 90.08%
Density in ConvTranspose2d(1024, 512, kernel_size=(2, 2), stride=(2, 2)) : 90.00%
Density in Conv2d(128, 64, kernel_size=(3, 3), stride=(1, 1), padding=(1, 1)) : 90.01%
Density in Conv2d(64, 64, kernel_size=(3, 3), stride=(1, 1), padding=(1, 1)) : 90.32%
Density in Conv2d(256, 128, kernel_size=(3, 3), stride=(1, 1), padding=(1, 1)) : 90.02%
Density in Conv2d(128, 128, kernel_size=(3, 3), stride=(1, 1), padding=(1, 1)) : 90.04%
Density in Conv2d(512, 256, kernel_size=(3, 3), stride=(1, 1), padding=(1, 1)) : 89.99%
Density in Conv2d(256, 256, kernel_size=(3, 3), stride=(1, 1), padding=(1, 1)) : 90.02%
Density in Conv2d(1024, 512, kernel_size=(3, 3), stride=(1, 1), padding=(1, 1)) : 90.00%
Density in Conv2d(512, 512, kernel_size=(3, 3), stride=(1, 1), padding=(1, 1)) : 89.97%
1.1080714066823323
0.0
0.16280297225124327
Density in ConvTranspose2d(128, 64, kernel_size=(2, 2), stride=(2, 2)) : 85.24%
Density in ConvTranspose2d(256, 128, kernel_size=(2, 2), stride=(2, 2)) : 84.99%
Density in ConvTranspose2d(512, 256, kernel_size=(2, 2), stride=(2, 2)) : 85.04%
Density in ConvTranspose2d(1024, 512, kernel_size=(2, 2), stride=(2, 2)) : 85.00%
Density in Conv2d(128, 64, kernel_size=(3, 3), stride=(1, 1), padding=(1, 1)) : 85.02%
Density in Conv2d(64, 64, kernel_size=(3, 3), stride=(1, 1), padding=(1, 1)) : 85.24%
Density in Conv2d(256, 128, kernel_size=(3, 3), stride=(1, 1), padding=(1, 1)) : 85.02%
Density in Conv2d(128, 128, kernel_size=(3, 3), stride=(1, 1), padding=(1, 1)) : 85.03%
Density in Conv2d(512, 256, kernel_size=(3, 3), stride=(1, 1), padding=(1, 1)) : 85.02%
Density in Conv2d(256, 256, kernel_size=(3, 3), stride=(1, 1), padding=(1, 1)) : 84.99%
Density in Conv2d(1024, 512, kernel_size=(3, 3), stride=(1, 1), padding=(1, 1)) : 84.99%
Density in Conv2d(512, 512, kernel_size=(3, 3), stride=(1, 1), padding=(1, 1)) : 84.99%
1.1644123627079859
0.0
0.16807581099104593
Density in ConvTranspose2d(128, 64, kernel_size=(2, 2), stride=(2, 2)) : 80.14%
Density in ConvTranspose2d(256, 128, kernel_size=(2, 2), stride=(2, 2)) : 80.01%
Density in ConvTranspose2d(512, 256, kernel_size=(2, 2), stride=(2, 2)) : 79.90%
Density in ConvTranspose2d(1024, 512, kernel_size=(2, 2), stride=(2, 2)) : 79.99%
Density in Conv2d(128, 64, kernel_size=(3, 3), stride=(1, 1), padding=(1, 1)) : 79.91%
Density in Conv2d(64, 64, kernel_size=(3, 3), stride=(1, 1), padding=(1, 1)) : 80.07%
Density in Conv2d(256, 128, kernel_size=(3, 3), stride=(1, 1), padding=(1, 1)) : 80.00%
Density in Conv2d(128, 128, kernel_size=(3, 3), stride=(1, 1), padding=(1, 1)) : 79.68%
Density in Conv2d(512, 256, kernel_size=(3, 3), stride=(1, 1), padding=(1, 1)) : 80.02%
Density in Conv2d(256, 256, kernel_size=(3, 3), stride=(1, 1), padding=(1, 1)) : 80.00%
Density in Conv2d(1024, 512, kernel_size=(3, 3), stride=(1, 1), padding=(1, 1)) : 80.00%
Density in Conv2d(512, 512, kernel_size=(3, 3), stride=(1, 1), padding=(1, 1)) : 80.03%
1.2056255572372012
0.0
0.16010514625077926
Density in ConvTranspose2d(128, 64, kernel_size=(2, 2), stride=(2, 2)) : 74.97%
Density in ConvTranspose2d(256, 128, kernel_size=(2, 2), stride=(2, 2)) : 75.01%
Density in ConvTranspose2d(512, 256, kernel_size=(2, 2), stride=(2, 2)) : 74.99%
Density in ConvTranspose2d(1024, 512, kernel_size=(2, 2), stride=(2, 2)) : 75.02%
Density in Conv2d(128, 64, kernel_size=(3, 3), stride=(1, 1), padding=(1, 1)) : 75.14%
Density in Conv2d(64, 64, kernel_size=(3, 3), stride=(1, 1), padding=(1, 1)) : 74.93%
Density in Conv2d(256, 128, kernel_size=(3, 3), stride=(1, 1), padding=(1, 1)) : 75.13%
Density in Conv2d(128, 128, kernel_size=(3, 3), stride=(1, 1), padding=(1, 1)) : 75.03%
Density in Conv2d(512, 256, kernel_size=(3, 3), stride=(1, 1), padding=(1, 1)) : 74.90%
Density in Conv2d(256, 256, kernel_size=(3, 3), stride=(1, 1), padding=(1, 1)) : 75.02%
Density in Conv2d(1024, 512, kernel_size=(3, 3), stride=(1, 1), padding=(1, 1)) : 75.01%
Density in Conv2d(512, 512, kernel_size=(3, 3), stride=(1, 1), padding=(1, 1)) : 75.00%
1.2752819822894201
0.0
0.15363544966802578
Density in ConvTranspose2d(128, 64, kernel_size=(2, 2), stride=(2, 2)) : 70.59%
Density in ConvTranspose2d(256, 128, kernel_size=(2, 2), stride=(2, 2)) : 69.84%
Density in ConvTranspose2d(512, 256, kernel_size=(2, 2), stride=(2, 2)) : 69.92%
Density in ConvTranspose2d(1024, 512, kernel_size=(2, 2), stride=(2, 2)) : 70.01%
Density in Conv2d(128, 64, kernel_size=(3, 3), stride=(1, 1), padding=(1, 1)) : 69.89%
Density in Conv2d(64, 64, kernel_size=(3, 3), stride=(1, 1), padding=(1, 1)) : 70.12%
Density in Conv2d(256, 128, kernel_size=(3, 3), stride=(1, 1), padding=(1, 1)) : 70.04%
Density in Conv2d(128, 128, kernel_size=(3, 3), stride=(1, 1), padding=(1, 1)) : 69.98%
Density in Conv2d(512, 256, kernel_size=(3, 3), stride=(1, 1), padding=(1, 1)) : 70.04%
Density in Conv2d(256, 256, kernel_size=(3, 3), stride=(1, 1), padding=(1, 1)) : 70.00%
Density in Conv2d(1024, 512, kernel_size=(3, 3), stride=(1, 1), padding=(1, 1)) : 69.99%
Density in Conv2d(512, 512, kernel_size=(3, 3), stride=(1, 1), padding=(1, 1)) : 70.01%
1.338613212108612
0.0
0.1535882760883883
Density in ConvTranspose2d(128, 64, kernel_size=(2, 2), stride=(2, 2)) : 64.90%
Density in ConvTranspose2d(256, 128, kernel_size=(2, 2), stride=(2, 2)) : 64.94%
Density in ConvTranspose2d(512, 256, kernel_size=(2, 2), stride=(2, 2)) : 65.08%
Density in ConvTranspose2d(1024, 512, kernel_size=(2, 2), stride=(2, 2)) : 64.99%
Density in Conv2d(128, 64, kernel_size=(3, 3), stride=(1, 1), padding=(1, 1)) : 64.95%
Density in Conv2d(64, 64, kernel_size=(3, 3), stride=(1, 1), padding=(1, 1)) : 65.27%
Density in Conv2d(256, 128, kernel_size=(3, 3), stride=(1, 1), padding=(1, 1)) : 64.98%
Density in Conv2d(128, 128, kernel_size=(3, 3), stride=(1, 1), padding=(1, 1)) : 65.04%
Density in Conv2d(512, 256, kernel_size=(3, 3), stride=(1, 1), padding=(1, 1)) : 65.05%
Density in Conv2d(256, 256, kernel_size=(3, 3), stride=(1, 1), padding=(1, 1)) : 64.90%
Density in Conv2d(1024, 512, kernel_size=(3, 3), stride=(1, 1), padding=(1, 1)) : 65.02%
Density in Conv2d(512, 512, kernel_size=(3, 3), stride=(1, 1), padding=(1, 1)) : 64.96%
1.4298892550998263
0.0
0.15482003097490274
Density in ConvTranspose2d(128, 64, kernel_size=(2, 2), stride=(2, 2)) : 60.07%
Density in ConvTranspose2d(256, 128, kernel_size=(2, 2), stride=(2, 2)) : 60.06%
Density in ConvTranspose2d(512, 256, kernel_size=(2, 2), stride=(2, 2)) : 60.00%
Density in ConvTranspose2d(1024, 512, kernel_size=(2, 2), stride=(2, 2)) : 60.03%
Density in Conv2d(128, 64, kernel_size=(3, 3), stride=(1, 1), padding=(1, 1)) : 59.86%
Density in Conv2d(64, 64, kernel_size=(3, 3), stride=(1, 1), padding=(1, 1)) : 59.87%
Density in Conv2d(256, 128, kernel_size=(3, 3), stride=(1, 1), padding=(1, 1)) : 59.82%
Density in Conv2d(128, 128, kernel_size=(3, 3), stride=(1, 1), padding=(1, 1)) : 60.19%
Density in Conv2d(512, 256, kernel_size=(3, 3), stride=(1, 1), padding=(1, 1)) : 60.07%
Density in Conv2d(256, 256, kernel_size=(3, 3), stride=(1, 1), padding=(1, 1)) : 59.95%
Density in Conv2d(1024, 512, kernel_size=(3, 3), stride=(1, 1), padding=(1, 1)) : 59.99%
Density in Conv2d(512, 512, kernel_size=(3, 3), stride=(1, 1), padding=(1, 1)) : 59.98%
1.6553017695744832
0.0
0.1584572899617643
Density in ConvTranspose2d(128, 64, kernel_size=(2, 2), stride=(2, 2)) : 55.00%
Density in ConvTranspose2d(256, 128, kernel_size=(2, 2), stride=(2, 2)) : 54.83%
Density in ConvTranspose2d(512, 256, kernel_size=(2, 2), stride=(2, 2)) : 55.02%
Density in ConvTranspose2d(1024, 512, kernel_size=(2, 2), stride=(2, 2)) : 55.03%
Density in Conv2d(128, 64, kernel_size=(3, 3), stride=(1, 1), padding=(1, 1)) : 54.87%
Density in Conv2d(64, 64, kernel_size=(3, 3), stride=(1, 1), padding=(1, 1)) : 54.62%
Density in Conv2d(256, 128, kernel_size=(3, 3), stride=(1, 1), padding=(1, 1)) : 54.93%
Density in Conv2d(128, 128, kernel_size=(3, 3), stride=(1, 1), padding=(1, 1)) : 54.87%
Density in Conv2d(512, 256, kernel_size=(3, 3), stride=(1, 1), padding=(1, 1)) : 54.99%
Density in Conv2d(256, 256, kernel_size=(3, 3), stride=(1, 1), padding=(1, 1)) : 55.09%
Density in Conv2d(1024, 512, kernel_size=(3, 3), stride=(1, 1), padding=(1, 1)) : 54.99%
Density in Conv2d(512, 512, kernel_size=(3, 3), stride=(1, 1), padding=(1, 1)) : 55.00%
1.6968574391471014
0.0
0.1468541517783567
Density in ConvTranspose2d(128, 64, kernel_size=(2, 2), stride=(2, 2)) : 49.87%
Density in ConvTranspose2d(256, 128, kernel_size=(2, 2), stride=(2, 2)) : 50.17%
Density in ConvTranspose2d(512, 256, kernel_size=(2, 2), stride=(2, 2)) : 50.02%
Density in ConvTranspose2d(1024, 512, kernel_size=(2, 2), stride=(2, 2)) : 49.94%
Density in Conv2d(128, 64, kernel_size=(3, 3), stride=(1, 1), padding=(1, 1)) : 49.75%
Density in Conv2d(64, 64, kernel_size=(3, 3), stride=(1, 1), padding=(1, 1)) : 50.27%
Density in Conv2d(256, 128, kernel_size=(3, 3), stride=(1, 1), padding=(1, 1)) : 50.03%
Density in Conv2d(128, 128, kernel_size=(3, 3), stride=(1, 1), padding=(1, 1)) : 50.08%
Density in Conv2d(512, 256, kernel_size=(3, 3), stride=(1, 1), padding=(1, 1)) : 50.00%
Density in Conv2d(256, 256, kernel_size=(3, 3), stride=(1, 1), padding=(1, 1)) : 49.91%
Density in Conv2d(1024, 512, kernel_size=(3, 3), stride=(1, 1), padding=(1, 1)) : 50.01%
Density in Conv2d(512, 512, kernel_size=(3, 3), stride=(1, 1), padding=(1, 1)) : 50.05%
1.8135536577966478
0.0
0.14170259430042054
Density in ConvTranspose2d(128, 64, kernel_size=(2, 2), stride=(2, 2)) : 45.14%
Density in ConvTranspose2d(256, 128, kernel_size=(2, 2), stride=(2, 2)) : 44.80%
Density in ConvTranspose2d(512, 256, kernel_size=(2, 2), stride=(2, 2)) : 45.05%
Density in ConvTranspose2d(1024, 512, kernel_size=(2, 2), stride=(2, 2)) : 45.02%
Density in Conv2d(128, 64, kernel_size=(3, 3), stride=(1, 1), padding=(1, 1)) : 44.93%
Density in Conv2d(64, 64, kernel_size=(3, 3), stride=(1, 1), padding=(1, 1)) : 44.72%
Density in Conv2d(256, 128, kernel_size=(3, 3), stride=(1, 1), padding=(1, 1)) : 44.89%
Density in Conv2d(128, 128, kernel_size=(3, 3), stride=(1, 1), padding=(1, 1)) : 45.01%
Density in Conv2d(512, 256, kernel_size=(3, 3), stride=(1, 1), padding=(1, 1)) : 45.01%
Density in Conv2d(256, 256, kernel_size=(3, 3), stride=(1, 1), padding=(1, 1)) : 45.04%
Density in Conv2d(1024, 512, kernel_size=(3, 3), stride=(1, 1), padding=(1, 1)) : 45.02%
Density in Conv2d(512, 512, kernel_size=(3, 3), stride=(1, 1), padding=(1, 1)) : 44.95%
1.9894896944363911
0.0
0.14594638105838487
Density in ConvTranspose2d(128, 64, kernel_size=(2, 2), stride=(2, 2)) : 39.96%
Density in ConvTranspose2d(256, 128, kernel_size=(2, 2), stride=(2, 2)) : 39.98%
Density in ConvTranspose2d(512, 256, kernel_size=(2, 2), stride=(2, 2)) : 40.05%
Density in ConvTranspose2d(1024, 512, kernel_size=(2, 2), stride=(2, 2)) : 40.00%
Density in Conv2d(128, 64, kernel_size=(3, 3), stride=(1, 1), padding=(1, 1)) : 39.69%
Density in Conv2d(64, 64, kernel_size=(3, 3), stride=(1, 1), padding=(1, 1)) : 40.10%
Density in Conv2d(256, 128, kernel_size=(3, 3), stride=(1, 1), padding=(1, 1)) : 39.89%
Density in Conv2d(128, 128, kernel_size=(3, 3), stride=(1, 1), padding=(1, 1)) : 39.89%
Density in Conv2d(512, 256, kernel_size=(3, 3), stride=(1, 1), padding=(1, 1)) : 40.08%
Density in Conv2d(256, 256, kernel_size=(3, 3), stride=(1, 1), padding=(1, 1)) : 39.97%
Density in Conv2d(1024, 512, kernel_size=(3, 3), stride=(1, 1), padding=(1, 1)) : 39.98%
Density in Conv2d(512, 512, kernel_size=(3, 3), stride=(1, 1), padding=(1, 1)) : 40.03%
2.1810510555903115
0.0
0.1296550186766274
Density in ConvTranspose2d(128, 64, kernel_size=(2, 2), stride=(2, 2)) : 34.80%
Density in ConvTranspose2d(256, 128, kernel_size=(2, 2), stride=(2, 2)) : 35.02%
Density in ConvTranspose2d(512, 256, kernel_size=(2, 2), stride=(2, 2)) : 35.00%
Density in ConvTranspose2d(1024, 512, kernel_size=(2, 2), stride=(2, 2)) : 35.00%
Density in Conv2d(128, 64, kernel_size=(3, 3), stride=(1, 1), padding=(1, 1)) : 34.99%
Density in Conv2d(64, 64, kernel_size=(3, 3), stride=(1, 1), padding=(1, 1)) : 35.19%
Density in Conv2d(256, 128, kernel_size=(3, 3), stride=(1, 1), padding=(1, 1)) : 35.00%
Density in Conv2d(128, 128, kernel_size=(3, 3), stride=(1, 1), padding=(1, 1)) : 34.99%
Density in Conv2d(512, 256, kernel_size=(3, 3), stride=(1, 1), padding=(1, 1)) : 35.02%
Density in Conv2d(256, 256, kernel_size=(3, 3), stride=(1, 1), padding=(1, 1)) : 35.06%
Density in Conv2d(1024, 512, kernel_size=(3, 3), stride=(1, 1), padding=(1, 1)) : 34.99%
Density in Conv2d(512, 512, kernel_size=(3, 3), stride=(1, 1), padding=(1, 1)) : 35.00%
2.382243275642395
0.0
0.12880680846059175
Density in ConvTranspose2d(128, 64, kernel_size=(2, 2), stride=(2, 2)) : 29.84%
Density in ConvTranspose2d(256, 128, kernel_size=(2, 2), stride=(2, 2)) : 30.06%
Density in ConvTranspose2d(512, 256, kernel_size=(2, 2), stride=(2, 2)) : 29.98%
Density in ConvTranspose2d(1024, 512, kernel_size=(2, 2), stride=(2, 2)) : 30.05%
Density in Conv2d(128, 64, kernel_size=(3, 3), stride=(1, 1), padding=(1, 1)) : 30.24%
Density in Conv2d(64, 64, kernel_size=(3, 3), stride=(1, 1), padding=(1, 1)) : 30.06%
Density in Conv2d(256, 128, kernel_size=(3, 3), stride=(1, 1), padding=(1, 1)) : 29.95%
Density in Conv2d(128, 128, kernel_size=(3, 3), stride=(1, 1), padding=(1, 1)) : 30.08%
Density in Conv2d(512, 256, kernel_size=(3, 3), stride=(1, 1), padding=(1, 1)) : 29.99%
Density in Conv2d(256, 256, kernel_size=(3, 3), stride=(1, 1), padding=(1, 1)) : 30.01%
Density in Conv2d(1024, 512, kernel_size=(3, 3), stride=(1, 1), padding=(1, 1)) : 29.99%
Density in Conv2d(512, 512, kernel_size=(3, 3), stride=(1, 1), padding=(1, 1)) : 29.98%
2.4683758682674832
0.0
0.10203407171061536
Density in ConvTranspose2d(128, 64, kernel_size=(2, 2), stride=(2, 2)) : 25.11%
Density in ConvTranspose2d(256, 128, kernel_size=(2, 2), stride=(2, 2)) : 24.97%
Density in ConvTranspose2d(512, 256, kernel_size=(2, 2), stride=(2, 2)) : 25.04%
Density in ConvTranspose2d(1024, 512, kernel_size=(2, 2), stride=(2, 2)) : 25.00%
Density in Conv2d(128, 64, kernel_size=(3, 3), stride=(1, 1), padding=(1, 1)) : 24.89%
Density in Conv2d(64, 64, kernel_size=(3, 3), stride=(1, 1), padding=(1, 1)) : 25.69%
Density in Conv2d(256, 128, kernel_size=(3, 3), stride=(1, 1), padding=(1, 1)) : 24.96%
Density in Conv2d(128, 128, kernel_size=(3, 3), stride=(1, 1), padding=(1, 1)) : 24.89%
Density in Conv2d(512, 256, kernel_size=(3, 3), stride=(1, 1), padding=(1, 1)) : 24.98%
Density in Conv2d(256, 256, kernel_size=(3, 3), stride=(1, 1), padding=(1, 1)) : 25.02%
Density in Conv2d(1024, 512, kernel_size=(3, 3), stride=(1, 1), padding=(1, 1)) : 25.00%
Density in Conv2d(512, 512, kernel_size=(3, 3), stride=(1, 1), padding=(1, 1)) : 25.01%
2.7313764227761164
0.0
0.10966718487040876
Density in ConvTranspose2d(128, 64, kernel_size=(2, 2), stride=(2, 2)) : 19.88%
Density in ConvTranspose2d(256, 128, kernel_size=(2, 2), stride=(2, 2)) : 20.07%
Density in ConvTranspose2d(512, 256, kernel_size=(2, 2), stride=(2, 2)) : 19.97%
Density in ConvTranspose2d(1024, 512, kernel_size=(2, 2), stride=(2, 2)) : 20.00%
Density in Conv2d(128, 64, kernel_size=(3, 3), stride=(1, 1), padding=(1, 1)) : 20.29%
Density in Conv2d(64, 64, kernel_size=(3, 3), stride=(1, 1), padding=(1, 1)) : 20.10%
Density in Conv2d(256, 128, kernel_size=(3, 3), stride=(1, 1), padding=(1, 1)) : 20.16%
Density in Conv2d(128, 128, kernel_size=(3, 3), stride=(1, 1), padding=(1, 1)) : 20.08%
Density in Conv2d(512, 256, kernel_size=(3, 3), stride=(1, 1), padding=(1, 1)) : 20.03%
Density in Conv2d(256, 256, kernel_size=(3, 3), stride=(1, 1), padding=(1, 1)) : 20.03%
Density in Conv2d(1024, 512, kernel_size=(3, 3), stride=(1, 1), padding=(1, 1)) : 19.98%
Density in Conv2d(512, 512, kernel_size=(3, 3), stride=(1, 1), padding=(1, 1)) : 19.99%
2.766693022516039
0.0
0.0836793869036608
Density in ConvTranspose2d(128, 64, kernel_size=(2, 2), stride=(2, 2)) : 14.99%
Density in ConvTranspose2d(256, 128, kernel_size=(2, 2), stride=(2, 2)) : 14.97%
Density in ConvTranspose2d(512, 256, kernel_size=(2, 2), stride=(2, 2)) : 15.00%
Density in ConvTranspose2d(1024, 512, kernel_size=(2, 2), stride=(2, 2)) : 15.02%
Density in Conv2d(128, 64, kernel_size=(3, 3), stride=(1, 1), padding=(1, 1)) : 14.89%
Density in Conv2d(64, 64, kernel_size=(3, 3), stride=(1, 1), padding=(1, 1)) : 14.63%
Density in Conv2d(256, 128, kernel_size=(3, 3), stride=(1, 1), padding=(1, 1)) : 15.05%
Density in Conv2d(128, 128, kernel_size=(3, 3), stride=(1, 1), padding=(1, 1)) : 15.18%
Density in Conv2d(512, 256, kernel_size=(3, 3), stride=(1, 1), padding=(1, 1)) : 14.98%
Density in Conv2d(256, 256, kernel_size=(3, 3), stride=(1, 1), padding=(1, 1)) : 15.04%
Density in Conv2d(1024, 512, kernel_size=(3, 3), stride=(1, 1), padding=(1, 1)) : 14.97%
Density in Conv2d(512, 512, kernel_size=(3, 3), stride=(1, 1), padding=(1, 1)) : 15.04%
2.9081696934170194
0.0
0.03818919261378348
Density in ConvTranspose2d(128, 64, kernel_size=(2, 2), stride=(2, 2)) : 9.96%
Density in ConvTranspose2d(256, 128, kernel_size=(2, 2), stride=(2, 2)) : 10.11%
Density in ConvTranspose2d(512, 256, kernel_size=(2, 2), stride=(2, 2)) : 9.98%
Density in ConvTranspose2d(1024, 512, kernel_size=(2, 2), stride=(2, 2)) : 10.01%
Density in Conv2d(128, 64, kernel_size=(3, 3), stride=(1, 1), padding=(1, 1)) : 9.97%
Density in Conv2d(64, 64, kernel_size=(3, 3), stride=(1, 1), padding=(1, 1)) : 10.16%
Density in Conv2d(256, 128, kernel_size=(3, 3), stride=(1, 1), padding=(1, 1)) : 9.99%
Density in Conv2d(128, 128, kernel_size=(3, 3), stride=(1, 1), padding=(1, 1)) : 10.04%
Density in Conv2d(512, 256, kernel_size=(3, 3), stride=(1, 1), padding=(1, 1)) : 10.01%
Density in Conv2d(256, 256, kernel_size=(3, 3), stride=(1, 1), padding=(1, 1)) : 10.04%
Density in Conv2d(1024, 512, kernel_size=(3, 3), stride=(1, 1), padding=(1, 1)) : 9.98%
Density in Conv2d(512, 512, kernel_size=(3, 3), stride=(1, 1), padding=(1, 1)) : 10.02%
2.9793116781446667
0.0
0.024354567250716372
Density in ConvTranspose2d(128, 64, kernel_size=(2, 2), stride=(2, 2)) : 4.74%
Density in ConvTranspose2d(256, 128, kernel_size=(2, 2), stride=(2, 2)) : 5.02%
Density in ConvTranspose2d(512, 256, kernel_size=(2, 2), stride=(2, 2)) : 5.00%
Density in ConvTranspose2d(1024, 512, kernel_size=(2, 2), stride=(2, 2)) : 5.00%
Density in Conv2d(128, 64, kernel_size=(3, 3), stride=(1, 1), padding=(1, 1)) : 5.01%
Density in Conv2d(64, 64, kernel_size=(3, 3), stride=(1, 1), padding=(1, 1)) : 5.28%
Density in Conv2d(256, 128, kernel_size=(3, 3), stride=(1, 1), padding=(1, 1)) : 4.96%
Density in Conv2d(128, 128, kernel_size=(3, 3), stride=(1, 1), padding=(1, 1)) : 4.94%
Density in Conv2d(512, 256, kernel_size=(3, 3), stride=(1, 1), padding=(1, 1)) : 5.00%
Density in Conv2d(256, 256, kernel_size=(3, 3), stride=(1, 1), padding=(1, 1)) : 5.05%
Density in Conv2d(1024, 512, kernel_size=(3, 3), stride=(1, 1), padding=(1, 1)) : 5.00%
Density in Conv2d(512, 512, kernel_size=(3, 3), stride=(1, 1), padding=(1, 1)) : 4.99%
3.03057771258884
0.0
0.024885847334874575
Density in ConvTranspose2d(128, 64, kernel_size=(2, 2), stride=(2, 2)) : 0.00%
Density in ConvTranspose2d(256, 128, kernel_size=(2, 2), stride=(2, 2)) : 0.00%
Density in ConvTranspose2d(512, 256, kernel_size=(2, 2), stride=(2, 2)) : 0.00%
Density in ConvTranspose2d(1024, 512, kernel_size=(2, 2), stride=(2, 2)) : 0.00%
Density in Conv2d(128, 64, kernel_size=(3, 3), stride=(1, 1), padding=(1, 1)) : 0.00%
Density in Conv2d(64, 64, kernel_size=(3, 3), stride=(1, 1), padding=(1, 1)) : 0.00%
Density in Conv2d(256, 128, kernel_size=(3, 3), stride=(1, 1), padding=(1, 1)) : 0.00%
Density in Conv2d(128, 128, kernel_size=(3, 3), stride=(1, 1), padding=(1, 1)) : 0.00%
Density in Conv2d(512, 256, kernel_size=(3, 3), stride=(1, 1), padding=(1, 1)) : 0.00%
Density in Conv2d(256, 256, kernel_size=(3, 3), stride=(1, 1), padding=(1, 1)) : 0.00%
Density in Conv2d(1024, 512, kernel_size=(3, 3), stride=(1, 1), padding=(1, 1)) : 0.00%
Density in Conv2d(512, 512, kernel_size=(3, 3), stride=(1, 1), padding=(1, 1)) : 0.00%
3.060556279288398
0.0
0.023434505284899893
{0.0: (1.084879759285185, 0.0, 0.16308678966822068), 0.05: (1.0908564726511638, 0.0, 0.1612706370070436), 0.1: (1.1080714066823323, 0.0, 0.16280297225124327), 0.15000000000000002: (1.1644123627079859, 0.0, 0.16807581099104593), 0.2: (1.2056255572372012, 0.0, 0.16010514625077926), 0.25: (1.2752819822894201, 0.0, 0.15363544966802578), 0.30000000000000004: (1.338613212108612, 0.0, 0.1535882760883883), 0.35000000000000003: (1.4298892550998263, 0.0, 0.15482003097490274), 0.4: (1.6553017695744832, 0.0, 0.1584572899617643), 0.45: (1.6968574391471014, 0.0, 0.1468541517783567), 0.5: (1.8135536577966478, 0.0, 0.14170259430042054), 0.55: (1.9894896944363911, 0.0, 0.14594638105838487), 0.6000000000000001: (2.1810510555903115, 0.0, 0.1296550186766274), 0.65: (2.382243275642395, 0.0, 0.12880680846059175), 0.7000000000000001: (2.4683758682674832, 0.0, 0.10203407171061536), 0.75: (2.7313764227761164, 0.0, 0.10966718487040876), 0.8: (2.766693022516039, 0.0, 0.0836793869036608), 0.8500000000000001: (2.9081696934170194, 0.0, 0.03818919261378348), 0.9: (2.9793116781446667, 0.0, 0.024354567250716372), 0.9500000000000001: (3.03057771258884, 0.0, 0.024885847334874575), 1.0: (3.060556279288398, 0.0, 0.023434505284899893)}
FINISH
