Your NetID is: zs1542
Your environment is: py38
start working
Mission: Pruning encoder and decoder seperately
We are using the state dict from
 /scratch/zs1542/CV-FinalProject/CVFramework/checkpoints_1211_0/Unet_28.pth
Prune the ENCODER only...
Encoder pruning
 amount: 0 - 1 
method: Global Unstructured L1
AMOUNT:  0.0
Density in Conv2d(3, 64, kernel_size=(3, 3), stride=(1, 1), padding=(1, 1)) : 100.00%
Density in Conv2d(64, 64, kernel_size=(3, 3), stride=(1, 1), padding=(1, 1)) : 100.00%
Density in Conv2d(64, 128, kernel_size=(3, 3), stride=(1, 1), padding=(1, 1)) : 100.00%
Density in Conv2d(128, 128, kernel_size=(3, 3), stride=(1, 1), padding=(1, 1)) : 100.00%
Density in Conv2d(128, 256, kernel_size=(3, 3), stride=(1, 1), padding=(1, 1)) : 100.00%
Density in Conv2d(256, 256, kernel_size=(3, 3), stride=(1, 1), padding=(1, 1)) : 100.00%
Density in Conv2d(256, 512, kernel_size=(3, 3), stride=(1, 1), padding=(1, 1)) : 100.00%
Density in Conv2d(512, 512, kernel_size=(3, 3), stride=(1, 1), padding=(1, 1)) : 100.00%
loss:  1.0848797725306616
acc:  tensor(0.6667, device='cuda:0')
MIOU:  0.16423701755409584
Duration:  4.141885995864868

Saved model to /scratch/zs1542/CV-FinalProject/CVFramework/checkpoints/encoder_0.pth.

AMOUNT:  0.05
Density in Conv2d(3, 64, kernel_size=(3, 3), stride=(1, 1), padding=(1, 1)) : 94.97%
Density in Conv2d(64, 64, kernel_size=(3, 3), stride=(1, 1), padding=(1, 1)) : 95.24%
Density in Conv2d(64, 128, kernel_size=(3, 3), stride=(1, 1), padding=(1, 1)) : 95.00%
Density in Conv2d(128, 128, kernel_size=(3, 3), stride=(1, 1), padding=(1, 1)) : 95.11%
Density in Conv2d(128, 256, kernel_size=(3, 3), stride=(1, 1), padding=(1, 1)) : 94.98%
Density in Conv2d(256, 256, kernel_size=(3, 3), stride=(1, 1), padding=(1, 1)) : 95.02%
Density in Conv2d(256, 512, kernel_size=(3, 3), stride=(1, 1), padding=(1, 1)) : 95.02%
Density in Conv2d(512, 512, kernel_size=(3, 3), stride=(1, 1), padding=(1, 1)) : 94.98%
loss:  1.3156579070621066
acc:  tensor(0.5977, device='cuda:0')
MIOU:  0.13332268523622648
Duration:  3.0740747451782227

Saved model to /scratch/zs1542/CV-FinalProject/CVFramework/checkpoints/encoder_5.pth.

AMOUNT:  0.1
Density in Conv2d(3, 64, kernel_size=(3, 3), stride=(1, 1), padding=(1, 1)) : 90.39%
Density in Conv2d(64, 64, kernel_size=(3, 3), stride=(1, 1), padding=(1, 1)) : 90.02%
Density in Conv2d(64, 128, kernel_size=(3, 3), stride=(1, 1), padding=(1, 1)) : 90.07%
Density in Conv2d(128, 128, kernel_size=(3, 3), stride=(1, 1), padding=(1, 1)) : 89.99%
Density in Conv2d(128, 256, kernel_size=(3, 3), stride=(1, 1), padding=(1, 1)) : 90.01%
Density in Conv2d(256, 256, kernel_size=(3, 3), stride=(1, 1), padding=(1, 1)) : 90.01%
Density in Conv2d(256, 512, kernel_size=(3, 3), stride=(1, 1), padding=(1, 1)) : 90.05%
Density in Conv2d(512, 512, kernel_size=(3, 3), stride=(1, 1), padding=(1, 1)) : 89.97%
loss:  1.2842819227112665
acc:  tensor(0.5822, device='cuda:0')
MIOU:  0.114848583615783
Duration:  3.1263692378997803

Saved model to /scratch/zs1542/CV-FinalProject/CVFramework/checkpoints/encoder_10.pth.

AMOUNT:  0.15000000000000002
Density in Conv2d(3, 64, kernel_size=(3, 3), stride=(1, 1), padding=(1, 1)) : 85.88%
Density in Conv2d(64, 64, kernel_size=(3, 3), stride=(1, 1), padding=(1, 1)) : 84.84%
Density in Conv2d(64, 128, kernel_size=(3, 3), stride=(1, 1), padding=(1, 1)) : 84.90%
Density in Conv2d(128, 128, kernel_size=(3, 3), stride=(1, 1), padding=(1, 1)) : 85.08%
Density in Conv2d(128, 256, kernel_size=(3, 3), stride=(1, 1), padding=(1, 1)) : 84.86%
Density in Conv2d(256, 256, kernel_size=(3, 3), stride=(1, 1), padding=(1, 1)) : 85.07%
Density in Conv2d(256, 512, kernel_size=(3, 3), stride=(1, 1), padding=(1, 1)) : 84.99%
Density in Conv2d(512, 512, kernel_size=(3, 3), stride=(1, 1), padding=(1, 1)) : 85.00%
loss:  1.4581282867325678
acc:  tensor(0.5493, device='cuda:0')
MIOU:  0.12648017115735277
Duration:  3.0635628700256348

Saved model to /scratch/zs1542/CV-FinalProject/CVFramework/checkpoints/encoder_15.pth.

AMOUNT:  0.2
Density in Conv2d(3, 64, kernel_size=(3, 3), stride=(1, 1), padding=(1, 1)) : 80.84%
Density in Conv2d(64, 64, kernel_size=(3, 3), stride=(1, 1), padding=(1, 1)) : 80.26%
Density in Conv2d(64, 128, kernel_size=(3, 3), stride=(1, 1), padding=(1, 1)) : 80.09%
Density in Conv2d(128, 128, kernel_size=(3, 3), stride=(1, 1), padding=(1, 1)) : 80.10%
Density in Conv2d(128, 256, kernel_size=(3, 3), stride=(1, 1), padding=(1, 1)) : 80.01%
Density in Conv2d(256, 256, kernel_size=(3, 3), stride=(1, 1), padding=(1, 1)) : 79.99%
Density in Conv2d(256, 512, kernel_size=(3, 3), stride=(1, 1), padding=(1, 1)) : 80.00%
Density in Conv2d(512, 512, kernel_size=(3, 3), stride=(1, 1), padding=(1, 1)) : 79.99%
loss:  1.4709742996427748
acc:  tensor(0.5275, device='cuda:0')
MIOU:  0.11276318516378529
Duration:  3.0696351528167725

Saved model to /scratch/zs1542/CV-FinalProject/CVFramework/checkpoints/encoder_20.pth.

AMOUNT:  0.25
Density in Conv2d(3, 64, kernel_size=(3, 3), stride=(1, 1), padding=(1, 1)) : 75.75%
Density in Conv2d(64, 64, kernel_size=(3, 3), stride=(1, 1), padding=(1, 1)) : 74.93%
Density in Conv2d(64, 128, kernel_size=(3, 3), stride=(1, 1), padding=(1, 1)) : 74.80%
Density in Conv2d(128, 128, kernel_size=(3, 3), stride=(1, 1), padding=(1, 1)) : 74.94%
Density in Conv2d(128, 256, kernel_size=(3, 3), stride=(1, 1), padding=(1, 1)) : 74.96%
Density in Conv2d(256, 256, kernel_size=(3, 3), stride=(1, 1), padding=(1, 1)) : 74.98%
Density in Conv2d(256, 512, kernel_size=(3, 3), stride=(1, 1), padding=(1, 1)) : 75.02%
Density in Conv2d(512, 512, kernel_size=(3, 3), stride=(1, 1), padding=(1, 1)) : 75.01%
loss:  1.4753233194351196
acc:  tensor(0.5473, device='cuda:0')
MIOU:  0.10574923265007317
Duration:  3.10197377204895

Saved model to /scratch/zs1542/CV-FinalProject/CVFramework/checkpoints/encoder_25.pth.

AMOUNT:  0.30000000000000004
Density in Conv2d(3, 64, kernel_size=(3, 3), stride=(1, 1), padding=(1, 1)) : 68.06%
Density in Conv2d(64, 64, kernel_size=(3, 3), stride=(1, 1), padding=(1, 1)) : 69.82%
Density in Conv2d(64, 128, kernel_size=(3, 3), stride=(1, 1), padding=(1, 1)) : 70.45%
Density in Conv2d(128, 128, kernel_size=(3, 3), stride=(1, 1), padding=(1, 1)) : 70.13%
Density in Conv2d(128, 256, kernel_size=(3, 3), stride=(1, 1), padding=(1, 1)) : 69.98%
Density in Conv2d(256, 256, kernel_size=(3, 3), stride=(1, 1), padding=(1, 1)) : 69.98%
Density in Conv2d(256, 512, kernel_size=(3, 3), stride=(1, 1), padding=(1, 1)) : 69.98%
Density in Conv2d(512, 512, kernel_size=(3, 3), stride=(1, 1), padding=(1, 1)) : 70.00%
loss:  2.3546493119663663
acc:  tensor(0.3149, device='cuda:0')
MIOU:  0.056348551675037245
Duration:  3.066821813583374

Saved model to /scratch/zs1542/CV-FinalProject/CVFramework/checkpoints/encoder_30.pth.

AMOUNT:  0.35000000000000003
Density in Conv2d(3, 64, kernel_size=(3, 3), stride=(1, 1), padding=(1, 1)) : 66.44%
Density in Conv2d(64, 64, kernel_size=(3, 3), stride=(1, 1), padding=(1, 1)) : 65.15%
Density in Conv2d(64, 128, kernel_size=(3, 3), stride=(1, 1), padding=(1, 1)) : 64.73%
Density in Conv2d(128, 128, kernel_size=(3, 3), stride=(1, 1), padding=(1, 1)) : 65.07%
Density in Conv2d(128, 256, kernel_size=(3, 3), stride=(1, 1), padding=(1, 1)) : 64.99%
Density in Conv2d(256, 256, kernel_size=(3, 3), stride=(1, 1), padding=(1, 1)) : 65.02%
Density in Conv2d(256, 512, kernel_size=(3, 3), stride=(1, 1), padding=(1, 1)) : 65.01%
Density in Conv2d(512, 512, kernel_size=(3, 3), stride=(1, 1), padding=(1, 1)) : 64.99%
loss:  1.808391398853726
acc:  tensor(0.3919, device='cuda:0')
MIOU:  0.07002490810464433
Duration:  3.101550340652466

Saved model to /scratch/zs1542/CV-FinalProject/CVFramework/checkpoints/encoder_35.pth.

AMOUNT:  0.4
Density in Conv2d(3, 64, kernel_size=(3, 3), stride=(1, 1), padding=(1, 1)) : 57.64%
Density in Conv2d(64, 64, kernel_size=(3, 3), stride=(1, 1), padding=(1, 1)) : 60.29%
Density in Conv2d(64, 128, kernel_size=(3, 3), stride=(1, 1), padding=(1, 1)) : 59.93%
Density in Conv2d(128, 128, kernel_size=(3, 3), stride=(1, 1), padding=(1, 1)) : 60.05%
Density in Conv2d(128, 256, kernel_size=(3, 3), stride=(1, 1), padding=(1, 1)) : 60.03%
Density in Conv2d(256, 256, kernel_size=(3, 3), stride=(1, 1), padding=(1, 1)) : 59.98%
Density in Conv2d(256, 512, kernel_size=(3, 3), stride=(1, 1), padding=(1, 1)) : 60.03%
Density in Conv2d(512, 512, kernel_size=(3, 3), stride=(1, 1), padding=(1, 1)) : 59.98%
loss:  1.9862621625264485
acc:  tensor(0.3454, device='cuda:0')
MIOU:  0.05520263729237985
Duration:  3.0536561012268066

Saved model to /scratch/zs1542/CV-FinalProject/CVFramework/checkpoints/encoder_40.pth.

AMOUNT:  0.45
Density in Conv2d(3, 64, kernel_size=(3, 3), stride=(1, 1), padding=(1, 1)) : 53.99%
Density in Conv2d(64, 64, kernel_size=(3, 3), stride=(1, 1), padding=(1, 1)) : 54.80%
Density in Conv2d(64, 128, kernel_size=(3, 3), stride=(1, 1), padding=(1, 1)) : 55.27%
Density in Conv2d(128, 128, kernel_size=(3, 3), stride=(1, 1), padding=(1, 1)) : 54.92%
Density in Conv2d(128, 256, kernel_size=(3, 3), stride=(1, 1), padding=(1, 1)) : 55.10%
Density in Conv2d(256, 256, kernel_size=(3, 3), stride=(1, 1), padding=(1, 1)) : 54.97%
Density in Conv2d(256, 512, kernel_size=(3, 3), stride=(1, 1), padding=(1, 1)) : 55.01%
Density in Conv2d(512, 512, kernel_size=(3, 3), stride=(1, 1), padding=(1, 1)) : 54.99%
loss:  1.7028921842575073
acc:  tensor(0.4496, device='cuda:0')
MIOU:  0.07097558085134514
Duration:  3.066342830657959

Saved model to /scratch/zs1542/CV-FinalProject/CVFramework/checkpoints/encoder_45.pth.

AMOUNT:  0.5
Density in Conv2d(3, 64, kernel_size=(3, 3), stride=(1, 1), padding=(1, 1)) : 47.63%
Density in Conv2d(64, 64, kernel_size=(3, 3), stride=(1, 1), padding=(1, 1)) : 50.03%
Density in Conv2d(64, 128, kernel_size=(3, 3), stride=(1, 1), padding=(1, 1)) : 49.95%
Density in Conv2d(128, 128, kernel_size=(3, 3), stride=(1, 1), padding=(1, 1)) : 49.84%
Density in Conv2d(128, 256, kernel_size=(3, 3), stride=(1, 1), padding=(1, 1)) : 50.01%
Density in Conv2d(256, 256, kernel_size=(3, 3), stride=(1, 1), padding=(1, 1)) : 50.04%
Density in Conv2d(256, 512, kernel_size=(3, 3), stride=(1, 1), padding=(1, 1)) : 50.00%
Density in Conv2d(512, 512, kernel_size=(3, 3), stride=(1, 1), padding=(1, 1)) : 50.00%
loss:  2.011670344405704
acc:  tensor(0.3645, device='cuda:0')
MIOU:  0.05305123781475911
Duration:  3.0849993228912354

Saved model to /scratch/zs1542/CV-FinalProject/CVFramework/checkpoints/encoder_50.pth.

AMOUNT:  0.55
Density in Conv2d(3, 64, kernel_size=(3, 3), stride=(1, 1), padding=(1, 1)) : 45.43%
Density in Conv2d(64, 64, kernel_size=(3, 3), stride=(1, 1), padding=(1, 1)) : 45.04%
Density in Conv2d(64, 128, kernel_size=(3, 3), stride=(1, 1), padding=(1, 1)) : 45.17%
Density in Conv2d(128, 128, kernel_size=(3, 3), stride=(1, 1), padding=(1, 1)) : 44.87%
Density in Conv2d(128, 256, kernel_size=(3, 3), stride=(1, 1), padding=(1, 1)) : 44.92%
Density in Conv2d(256, 256, kernel_size=(3, 3), stride=(1, 1), padding=(1, 1)) : 45.04%
Density in Conv2d(256, 512, kernel_size=(3, 3), stride=(1, 1), padding=(1, 1)) : 44.98%
Density in Conv2d(512, 512, kernel_size=(3, 3), stride=(1, 1), padding=(1, 1)) : 45.01%
loss:  2.4375636445151434
acc:  tensor(0.2210, device='cuda:0')
MIOU:  0.027432293035347412
Duration:  3.0647501945495605

Saved model to /scratch/zs1542/CV-FinalProject/CVFramework/checkpoints/encoder_55.pth.

AMOUNT:  0.6000000000000001
Density in Conv2d(3, 64, kernel_size=(3, 3), stride=(1, 1), padding=(1, 1)) : 39.76%
Density in Conv2d(64, 64, kernel_size=(3, 3), stride=(1, 1), padding=(1, 1)) : 39.98%
Density in Conv2d(64, 128, kernel_size=(3, 3), stride=(1, 1), padding=(1, 1)) : 40.04%
Density in Conv2d(128, 128, kernel_size=(3, 3), stride=(1, 1), padding=(1, 1)) : 40.03%
Density in Conv2d(128, 256, kernel_size=(3, 3), stride=(1, 1), padding=(1, 1)) : 39.95%
Density in Conv2d(256, 256, kernel_size=(3, 3), stride=(1, 1), padding=(1, 1)) : 39.93%
Density in Conv2d(256, 512, kernel_size=(3, 3), stride=(1, 1), padding=(1, 1)) : 40.00%
Density in Conv2d(512, 512, kernel_size=(3, 3), stride=(1, 1), padding=(1, 1)) : 40.02%
loss:  2.018025166458554
acc:  tensor(0.3246, device='cuda:0')
MIOU:  0.04776533113928874
Duration:  3.0863471031188965

Saved model to /scratch/zs1542/CV-FinalProject/CVFramework/checkpoints/encoder_60.pth.

AMOUNT:  0.65
Density in Conv2d(3, 64, kernel_size=(3, 3), stride=(1, 1), padding=(1, 1)) : 35.19%
Density in Conv2d(64, 64, kernel_size=(3, 3), stride=(1, 1), padding=(1, 1)) : 35.18%
Density in Conv2d(64, 128, kernel_size=(3, 3), stride=(1, 1), padding=(1, 1)) : 35.12%
Density in Conv2d(128, 128, kernel_size=(3, 3), stride=(1, 1), padding=(1, 1)) : 35.12%
Density in Conv2d(128, 256, kernel_size=(3, 3), stride=(1, 1), padding=(1, 1)) : 34.94%
Density in Conv2d(256, 256, kernel_size=(3, 3), stride=(1, 1), padding=(1, 1)) : 34.98%
Density in Conv2d(256, 512, kernel_size=(3, 3), stride=(1, 1), padding=(1, 1)) : 35.00%
Density in Conv2d(512, 512, kernel_size=(3, 3), stride=(1, 1), padding=(1, 1)) : 35.00%
loss:  2.211724658807119
acc:  tensor(0.2623, device='cuda:0')
MIOU:  0.03147179014943449
Duration:  3.08305025100708

Saved model to /scratch/zs1542/CV-FinalProject/CVFramework/checkpoints/encoder_65.pth.

AMOUNT:  0.7000000000000001
Density in Conv2d(3, 64, kernel_size=(3, 3), stride=(1, 1), padding=(1, 1)) : 30.73%
Density in Conv2d(64, 64, kernel_size=(3, 3), stride=(1, 1), padding=(1, 1)) : 30.20%
Density in Conv2d(64, 128, kernel_size=(3, 3), stride=(1, 1), padding=(1, 1)) : 29.87%
Density in Conv2d(128, 128, kernel_size=(3, 3), stride=(1, 1), padding=(1, 1)) : 29.79%
Density in Conv2d(128, 256, kernel_size=(3, 3), stride=(1, 1), padding=(1, 1)) : 29.88%
Density in Conv2d(256, 256, kernel_size=(3, 3), stride=(1, 1), padding=(1, 1)) : 29.99%
Density in Conv2d(256, 512, kernel_size=(3, 3), stride=(1, 1), padding=(1, 1)) : 30.02%
Density in Conv2d(512, 512, kernel_size=(3, 3), stride=(1, 1), padding=(1, 1)) : 30.02%
loss:  2.1110413206948175
acc:  tensor(0.2872, device='cuda:0')
MIOU:  0.030354681140966806
Duration:  3.0797793865203857

Saved model to /scratch/zs1542/CV-FinalProject/CVFramework/checkpoints/encoder_70.pth.

AMOUNT:  0.75
Density in Conv2d(3, 64, kernel_size=(3, 3), stride=(1, 1), padding=(1, 1)) : 26.10%
Density in Conv2d(64, 64, kernel_size=(3, 3), stride=(1, 1), padding=(1, 1)) : 24.89%
Density in Conv2d(64, 128, kernel_size=(3, 3), stride=(1, 1), padding=(1, 1)) : 24.87%
Density in Conv2d(128, 128, kernel_size=(3, 3), stride=(1, 1), padding=(1, 1)) : 25.13%
Density in Conv2d(128, 256, kernel_size=(3, 3), stride=(1, 1), padding=(1, 1)) : 24.96%
Density in Conv2d(256, 256, kernel_size=(3, 3), stride=(1, 1), padding=(1, 1)) : 24.89%
Density in Conv2d(256, 512, kernel_size=(3, 3), stride=(1, 1), padding=(1, 1)) : 25.09%
Density in Conv2d(512, 512, kernel_size=(3, 3), stride=(1, 1), padding=(1, 1)) : 24.99%
loss:  2.1663263506359525
acc:  tensor(0.2863, device='cuda:0')
MIOU:  0.029924953169528756
Duration:  3.087904930114746

Saved model to /scratch/zs1542/CV-FinalProject/CVFramework/checkpoints/encoder_75.pth.

AMOUNT:  0.8
Density in Conv2d(3, 64, kernel_size=(3, 3), stride=(1, 1), padding=(1, 1)) : 20.02%
Density in Conv2d(64, 64, kernel_size=(3, 3), stride=(1, 1), padding=(1, 1)) : 19.71%
Density in Conv2d(64, 128, kernel_size=(3, 3), stride=(1, 1), padding=(1, 1)) : 20.04%
Density in Conv2d(128, 128, kernel_size=(3, 3), stride=(1, 1), padding=(1, 1)) : 20.14%
Density in Conv2d(128, 256, kernel_size=(3, 3), stride=(1, 1), padding=(1, 1)) : 20.03%
Density in Conv2d(256, 256, kernel_size=(3, 3), stride=(1, 1), padding=(1, 1)) : 19.91%
Density in Conv2d(256, 512, kernel_size=(3, 3), stride=(1, 1), padding=(1, 1)) : 20.02%
Density in Conv2d(512, 512, kernel_size=(3, 3), stride=(1, 1), padding=(1, 1)) : 20.00%
loss:  2.312030076980591
acc:  tensor(0.3182, device='cuda:0')
MIOU:  0.02589401689026798
Duration:  3.0717015266418457

Saved model to /scratch/zs1542/CV-FinalProject/CVFramework/checkpoints/encoder_80.pth.

AMOUNT:  0.8500000000000001
Density in Conv2d(3, 64, kernel_size=(3, 3), stride=(1, 1), padding=(1, 1)) : 16.03%
Density in Conv2d(64, 64, kernel_size=(3, 3), stride=(1, 1), padding=(1, 1)) : 15.08%
Density in Conv2d(64, 128, kernel_size=(3, 3), stride=(1, 1), padding=(1, 1)) : 14.98%
Density in Conv2d(128, 128, kernel_size=(3, 3), stride=(1, 1), padding=(1, 1)) : 15.01%
Density in Conv2d(128, 256, kernel_size=(3, 3), stride=(1, 1), padding=(1, 1)) : 14.91%
Density in Conv2d(256, 256, kernel_size=(3, 3), stride=(1, 1), padding=(1, 1)) : 14.94%
Density in Conv2d(256, 512, kernel_size=(3, 3), stride=(1, 1), padding=(1, 1)) : 15.04%
Density in Conv2d(512, 512, kernel_size=(3, 3), stride=(1, 1), padding=(1, 1)) : 15.00%
loss:  2.4570944706598916
acc:  tensor(0.2037, device='cuda:0')
MIOU:  0.015944485479134744
Duration:  3.0814507007598877

Saved model to /scratch/zs1542/CV-FinalProject/CVFramework/checkpoints/encoder_85.pth.

AMOUNT:  0.9
Density in Conv2d(3, 64, kernel_size=(3, 3), stride=(1, 1), padding=(1, 1)) : 9.66%
Density in Conv2d(64, 64, kernel_size=(3, 3), stride=(1, 1), padding=(1, 1)) : 10.08%
Density in Conv2d(64, 128, kernel_size=(3, 3), stride=(1, 1), padding=(1, 1)) : 10.04%
Density in Conv2d(128, 128, kernel_size=(3, 3), stride=(1, 1), padding=(1, 1)) : 9.96%
Density in Conv2d(128, 256, kernel_size=(3, 3), stride=(1, 1), padding=(1, 1)) : 9.95%
Density in Conv2d(256, 256, kernel_size=(3, 3), stride=(1, 1), padding=(1, 1)) : 9.99%
Density in Conv2d(256, 512, kernel_size=(3, 3), stride=(1, 1), padding=(1, 1)) : 10.01%
Density in Conv2d(512, 512, kernel_size=(3, 3), stride=(1, 1), padding=(1, 1)) : 10.00%
loss:  2.1700417399406433
acc:  tensor(0.4101, device='cuda:0')
MIOU:  0.029683149269305573
Duration:  3.1205332279205322

Saved model to /scratch/zs1542/CV-FinalProject/CVFramework/checkpoints/encoder_90.pth.

AMOUNT:  0.9500000000000001
Density in Conv2d(3, 64, kernel_size=(3, 3), stride=(1, 1), padding=(1, 1)) : 4.46%
Density in Conv2d(64, 64, kernel_size=(3, 3), stride=(1, 1), padding=(1, 1)) : 4.93%
Density in Conv2d(64, 128, kernel_size=(3, 3), stride=(1, 1), padding=(1, 1)) : 5.06%
Density in Conv2d(128, 128, kernel_size=(3, 3), stride=(1, 1), padding=(1, 1)) : 4.97%
Density in Conv2d(128, 256, kernel_size=(3, 3), stride=(1, 1), padding=(1, 1)) : 5.01%
Density in Conv2d(256, 256, kernel_size=(3, 3), stride=(1, 1), padding=(1, 1)) : 4.99%
Density in Conv2d(256, 512, kernel_size=(3, 3), stride=(1, 1), padding=(1, 1)) : 5.00%
Density in Conv2d(512, 512, kernel_size=(3, 3), stride=(1, 1), padding=(1, 1)) : 5.00%
loss:  2.219804631339179
acc:  tensor(0.3898, device='cuda:0')
MIOU:  0.03169885603934061
Duration:  3.0604124069213867

Saved model to /scratch/zs1542/CV-FinalProject/CVFramework/checkpoints/encoder_95.pth.

AMOUNT:  1.0
Density in Conv2d(3, 64, kernel_size=(3, 3), stride=(1, 1), padding=(1, 1)) : 0.00%
Density in Conv2d(64, 64, kernel_size=(3, 3), stride=(1, 1), padding=(1, 1)) : 0.00%
Density in Conv2d(64, 128, kernel_size=(3, 3), stride=(1, 1), padding=(1, 1)) : 0.00%
Density in Conv2d(128, 128, kernel_size=(3, 3), stride=(1, 1), padding=(1, 1)) : 0.00%
Density in Conv2d(128, 256, kernel_size=(3, 3), stride=(1, 1), padding=(1, 1)) : 0.00%
Density in Conv2d(256, 256, kernel_size=(3, 3), stride=(1, 1), padding=(1, 1)) : 0.00%
Density in Conv2d(256, 512, kernel_size=(3, 3), stride=(1, 1), padding=(1, 1)) : 0.00%
Density in Conv2d(512, 512, kernel_size=(3, 3), stride=(1, 1), padding=(1, 1)) : 0.00%
loss:  2.2906051807933383
acc:  tensor(0.4012, device='cuda:0')
MIOU:  0.023676957359546277
Duration:  3.03613018989563

Saved model to /scratch/zs1542/CV-FinalProject/CVFramework/checkpoints/encoder_100.pth.

{0.0: (1.0848797725306616, tensor(0.6667, device='cuda:0'), 0.16423701755409584, 4.141885995864868), 0.05: (1.3156579070621066, tensor(0.5977, device='cuda:0'), 0.13332268523622648, 3.0740747451782227), 0.1: (1.2842819227112665, tensor(0.5822, device='cuda:0'), 0.114848583615783, 3.1263692378997803), 0.15000000000000002: (1.4581282867325678, tensor(0.5493, device='cuda:0'), 0.12648017115735277, 3.0635628700256348), 0.2: (1.4709742996427748, tensor(0.5275, device='cuda:0'), 0.11276318516378529, 3.0696351528167725), 0.25: (1.4753233194351196, tensor(0.5473, device='cuda:0'), 0.10574923265007317, 3.10197377204895), 0.30000000000000004: (2.3546493119663663, tensor(0.3149, device='cuda:0'), 0.056348551675037245, 3.066821813583374), 0.35000000000000003: (1.808391398853726, tensor(0.3919, device='cuda:0'), 0.07002490810464433, 3.101550340652466), 0.4: (1.9862621625264485, tensor(0.3454, device='cuda:0'), 0.05520263729237985, 3.0536561012268066), 0.45: (1.7028921842575073, tensor(0.4496, device='cuda:0'), 0.07097558085134514, 3.066342830657959), 0.5: (2.011670344405704, tensor(0.3645, device='cuda:0'), 0.05305123781475911, 3.0849993228912354), 0.55: (2.4375636445151434, tensor(0.2210, device='cuda:0'), 0.027432293035347412, 3.0647501945495605), 0.6000000000000001: (2.018025166458554, tensor(0.3246, device='cuda:0'), 0.04776533113928874, 3.0863471031188965), 0.65: (2.211724658807119, tensor(0.2623, device='cuda:0'), 0.03147179014943449, 3.08305025100708), 0.7000000000000001: (2.1110413206948175, tensor(0.2872, device='cuda:0'), 0.030354681140966806, 3.0797793865203857), 0.75: (2.1663263506359525, tensor(0.2863, device='cuda:0'), 0.029924953169528756, 3.087904930114746), 0.8: (2.312030076980591, tensor(0.3182, device='cuda:0'), 0.02589401689026798, 3.0717015266418457), 0.8500000000000001: (2.4570944706598916, tensor(0.2037, device='cuda:0'), 0.015944485479134744, 3.0814507007598877), 0.9: (2.1700417399406433, tensor(0.4101, device='cuda:0'), 0.029683149269305573, 3.1205332279205322), 0.9500000000000001: (2.219804631339179, tensor(0.3898, device='cuda:0'), 0.03169885603934061, 3.0604124069213867), 1.0: (2.2906051807933383, tensor(0.4012, device='cuda:0'), 0.023676957359546277, 3.03613018989563)}
Prune the DECODER only...
Density in ConvTranspose2d(128, 64, kernel_size=(2, 2), stride=(2, 2)) : 100.00%
Density in ConvTranspose2d(256, 128, kernel_size=(2, 2), stride=(2, 2)) : 100.00%
Density in ConvTranspose2d(512, 256, kernel_size=(2, 2), stride=(2, 2)) : 100.00%
Density in ConvTranspose2d(1024, 512, kernel_size=(2, 2), stride=(2, 2)) : 100.00%
Density in Conv2d(128, 64, kernel_size=(3, 3), stride=(1, 1), padding=(1, 1)) : 100.00%
Density in Conv2d(64, 64, kernel_size=(3, 3), stride=(1, 1), padding=(1, 1)) : 100.00%
Density in Conv2d(256, 128, kernel_size=(3, 3), stride=(1, 1), padding=(1, 1)) : 100.00%
Density in Conv2d(128, 128, kernel_size=(3, 3), stride=(1, 1), padding=(1, 1)) : 100.00%
Density in Conv2d(512, 256, kernel_size=(3, 3), stride=(1, 1), padding=(1, 1)) : 100.00%
Density in Conv2d(256, 256, kernel_size=(3, 3), stride=(1, 1), padding=(1, 1)) : 100.00%
Density in Conv2d(1024, 512, kernel_size=(3, 3), stride=(1, 1), padding=(1, 1)) : 100.00%
Density in Conv2d(512, 512, kernel_size=(3, 3), stride=(1, 1), padding=(1, 1)) : 100.00%
loss:  1.0848797510067623
acc:  0.6667152725987964
MIOU:  0.16679362278390178
Duration:  3.069218158721924

Saved model to /scratch/zs1542/CV-FinalProject/CVFramework/checkpoints/decoder_0.pth.

Density in ConvTranspose2d(128, 64, kernel_size=(2, 2), stride=(2, 2)) : 95.08%
Density in ConvTranspose2d(256, 128, kernel_size=(2, 2), stride=(2, 2)) : 94.94%
Density in ConvTranspose2d(512, 256, kernel_size=(2, 2), stride=(2, 2)) : 94.96%
Density in ConvTranspose2d(1024, 512, kernel_size=(2, 2), stride=(2, 2)) : 94.99%
Density in Conv2d(128, 64, kernel_size=(3, 3), stride=(1, 1), padding=(1, 1)) : 94.98%
Density in Conv2d(64, 64, kernel_size=(3, 3), stride=(1, 1), padding=(1, 1)) : 94.94%
Density in Conv2d(256, 128, kernel_size=(3, 3), stride=(1, 1), padding=(1, 1)) : 95.02%
Density in Conv2d(128, 128, kernel_size=(3, 3), stride=(1, 1), padding=(1, 1)) : 95.02%
Density in Conv2d(512, 256, kernel_size=(3, 3), stride=(1, 1), padding=(1, 1)) : 95.01%
Density in Conv2d(256, 256, kernel_size=(3, 3), stride=(1, 1), padding=(1, 1)) : 95.04%
Density in Conv2d(1024, 512, kernel_size=(3, 3), stride=(1, 1), padding=(1, 1)) : 95.01%
Density in Conv2d(512, 512, kernel_size=(3, 3), stride=(1, 1), padding=(1, 1)) : 94.99%
loss:  1.0990838077333238
acc:  0.6651310953829024
MIOU:  0.1576134810338163
Duration:  3.0778119564056396

Saved model to /scratch/zs1542/CV-FinalProject/CVFramework/checkpoints/decoder_5.pth.

Density in ConvTranspose2d(128, 64, kernel_size=(2, 2), stride=(2, 2)) : 90.04%
Density in ConvTranspose2d(256, 128, kernel_size=(2, 2), stride=(2, 2)) : 89.95%
Density in ConvTranspose2d(512, 256, kernel_size=(2, 2), stride=(2, 2)) : 89.97%
Density in ConvTranspose2d(1024, 512, kernel_size=(2, 2), stride=(2, 2)) : 90.03%
Density in Conv2d(128, 64, kernel_size=(3, 3), stride=(1, 1), padding=(1, 1)) : 89.99%
Density in Conv2d(64, 64, kernel_size=(3, 3), stride=(1, 1), padding=(1, 1)) : 89.97%
Density in Conv2d(256, 128, kernel_size=(3, 3), stride=(1, 1), padding=(1, 1)) : 90.06%
Density in Conv2d(128, 128, kernel_size=(3, 3), stride=(1, 1), padding=(1, 1)) : 90.00%
Density in Conv2d(512, 256, kernel_size=(3, 3), stride=(1, 1), padding=(1, 1)) : 89.98%
Density in Conv2d(256, 256, kernel_size=(3, 3), stride=(1, 1), padding=(1, 1)) : 90.02%
Density in Conv2d(1024, 512, kernel_size=(3, 3), stride=(1, 1), padding=(1, 1)) : 89.99%
Density in Conv2d(512, 512, kernel_size=(3, 3), stride=(1, 1), padding=(1, 1)) : 89.99%
loss:  1.132684028810925
acc:  0.6648931735091739
MIOU:  0.1630222032121479
Duration:  3.1609504222869873

Saved model to /scratch/zs1542/CV-FinalProject/CVFramework/checkpoints/decoder_10.pth.

Density in ConvTranspose2d(128, 64, kernel_size=(2, 2), stride=(2, 2)) : 84.98%
Density in ConvTranspose2d(256, 128, kernel_size=(2, 2), stride=(2, 2)) : 84.95%
Density in ConvTranspose2d(512, 256, kernel_size=(2, 2), stride=(2, 2)) : 84.97%
Density in ConvTranspose2d(1024, 512, kernel_size=(2, 2), stride=(2, 2)) : 85.00%
Density in Conv2d(128, 64, kernel_size=(3, 3), stride=(1, 1), padding=(1, 1)) : 85.08%
Density in Conv2d(64, 64, kernel_size=(3, 3), stride=(1, 1), padding=(1, 1)) : 85.26%
Density in Conv2d(256, 128, kernel_size=(3, 3), stride=(1, 1), padding=(1, 1)) : 85.05%
Density in Conv2d(128, 128, kernel_size=(3, 3), stride=(1, 1), padding=(1, 1)) : 85.21%
Density in Conv2d(512, 256, kernel_size=(3, 3), stride=(1, 1), padding=(1, 1)) : 85.00%
Density in Conv2d(256, 256, kernel_size=(3, 3), stride=(1, 1), padding=(1, 1)) : 84.98%
Density in Conv2d(1024, 512, kernel_size=(3, 3), stride=(1, 1), padding=(1, 1)) : 84.99%
Density in Conv2d(512, 512, kernel_size=(3, 3), stride=(1, 1), padding=(1, 1)) : 85.00%
loss:  1.1546106768978968
acc:  0.6631350682841407
MIOU:  0.15698791965480552
Duration:  3.104065418243408

Saved model to /scratch/zs1542/CV-FinalProject/CVFramework/checkpoints/decoder_15.pth.

Density in ConvTranspose2d(128, 64, kernel_size=(2, 2), stride=(2, 2)) : 80.07%
Density in ConvTranspose2d(256, 128, kernel_size=(2, 2), stride=(2, 2)) : 80.01%
Density in ConvTranspose2d(512, 256, kernel_size=(2, 2), stride=(2, 2)) : 80.06%
Density in ConvTranspose2d(1024, 512, kernel_size=(2, 2), stride=(2, 2)) : 80.00%
Density in Conv2d(128, 64, kernel_size=(3, 3), stride=(1, 1), padding=(1, 1)) : 79.81%
Density in Conv2d(64, 64, kernel_size=(3, 3), stride=(1, 1), padding=(1, 1)) : 79.90%
Density in Conv2d(256, 128, kernel_size=(3, 3), stride=(1, 1), padding=(1, 1)) : 79.97%
Density in Conv2d(128, 128, kernel_size=(3, 3), stride=(1, 1), padding=(1, 1)) : 79.96%
Density in Conv2d(512, 256, kernel_size=(3, 3), stride=(1, 1), padding=(1, 1)) : 80.08%
Density in Conv2d(256, 256, kernel_size=(3, 3), stride=(1, 1), padding=(1, 1)) : 79.98%
Density in Conv2d(1024, 512, kernel_size=(3, 3), stride=(1, 1), padding=(1, 1)) : 79.98%
Density in Conv2d(512, 512, kernel_size=(3, 3), stride=(1, 1), padding=(1, 1)) : 80.00%
loss:  1.209179507361518
acc:  0.6603264510631561
MIOU:  0.1600324897981987
Duration:  3.109285831451416

Saved model to /scratch/zs1542/CV-FinalProject/CVFramework/checkpoints/decoder_20.pth.

Density in ConvTranspose2d(128, 64, kernel_size=(2, 2), stride=(2, 2)) : 75.14%
Density in ConvTranspose2d(256, 128, kernel_size=(2, 2), stride=(2, 2)) : 75.12%
Density in ConvTranspose2d(512, 256, kernel_size=(2, 2), stride=(2, 2)) : 75.03%
Density in ConvTranspose2d(1024, 512, kernel_size=(2, 2), stride=(2, 2)) : 74.98%
Density in Conv2d(128, 64, kernel_size=(3, 3), stride=(1, 1), padding=(1, 1)) : 74.85%
Density in Conv2d(64, 64, kernel_size=(3, 3), stride=(1, 1), padding=(1, 1)) : 74.90%
Density in Conv2d(256, 128, kernel_size=(3, 3), stride=(1, 1), padding=(1, 1)) : 74.91%
Density in Conv2d(128, 128, kernel_size=(3, 3), stride=(1, 1), padding=(1, 1)) : 74.94%
Density in Conv2d(512, 256, kernel_size=(3, 3), stride=(1, 1), padding=(1, 1)) : 75.02%
Density in Conv2d(256, 256, kernel_size=(3, 3), stride=(1, 1), padding=(1, 1)) : 75.04%
Density in Conv2d(1024, 512, kernel_size=(3, 3), stride=(1, 1), padding=(1, 1)) : 75.00%
Density in Conv2d(512, 512, kernel_size=(3, 3), stride=(1, 1), padding=(1, 1)) : 75.01%
loss:  1.2847767803404067
acc:  0.6638393170303769
MIOU:  0.16471846830573847
Duration:  3.12282657623291

Saved model to /scratch/zs1542/CV-FinalProject/CVFramework/checkpoints/decoder_25.pth.

Density in ConvTranspose2d(128, 64, kernel_size=(2, 2), stride=(2, 2)) : 69.75%
Density in ConvTranspose2d(256, 128, kernel_size=(2, 2), stride=(2, 2)) : 69.87%
Density in ConvTranspose2d(512, 256, kernel_size=(2, 2), stride=(2, 2)) : 70.01%
Density in ConvTranspose2d(1024, 512, kernel_size=(2, 2), stride=(2, 2)) : 69.95%
Density in Conv2d(128, 64, kernel_size=(3, 3), stride=(1, 1), padding=(1, 1)) : 70.22%
Density in Conv2d(64, 64, kernel_size=(3, 3), stride=(1, 1), padding=(1, 1)) : 69.93%
Density in Conv2d(256, 128, kernel_size=(3, 3), stride=(1, 1), padding=(1, 1)) : 69.86%
Density in Conv2d(128, 128, kernel_size=(3, 3), stride=(1, 1), padding=(1, 1)) : 69.92%
Density in Conv2d(512, 256, kernel_size=(3, 3), stride=(1, 1), padding=(1, 1)) : 69.95%
Density in Conv2d(256, 256, kernel_size=(3, 3), stride=(1, 1), padding=(1, 1)) : 70.04%
Density in Conv2d(1024, 512, kernel_size=(3, 3), stride=(1, 1), padding=(1, 1)) : 70.04%
Density in Conv2d(512, 512, kernel_size=(3, 3), stride=(1, 1), padding=(1, 1)) : 70.01%
loss:  1.4226752320925395
acc:  0.6587293710973527
MIOU:  0.16815306452558443
Duration:  3.129235029220581

Saved model to /scratch/zs1542/CV-FinalProject/CVFramework/checkpoints/decoder_30.pth.

Density in ConvTranspose2d(128, 64, kernel_size=(2, 2), stride=(2, 2)) : 64.76%
Density in ConvTranspose2d(256, 128, kernel_size=(2, 2), stride=(2, 2)) : 64.89%
Density in ConvTranspose2d(512, 256, kernel_size=(2, 2), stride=(2, 2)) : 65.02%
Density in ConvTranspose2d(1024, 512, kernel_size=(2, 2), stride=(2, 2)) : 64.99%
Density in Conv2d(128, 64, kernel_size=(3, 3), stride=(1, 1), padding=(1, 1)) : 64.93%
Density in Conv2d(64, 64, kernel_size=(3, 3), stride=(1, 1), padding=(1, 1)) : 65.77%
Density in Conv2d(256, 128, kernel_size=(3, 3), stride=(1, 1), padding=(1, 1)) : 64.85%
Density in Conv2d(128, 128, kernel_size=(3, 3), stride=(1, 1), padding=(1, 1)) : 64.99%
Density in Conv2d(512, 256, kernel_size=(3, 3), stride=(1, 1), padding=(1, 1)) : 64.96%
Density in Conv2d(256, 256, kernel_size=(3, 3), stride=(1, 1), padding=(1, 1)) : 65.03%
Density in Conv2d(1024, 512, kernel_size=(3, 3), stride=(1, 1), padding=(1, 1)) : 65.00%
Density in Conv2d(512, 512, kernel_size=(3, 3), stride=(1, 1), padding=(1, 1)) : 65.02%
loss:  1.4696590436829462
acc:  0.6620556016763052
MIOU:  0.15752202758313558
Duration:  3.1022660732269287

Saved model to /scratch/zs1542/CV-FinalProject/CVFramework/checkpoints/decoder_35.pth.

Density in ConvTranspose2d(128, 64, kernel_size=(2, 2), stride=(2, 2)) : 59.86%
Density in ConvTranspose2d(256, 128, kernel_size=(2, 2), stride=(2, 2)) : 60.22%
Density in ConvTranspose2d(512, 256, kernel_size=(2, 2), stride=(2, 2)) : 59.94%
Density in ConvTranspose2d(1024, 512, kernel_size=(2, 2), stride=(2, 2)) : 59.98%
Density in Conv2d(128, 64, kernel_size=(3, 3), stride=(1, 1), padding=(1, 1)) : 59.86%
Density in Conv2d(64, 64, kernel_size=(3, 3), stride=(1, 1), padding=(1, 1)) : 60.04%
Density in Conv2d(256, 128, kernel_size=(3, 3), stride=(1, 1), padding=(1, 1)) : 60.07%
Density in Conv2d(128, 128, kernel_size=(3, 3), stride=(1, 1), padding=(1, 1)) : 60.02%
Density in Conv2d(512, 256, kernel_size=(3, 3), stride=(1, 1), padding=(1, 1)) : 60.00%
Density in Conv2d(256, 256, kernel_size=(3, 3), stride=(1, 1), padding=(1, 1)) : 59.92%
Density in Conv2d(1024, 512, kernel_size=(3, 3), stride=(1, 1), padding=(1, 1)) : 60.00%
Density in Conv2d(512, 512, kernel_size=(3, 3), stride=(1, 1), padding=(1, 1)) : 60.03%
loss:  1.5568360752529569
acc:  0.6545152995321486
MIOU:  0.15431569295213216
Duration:  3.066098690032959

Saved model to /scratch/zs1542/CV-FinalProject/CVFramework/checkpoints/decoder_40.pth.

Density in ConvTranspose2d(128, 64, kernel_size=(2, 2), stride=(2, 2)) : 55.27%
Density in ConvTranspose2d(256, 128, kernel_size=(2, 2), stride=(2, 2)) : 54.99%
Density in ConvTranspose2d(512, 256, kernel_size=(2, 2), stride=(2, 2)) : 55.08%
Density in ConvTranspose2d(1024, 512, kernel_size=(2, 2), stride=(2, 2)) : 55.03%
Density in Conv2d(128, 64, kernel_size=(3, 3), stride=(1, 1), padding=(1, 1)) : 54.74%
Density in Conv2d(64, 64, kernel_size=(3, 3), stride=(1, 1), padding=(1, 1)) : 55.30%
Density in Conv2d(256, 128, kernel_size=(3, 3), stride=(1, 1), padding=(1, 1)) : 54.93%
Density in Conv2d(128, 128, kernel_size=(3, 3), stride=(1, 1), padding=(1, 1)) : 54.95%
Density in Conv2d(512, 256, kernel_size=(3, 3), stride=(1, 1), padding=(1, 1)) : 54.98%
Density in Conv2d(256, 256, kernel_size=(3, 3), stride=(1, 1), padding=(1, 1)) : 54.97%
Density in Conv2d(1024, 512, kernel_size=(3, 3), stride=(1, 1), padding=(1, 1)) : 54.97%
Density in Conv2d(512, 512, kernel_size=(3, 3), stride=(1, 1), padding=(1, 1)) : 55.05%
loss:  1.721253964636061
acc:  0.6529217941893471
MIOU:  0.15599232764971793
Duration:  3.0817527770996094

Saved model to /scratch/zs1542/CV-FinalProject/CVFramework/checkpoints/decoder_45.pth.

Density in ConvTranspose2d(128, 64, kernel_size=(2, 2), stride=(2, 2)) : 49.95%
Density in ConvTranspose2d(256, 128, kernel_size=(2, 2), stride=(2, 2)) : 50.09%
Density in ConvTranspose2d(512, 256, kernel_size=(2, 2), stride=(2, 2)) : 50.07%
Density in ConvTranspose2d(1024, 512, kernel_size=(2, 2), stride=(2, 2)) : 50.05%
Density in Conv2d(128, 64, kernel_size=(3, 3), stride=(1, 1), padding=(1, 1)) : 49.75%
Density in Conv2d(64, 64, kernel_size=(3, 3), stride=(1, 1), padding=(1, 1)) : 49.88%
Density in Conv2d(256, 128, kernel_size=(3, 3), stride=(1, 1), padding=(1, 1)) : 50.06%
Density in Conv2d(128, 128, kernel_size=(3, 3), stride=(1, 1), padding=(1, 1)) : 50.24%
Density in Conv2d(512, 256, kernel_size=(3, 3), stride=(1, 1), padding=(1, 1)) : 49.99%
Density in Conv2d(256, 256, kernel_size=(3, 3), stride=(1, 1), padding=(1, 1)) : 49.83%
Density in Conv2d(1024, 512, kernel_size=(3, 3), stride=(1, 1), padding=(1, 1)) : 49.99%
Density in Conv2d(512, 512, kernel_size=(3, 3), stride=(1, 1), padding=(1, 1)) : 50.00%
loss:  1.8596904277801514
acc:  0.6494432224167718
MIOU:  0.14213772426544838
Duration:  3.1506333351135254

Saved model to /scratch/zs1542/CV-FinalProject/CVFramework/checkpoints/decoder_50.pth.

Density in ConvTranspose2d(128, 64, kernel_size=(2, 2), stride=(2, 2)) : 45.30%
Density in ConvTranspose2d(256, 128, kernel_size=(2, 2), stride=(2, 2)) : 44.83%
Density in ConvTranspose2d(512, 256, kernel_size=(2, 2), stride=(2, 2)) : 44.97%
Density in ConvTranspose2d(1024, 512, kernel_size=(2, 2), stride=(2, 2)) : 44.94%
Density in Conv2d(128, 64, kernel_size=(3, 3), stride=(1, 1), padding=(1, 1)) : 45.13%
Density in Conv2d(64, 64, kernel_size=(3, 3), stride=(1, 1), padding=(1, 1)) : 45.17%
Density in Conv2d(256, 128, kernel_size=(3, 3), stride=(1, 1), padding=(1, 1)) : 44.90%
Density in Conv2d(128, 128, kernel_size=(3, 3), stride=(1, 1), padding=(1, 1)) : 44.93%
Density in Conv2d(512, 256, kernel_size=(3, 3), stride=(1, 1), padding=(1, 1)) : 45.01%
Density in Conv2d(256, 256, kernel_size=(3, 3), stride=(1, 1), padding=(1, 1)) : 45.12%
Density in Conv2d(1024, 512, kernel_size=(3, 3), stride=(1, 1), padding=(1, 1)) : 45.02%
Density in Conv2d(512, 512, kernel_size=(3, 3), stride=(1, 1), padding=(1, 1)) : 45.00%
loss:  2.0579531126552157
acc:  0.6354885862933265
MIOU:  0.1321206201053377
Duration:  3.072906017303467

Saved model to /scratch/zs1542/CV-FinalProject/CVFramework/checkpoints/decoder_55.pth.

Density in ConvTranspose2d(128, 64, kernel_size=(2, 2), stride=(2, 2)) : 40.27%
Density in ConvTranspose2d(256, 128, kernel_size=(2, 2), stride=(2, 2)) : 40.16%
Density in ConvTranspose2d(512, 256, kernel_size=(2, 2), stride=(2, 2)) : 40.03%
Density in ConvTranspose2d(1024, 512, kernel_size=(2, 2), stride=(2, 2)) : 40.07%
Density in Conv2d(128, 64, kernel_size=(3, 3), stride=(1, 1), padding=(1, 1)) : 40.08%
Density in Conv2d(64, 64, kernel_size=(3, 3), stride=(1, 1), padding=(1, 1)) : 40.29%
Density in Conv2d(256, 128, kernel_size=(3, 3), stride=(1, 1), padding=(1, 1)) : 39.90%
Density in Conv2d(128, 128, kernel_size=(3, 3), stride=(1, 1), padding=(1, 1)) : 40.04%
Density in Conv2d(512, 256, kernel_size=(3, 3), stride=(1, 1), padding=(1, 1)) : 40.04%
Density in Conv2d(256, 256, kernel_size=(3, 3), stride=(1, 1), padding=(1, 1)) : 39.96%
Density in Conv2d(1024, 512, kernel_size=(3, 3), stride=(1, 1), padding=(1, 1)) : 39.97%
Density in Conv2d(512, 512, kernel_size=(3, 3), stride=(1, 1), padding=(1, 1)) : 39.97%
loss:  2.25116675429874
acc:  0.6277796063158247
MIOU:  0.12678017197269675
Duration:  3.0644543170928955

Saved model to /scratch/zs1542/CV-FinalProject/CVFramework/checkpoints/decoder_60.pth.

Density in ConvTranspose2d(128, 64, kernel_size=(2, 2), stride=(2, 2)) : 34.95%
Density in ConvTranspose2d(256, 128, kernel_size=(2, 2), stride=(2, 2)) : 34.99%
Density in ConvTranspose2d(512, 256, kernel_size=(2, 2), stride=(2, 2)) : 35.10%
Density in ConvTranspose2d(1024, 512, kernel_size=(2, 2), stride=(2, 2)) : 35.00%
Density in Conv2d(128, 64, kernel_size=(3, 3), stride=(1, 1), padding=(1, 1)) : 34.85%
Density in Conv2d(64, 64, kernel_size=(3, 3), stride=(1, 1), padding=(1, 1)) : 35.14%
Density in Conv2d(256, 128, kernel_size=(3, 3), stride=(1, 1), padding=(1, 1)) : 34.98%
Density in Conv2d(128, 128, kernel_size=(3, 3), stride=(1, 1), padding=(1, 1)) : 35.01%
Density in Conv2d(512, 256, kernel_size=(3, 3), stride=(1, 1), padding=(1, 1)) : 35.04%
Density in Conv2d(256, 256, kernel_size=(3, 3), stride=(1, 1), padding=(1, 1)) : 35.01%
Density in Conv2d(1024, 512, kernel_size=(3, 3), stride=(1, 1), padding=(1, 1)) : 34.98%
Density in Conv2d(512, 512, kernel_size=(3, 3), stride=(1, 1), padding=(1, 1)) : 35.01%
loss:  2.3390486770206027
acc:  0.6204250984721713
MIOU:  0.1303338095182151
Duration:  3.105943202972412

Saved model to /scratch/zs1542/CV-FinalProject/CVFramework/checkpoints/decoder_65.pth.

Density in ConvTranspose2d(128, 64, kernel_size=(2, 2), stride=(2, 2)) : 29.93%
Density in ConvTranspose2d(256, 128, kernel_size=(2, 2), stride=(2, 2)) : 30.00%
Density in ConvTranspose2d(512, 256, kernel_size=(2, 2), stride=(2, 2)) : 29.93%
Density in ConvTranspose2d(1024, 512, kernel_size=(2, 2), stride=(2, 2)) : 30.01%
Density in Conv2d(128, 64, kernel_size=(3, 3), stride=(1, 1), padding=(1, 1)) : 30.14%
Density in Conv2d(64, 64, kernel_size=(3, 3), stride=(1, 1), padding=(1, 1)) : 30.19%
Density in Conv2d(256, 128, kernel_size=(3, 3), stride=(1, 1), padding=(1, 1)) : 29.84%
Density in Conv2d(128, 128, kernel_size=(3, 3), stride=(1, 1), padding=(1, 1)) : 30.20%
Density in Conv2d(512, 256, kernel_size=(3, 3), stride=(1, 1), padding=(1, 1)) : 29.96%
Density in Conv2d(256, 256, kernel_size=(3, 3), stride=(1, 1), padding=(1, 1)) : 30.06%
Density in Conv2d(1024, 512, kernel_size=(3, 3), stride=(1, 1), padding=(1, 1)) : 29.99%
Density in Conv2d(512, 512, kernel_size=(3, 3), stride=(1, 1), padding=(1, 1)) : 30.03%
loss:  2.5114257997936673
acc:  0.5882456815905042
MIOU:  0.11955107611082834
Duration:  3.0929315090179443

Saved model to /scratch/zs1542/CV-FinalProject/CVFramework/checkpoints/decoder_70.pth.

Density in ConvTranspose2d(128, 64, kernel_size=(2, 2), stride=(2, 2)) : 24.68%
Density in ConvTranspose2d(256, 128, kernel_size=(2, 2), stride=(2, 2)) : 24.87%
Density in ConvTranspose2d(512, 256, kernel_size=(2, 2), stride=(2, 2)) : 25.03%
Density in ConvTranspose2d(1024, 512, kernel_size=(2, 2), stride=(2, 2)) : 25.00%
Density in Conv2d(128, 64, kernel_size=(3, 3), stride=(1, 1), padding=(1, 1)) : 24.77%
Density in Conv2d(64, 64, kernel_size=(3, 3), stride=(1, 1), padding=(1, 1)) : 25.35%
Density in Conv2d(256, 128, kernel_size=(3, 3), stride=(1, 1), padding=(1, 1)) : 24.84%
Density in Conv2d(128, 128, kernel_size=(3, 3), stride=(1, 1), padding=(1, 1)) : 25.09%
Density in Conv2d(512, 256, kernel_size=(3, 3), stride=(1, 1), padding=(1, 1)) : 24.96%
Density in Conv2d(256, 256, kernel_size=(3, 3), stride=(1, 1), padding=(1, 1)) : 25.00%
Density in Conv2d(1024, 512, kernel_size=(3, 3), stride=(1, 1), padding=(1, 1)) : 25.01%
Density in Conv2d(512, 512, kernel_size=(3, 3), stride=(1, 1), padding=(1, 1)) : 25.03%
loss:  2.650166286362542
acc:  0.5582975712087419
MIOU:  0.09039948467574549
Duration:  3.0817394256591797

Saved model to /scratch/zs1542/CV-FinalProject/CVFramework/checkpoints/decoder_75.pth.

Density in ConvTranspose2d(128, 64, kernel_size=(2, 2), stride=(2, 2)) : 20.10%
Density in ConvTranspose2d(256, 128, kernel_size=(2, 2), stride=(2, 2)) : 20.03%
Density in ConvTranspose2d(512, 256, kernel_size=(2, 2), stride=(2, 2)) : 20.09%
Density in ConvTranspose2d(1024, 512, kernel_size=(2, 2), stride=(2, 2)) : 20.05%
Density in Conv2d(128, 64, kernel_size=(3, 3), stride=(1, 1), padding=(1, 1)) : 19.85%
Density in Conv2d(64, 64, kernel_size=(3, 3), stride=(1, 1), padding=(1, 1)) : 20.31%
Density in Conv2d(256, 128, kernel_size=(3, 3), stride=(1, 1), padding=(1, 1)) : 19.94%
Density in Conv2d(128, 128, kernel_size=(3, 3), stride=(1, 1), padding=(1, 1)) : 19.98%
Density in Conv2d(512, 256, kernel_size=(3, 3), stride=(1, 1), padding=(1, 1)) : 19.95%
Density in Conv2d(256, 256, kernel_size=(3, 3), stride=(1, 1), padding=(1, 1)) : 19.94%
Density in Conv2d(1024, 512, kernel_size=(3, 3), stride=(1, 1), padding=(1, 1)) : 20.01%
Density in Conv2d(512, 512, kernel_size=(3, 3), stride=(1, 1), padding=(1, 1)) : 19.96%
loss:  2.793925404548645
acc:  0.5107262697484758
MIOU:  0.07194406016074323
Duration:  3.058704376220703

Saved model to /scratch/zs1542/CV-FinalProject/CVFramework/checkpoints/decoder_80.pth.

Density in ConvTranspose2d(128, 64, kernel_size=(2, 2), stride=(2, 2)) : 15.31%
Density in ConvTranspose2d(256, 128, kernel_size=(2, 2), stride=(2, 2)) : 15.23%
Density in ConvTranspose2d(512, 256, kernel_size=(2, 2), stride=(2, 2)) : 15.00%
Density in ConvTranspose2d(1024, 512, kernel_size=(2, 2), stride=(2, 2)) : 14.99%
Density in Conv2d(128, 64, kernel_size=(3, 3), stride=(1, 1), padding=(1, 1)) : 15.03%
Density in Conv2d(64, 64, kernel_size=(3, 3), stride=(1, 1), padding=(1, 1)) : 15.26%
Density in Conv2d(256, 128, kernel_size=(3, 3), stride=(1, 1), padding=(1, 1)) : 15.00%
Density in Conv2d(128, 128, kernel_size=(3, 3), stride=(1, 1), padding=(1, 1)) : 14.87%
Density in Conv2d(512, 256, kernel_size=(3, 3), stride=(1, 1), padding=(1, 1)) : 14.99%
Density in Conv2d(256, 256, kernel_size=(3, 3), stride=(1, 1), padding=(1, 1)) : 14.97%
Density in Conv2d(1024, 512, kernel_size=(3, 3), stride=(1, 1), padding=(1, 1)) : 15.00%
Density in Conv2d(512, 512, kernel_size=(3, 3), stride=(1, 1), padding=(1, 1)) : 15.00%
loss:  2.8510570658577814
acc:  0.4538953834109836
MIOU:  0.048971850263559075
Duration:  3.0731236934661865

Saved model to /scratch/zs1542/CV-FinalProject/CVFramework/checkpoints/decoder_85.pth.

Density in ConvTranspose2d(128, 64, kernel_size=(2, 2), stride=(2, 2)) : 9.89%
Density in ConvTranspose2d(256, 128, kernel_size=(2, 2), stride=(2, 2)) : 9.90%
Density in ConvTranspose2d(512, 256, kernel_size=(2, 2), stride=(2, 2)) : 9.93%
Density in ConvTranspose2d(1024, 512, kernel_size=(2, 2), stride=(2, 2)) : 9.98%
Density in Conv2d(128, 64, kernel_size=(3, 3), stride=(1, 1), padding=(1, 1)) : 9.86%
Density in Conv2d(64, 64, kernel_size=(3, 3), stride=(1, 1), padding=(1, 1)) : 9.83%
Density in Conv2d(256, 128, kernel_size=(3, 3), stride=(1, 1), padding=(1, 1)) : 10.03%
Density in Conv2d(128, 128, kernel_size=(3, 3), stride=(1, 1), padding=(1, 1)) : 10.14%
Density in Conv2d(512, 256, kernel_size=(3, 3), stride=(1, 1), padding=(1, 1)) : 10.03%
Density in Conv2d(256, 256, kernel_size=(3, 3), stride=(1, 1), padding=(1, 1)) : 10.03%
Density in Conv2d(1024, 512, kernel_size=(3, 3), stride=(1, 1), padding=(1, 1)) : 10.02%
Density in Conv2d(512, 512, kernel_size=(3, 3), stride=(1, 1), padding=(1, 1)) : 9.98%
loss:  2.9912854035695395
acc:  0.40122463347183335
MIOU:  0.024312502137641166
Duration:  3.067716121673584

Saved model to /scratch/zs1542/CV-FinalProject/CVFramework/checkpoints/decoder_90.pth.

Density in ConvTranspose2d(128, 64, kernel_size=(2, 2), stride=(2, 2)) : 5.12%
Density in ConvTranspose2d(256, 128, kernel_size=(2, 2), stride=(2, 2)) : 5.03%
Density in ConvTranspose2d(512, 256, kernel_size=(2, 2), stride=(2, 2)) : 4.99%
Density in ConvTranspose2d(1024, 512, kernel_size=(2, 2), stride=(2, 2)) : 4.98%
Density in Conv2d(128, 64, kernel_size=(3, 3), stride=(1, 1), padding=(1, 1)) : 5.02%
Density in Conv2d(64, 64, kernel_size=(3, 3), stride=(1, 1), padding=(1, 1)) : 5.16%
Density in Conv2d(256, 128, kernel_size=(3, 3), stride=(1, 1), padding=(1, 1)) : 4.97%
Density in Conv2d(128, 128, kernel_size=(3, 3), stride=(1, 1), padding=(1, 1)) : 5.10%
Density in Conv2d(512, 256, kernel_size=(3, 3), stride=(1, 1), padding=(1, 1)) : 4.99%
Density in Conv2d(256, 256, kernel_size=(3, 3), stride=(1, 1), padding=(1, 1)) : 5.09%
Density in Conv2d(1024, 512, kernel_size=(3, 3), stride=(1, 1), padding=(1, 1)) : 4.99%
Density in Conv2d(512, 512, kernel_size=(3, 3), stride=(1, 1), padding=(1, 1)) : 5.00%
loss:  3.027587890625
acc:  0.4012259989976883
MIOU:  0.023116695340722315
Duration:  3.051192045211792

Saved model to /scratch/zs1542/CV-FinalProject/CVFramework/checkpoints/decoder_95.pth.

Density in ConvTranspose2d(128, 64, kernel_size=(2, 2), stride=(2, 2)) : 0.00%
Density in ConvTranspose2d(256, 128, kernel_size=(2, 2), stride=(2, 2)) : 0.00%
Density in ConvTranspose2d(512, 256, kernel_size=(2, 2), stride=(2, 2)) : 0.00%
Density in ConvTranspose2d(1024, 512, kernel_size=(2, 2), stride=(2, 2)) : 0.00%
Density in Conv2d(128, 64, kernel_size=(3, 3), stride=(1, 1), padding=(1, 1)) : 0.00%
Density in Conv2d(64, 64, kernel_size=(3, 3), stride=(1, 1), padding=(1, 1)) : 0.00%
Density in Conv2d(256, 128, kernel_size=(3, 3), stride=(1, 1), padding=(1, 1)) : 0.00%
Density in Conv2d(128, 128, kernel_size=(3, 3), stride=(1, 1), padding=(1, 1)) : 0.00%
Density in Conv2d(512, 256, kernel_size=(3, 3), stride=(1, 1), padding=(1, 1)) : 0.00%
Density in Conv2d(256, 256, kernel_size=(3, 3), stride=(1, 1), padding=(1, 1)) : 0.00%
Density in Conv2d(1024, 512, kernel_size=(3, 3), stride=(1, 1), padding=(1, 1)) : 0.00%
Density in Conv2d(512, 512, kernel_size=(3, 3), stride=(1, 1), padding=(1, 1)) : 0.00%
loss:  3.060556266042921
acc:  0.4012259989976883
MIOU:  0.023149378586537435
Duration:  3.0449931621551514

Saved model to /scratch/zs1542/CV-FinalProject/CVFramework/checkpoints/decoder_100.pth.

{0.0: (1.0848797510067623, 0.6667152725987964, 0.16679362278390178, 3.069218158721924), 0.05: (1.0990838077333238, 0.6651310953829024, 0.1576134810338163, 3.0778119564056396), 0.1: (1.132684028810925, 0.6648931735091739, 0.1630222032121479, 3.1609504222869873), 0.15000000000000002: (1.1546106768978968, 0.6631350682841407, 0.15698791965480552, 3.104065418243408), 0.2: (1.209179507361518, 0.6603264510631561, 0.1600324897981987, 3.109285831451416), 0.25: (1.2847767803404067, 0.6638393170303769, 0.16471846830573847, 3.12282657623291), 0.30000000000000004: (1.4226752320925395, 0.6587293710973527, 0.16815306452558443, 3.129235029220581), 0.35000000000000003: (1.4696590436829462, 0.6620556016763052, 0.15752202758313558, 3.1022660732269287), 0.4: (1.5568360752529569, 0.6545152995321486, 0.15431569295213216, 3.066098690032959), 0.45: (1.721253964636061, 0.6529217941893471, 0.15599232764971793, 3.0817527770996094), 0.5: (1.8596904277801514, 0.6494432224167718, 0.14213772426544838, 3.1506333351135254), 0.55: (2.0579531126552157, 0.6354885862933265, 0.1321206201053377, 3.072906017303467), 0.6000000000000001: (2.25116675429874, 0.6277796063158247, 0.12678017197269675, 3.0644543170928955), 0.65: (2.3390486770206027, 0.6204250984721713, 0.1303338095182151, 3.105943202972412), 0.7000000000000001: (2.5114257997936673, 0.5882456815905042, 0.11955107611082834, 3.0929315090179443), 0.75: (2.650166286362542, 0.5582975712087419, 0.09039948467574549, 3.0817394256591797), 0.8: (2.793925404548645, 0.5107262697484758, 0.07194406016074323, 3.058704376220703), 0.8500000000000001: (2.8510570658577814, 0.4538953834109836, 0.048971850263559075, 3.0731236934661865), 0.9: (2.9912854035695395, 0.40122463347183335, 0.024312502137641166, 3.067716121673584), 0.9500000000000001: (3.027587890625, 0.4012259989976883, 0.023116695340722315, 3.051192045211792), 1.0: (3.060556266042921, 0.4012259989976883, 0.023149378586537435, 3.0449931621551514)}
FINISH
