Your NetID is: zs1542
Your environment is: py38
start training
Loss Decreasing.. inf >> 4.886 
Epoch:1/30.. Train Loss: 3.081.. Val Loss: 4.886.. Train mIoU:0.013.. Val mIoU: 0.071.. Train Acc:0.193.. Val Acc:0.426.. Time: 2.54m

Saved model to /scratch/zs1542/CV-FinalProject/CVFramework/checkpoints/Unet_0.pth.

Loss Decreasing.. 4.886 >> 4.432 
Epoch:2/30.. Train Loss: 2.466.. Val Loss: 4.432.. Train mIoU:0.021.. Val mIoU: 0.089.. Train Acc:0.341.. Val Acc:0.483.. Time: 2.50m

Saved model to /scratch/zs1542/CV-FinalProject/CVFramework/checkpoints/Unet_1.pth.

Loss Decreasing.. 4.432 >> 4.404 
Epoch:3/30.. Train Loss: 2.199.. Val Loss: 4.404.. Train mIoU:0.028.. Val mIoU: 0.108.. Train Acc:0.371.. Val Acc:0.529.. Time: 2.46m

Saved model to /scratch/zs1542/CV-FinalProject/CVFramework/checkpoints/Unet_2.pth.

Loss Decreasing.. 4.404 >> 3.321 
Epoch:4/30.. Train Loss: 1.947.. Val Loss: 3.321.. Train mIoU:0.054.. Val mIoU: 0.116.. Train Acc:0.495.. Val Acc:0.561.. Time: 2.43m

Saved model to /scratch/zs1542/CV-FinalProject/CVFramework/checkpoints/Unet_3.pth.

Loss Decreasing.. 3.321 >> 2.974 
Epoch:5/30.. Train Loss: 1.666.. Val Loss: 2.974.. Train mIoU:0.063.. Val mIoU: 0.125.. Train Acc:0.527.. Val Acc:0.611.. Time: 2.40m

Saved model to /scratch/zs1542/CV-FinalProject/CVFramework/checkpoints/Unet_4.pth.

Loss Decreasing.. 2.974 >> 2.742 
Epoch:6/30.. Train Loss: 1.543.. Val Loss: 2.742.. Train mIoU:0.070.. Val mIoU: 0.137.. Train Acc:0.536.. Val Acc:0.583.. Time: 2.38m

Saved model to /scratch/zs1542/CV-FinalProject/CVFramework/checkpoints/Unet_5.pth.

Loss Not Decrease for 1 time
Epoch:7/30.. Train Loss: 1.476.. Val Loss: 2.855.. Train mIoU:0.093.. Val mIoU: 0.159.. Train Acc:0.553.. Val Acc:0.602.. Time: 2.37m

Saved model to /scratch/zs1542/CV-FinalProject/CVFramework/checkpoints/Unet_6.pth.

Loss Not Decrease for 2 time
Epoch:8/30.. Train Loss: 2.125.. Val Loss: 4.243.. Train mIoU:0.103.. Val mIoU: 0.072.. Train Acc:0.529.. Val Acc:0.425.. Time: 2.29m

Saved model to /scratch/zs1542/CV-FinalProject/CVFramework/checkpoints/Unet_7.pth.

Loss Not Decrease for 3 time
Epoch:9/30.. Train Loss: 3.772.. Val Loss: 5.197.. Train mIoU:0.018.. Val mIoU: 0.064.. Train Acc:0.228.. Val Acc:0.288.. Time: 2.23m

Saved model to /scratch/zs1542/CV-FinalProject/CVFramework/checkpoints/Unet_8.pth.

Loss Decreasing.. 5.197 >> 3.819 
Epoch:10/30.. Train Loss: 2.179.. Val Loss: 3.819.. Train mIoU:0.024.. Val mIoU: 0.078.. Train Acc:0.340.. Val Acc:0.449.. Time: 2.36m

Saved model to /scratch/zs1542/CV-FinalProject/CVFramework/checkpoints/Unet_9.pth.

Loss Decreasing.. 3.819 >> 3.317 
Epoch:11/30.. Train Loss: 1.900.. Val Loss: 3.317.. Train mIoU:0.046.. Val mIoU: 0.102.. Train Acc:0.473.. Val Acc:0.542.. Time: 2.36m

Saved model to /scratch/zs1542/CV-FinalProject/CVFramework/checkpoints/Unet_10.pth.

Loss Decreasing.. 3.317 >> 3.286 
Epoch:12/30.. Train Loss: 1.720.. Val Loss: 3.286.. Train mIoU:0.055.. Val mIoU: 0.113.. Train Acc:0.517.. Val Acc:0.580.. Time: 2.34m

Saved model to /scratch/zs1542/CV-FinalProject/CVFramework/checkpoints/Unet_11.pth.

Loss Decreasing.. 3.286 >> 3.177 
Epoch:13/30.. Train Loss: 1.692.. Val Loss: 3.177.. Train mIoU:0.062.. Val mIoU: 0.107.. Train Acc:0.523.. Val Acc:0.581.. Time: 2.34m

Saved model to /scratch/zs1542/CV-FinalProject/CVFramework/checkpoints/Unet_12.pth.

Loss Decreasing.. 3.177 >> 3.004 
Epoch:14/30.. Train Loss: 1.606.. Val Loss: 3.004.. Train mIoU:0.067.. Val mIoU: 0.120.. Train Acc:0.536.. Val Acc:0.554.. Time: 2.36m

Saved model to /scratch/zs1542/CV-FinalProject/CVFramework/checkpoints/Unet_13.pth.

Loss Decreasing.. 3.004 >> 2.920 
Epoch:15/30.. Train Loss: 1.550.. Val Loss: 2.920.. Train mIoU:0.074.. Val mIoU: 0.112.. Train Acc:0.546.. Val Acc:0.590.. Time: 2.36m

Saved model to /scratch/zs1542/CV-FinalProject/CVFramework/checkpoints/Unet_14.pth.

Loss Decreasing.. 2.920 >> 2.791 
Epoch:16/30.. Train Loss: 1.474.. Val Loss: 2.791.. Train mIoU:0.085.. Val mIoU: 0.149.. Train Acc:0.548.. Val Acc:0.598.. Time: 2.34m

Saved model to /scratch/zs1542/CV-FinalProject/CVFramework/checkpoints/Unet_15.pth.

Loss Decreasing.. 2.791 >> 2.592 
Epoch:17/30.. Train Loss: 1.415.. Val Loss: 2.592.. Train mIoU:0.096.. Val mIoU: 0.141.. Train Acc:0.565.. Val Acc:0.607.. Time: 2.25m

Saved model to /scratch/zs1542/CV-FinalProject/CVFramework/checkpoints/Unet_16.pth.

Loss Decreasing.. 2.592 >> 2.544 
Epoch:18/30.. Train Loss: 1.394.. Val Loss: 2.544.. Train mIoU:0.113.. Val mIoU: 0.167.. Train Acc:0.567.. Val Acc:0.640.. Time: 2.39m

Saved model to /scratch/zs1542/CV-FinalProject/CVFramework/checkpoints/Unet_17.pth.

Loss Decreasing.. 2.544 >> 2.490 
Epoch:19/30.. Train Loss: 1.346.. Val Loss: 2.490.. Train mIoU:0.120.. Val mIoU: 0.190.. Train Acc:0.578.. Val Acc:0.612.. Time: 2.47m

Saved model to /scratch/zs1542/CV-FinalProject/CVFramework/checkpoints/Unet_18.pth.

Loss Decreasing.. 2.490 >> 2.381 
Epoch:20/30.. Train Loss: 1.312.. Val Loss: 2.381.. Train mIoU:0.132.. Val mIoU: 0.179.. Train Acc:0.591.. Val Acc:0.648.. Time: 2.48m

Saved model to /scratch/zs1542/CV-FinalProject/CVFramework/checkpoints/Unet_19.pth.

Loss Not Decrease for 4 time
Epoch:21/30.. Train Loss: 1.301.. Val Loss: 2.404.. Train mIoU:0.141.. Val mIoU: 0.175.. Train Acc:0.595.. Val Acc:0.655.. Time: 2.38m

Saved model to /scratch/zs1542/CV-FinalProject/CVFramework/checkpoints/Unet_20.pth.

Loss Decreasing.. 2.404 >> 2.358 
Epoch:22/30.. Train Loss: 1.278.. Val Loss: 2.358.. Train mIoU:0.145.. Val mIoU: 0.193.. Train Acc:0.602.. Val Acc:0.648.. Time: 2.35m

Saved model to /scratch/zs1542/CV-FinalProject/CVFramework/checkpoints/Unet_21.pth.

Loss Decreasing.. 2.358 >> 2.350 
Epoch:23/30.. Train Loss: 1.251.. Val Loss: 2.350.. Train mIoU:0.156.. Val mIoU: 0.207.. Train Acc:0.611.. Val Acc:0.638.. Time: 2.34m

Saved model to /scratch/zs1542/CV-FinalProject/CVFramework/checkpoints/Unet_22.pth.

Loss Decreasing.. 2.350 >> 2.306 
Epoch:24/30.. Train Loss: 1.246.. Val Loss: 2.306.. Train mIoU:0.159.. Val mIoU: 0.194.. Train Acc:0.612.. Val Acc:0.642.. Time: 2.34m

Saved model to /scratch/zs1542/CV-FinalProject/CVFramework/checkpoints/Unet_23.pth.

Loss Not Decrease for 5 time
Epoch:25/30.. Train Loss: 1.235.. Val Loss: 2.313.. Train mIoU:0.155.. Val mIoU: 0.192.. Train Acc:0.617.. Val Acc:0.648.. Time: 2.36m

Saved model to /scratch/zs1542/CV-FinalProject/CVFramework/checkpoints/Unet_24.pth.

Loss Decreasing.. 2.313 >> 2.302 
Epoch:26/30.. Train Loss: 1.242.. Val Loss: 2.302.. Train mIoU:0.159.. Val mIoU: 0.198.. Train Acc:0.621.. Val Acc:0.652.. Time: 2.38m

Saved model to /scratch/zs1542/CV-FinalProject/CVFramework/checkpoints/Unet_25.pth.

Loss Decreasing.. 2.302 >> 2.287 
Epoch:27/30.. Train Loss: 1.219.. Val Loss: 2.287.. Train mIoU:0.161.. Val mIoU: 0.201.. Train Acc:0.628.. Val Acc:0.658.. Time: 2.30m

Saved model to /scratch/zs1542/CV-FinalProject/CVFramework/checkpoints/Unet_26.pth.

Loss Decreasing.. 2.287 >> 2.283 
Epoch:28/30.. Train Loss: 1.201.. Val Loss: 2.283.. Train mIoU:0.165.. Val mIoU: 0.211.. Train Acc:0.637.. Val Acc:0.660.. Time: 2.38m

Saved model to /scratch/zs1542/CV-FinalProject/CVFramework/checkpoints/Unet_27.pth.

Loss Decreasing.. 2.283 >> 2.280 
Epoch:29/30.. Train Loss: 1.217.. Val Loss: 2.280.. Train mIoU:0.164.. Val mIoU: 0.204.. Train Acc:0.634.. Val Acc:0.661.. Time: 2.41m

Saved model to /scratch/zs1542/CV-FinalProject/CVFramework/checkpoints/Unet_28.pth.

Loss Decreasing.. 2.280 >> 2.278 
Epoch:30/30.. Train Loss: 1.208.. Val Loss: 2.278.. Train mIoU:0.165.. Val mIoU: 0.201.. Train Acc:0.636.. Val Acc:0.660.. Time: 2.35m

Saved model to /scratch/zs1542/CV-FinalProject/CVFramework/checkpoints/Unet_29.pth.

Total time: 71.32 m
FINISH
